0 1 0
1 0 6
2 0 0
3 2 0
4 3 0
5 9 0
6 7 6
7 0 2
8 4 0
9 1 6
10 5 0
11 6 2
12 10 6
13 4 2
14 11 0
15 13 2
16 8 6
17 2 2
18 3 1
19 8 0
20 13 0
21 11 3
22 12 4
23 10 5
24 7 4
25 12 6
26 11 4
27 14 2
28 8 4
29 15 5
30 5 5
31 6 0
32 1 4
33 4 3
34 12 1
35 5 1
36 16 1
37 3 2
38 11 5
39 14 6
40 3 5
41 12 0
42 9 4
43 7 1
44 17 4
45 11 2
46 19 6
47 1 2
48 11 1
49 10 0
50 7 2
51 9 2
52 13 1
53 16 0
54 15 6
55 4 6
56 13 6
57 14 1
58 7 5
59 2 1
60 10 2
61 17 6
62 20 4
63 6 6
64 6 4
65 3 6
66 21 1
67 20 6
68 16 4
69 2 3
70 5 2
71 12 5
72 18 2
73 7 0
74 13 5
75 18 1
76 17 2
77 18 4
78 0 4
79 9 1
80 10 3
81 18 6
82 9 3
83 19 2
84 22 4
85 19 0
86 26 0
87 15 1
88 4 4
89 25 1
90 12 2
91 17 0
92 16 5
93 9 5
94 5 3
95 26 2
96 24 0
97 25 6
98 23 5
99 19 1
100 26 6
101 27 6
102 22 0
103 27 1
104 15 4
105 6 5
106 29 0
107 26 4
108 25 0
109 2 4
110 18 3
111 29 3
112 1 5
113 0 5
114 14 5
115 25 4
116 4 5
117 10 4
118 28 1
119 23 2
120 20 5
121 19 5
122 3 3
123 28 6
124 26 3
125 30 1
126 1 1
127 23 0
128 16 6
129 20 0
130 14 0
131 33 0
132 4 1
133 21 4
134 26 1
135 10 1
136 30 6
137 21 3
138 28 0
139 34 2
140 32 6
141 25 2
142 22 3
143 33 3
144 36 4
145 37 1
146 31 0
147 23 3
148 12 3
149 14 3
150 16 3
151 28 2
152 21 0
153 20 3
154 35 3
155 35 0
156 21 6
157 6 3
158 27 4
159 0 3
160 30 4
161 19 3
162 22 5
163 5 6
164 5 4
165 19 4
166 15 0
167 35 1
168 30 0
169 38 0
170 39 0
171 33 2
172 36 0
173 15 2
174 75 2
175 20 2
176 29 1
177 35 2
178 33 5
179 11 6
180 3 4
181 17 3
182 24 3
183 31 5
184 28 3
185 25 3
186 36 1
187 38 3
188 23 1
189 41 1
190 21 5
191 29 5
192 33 1
193 37 3
194 39 6
195 42 0
196 24 6
197 74 0
198 41 2
199 38 1
200 43 0
201 45 4
202 8 2
203 73 3
204 42 6
205 2 6
206 40 2
207 45 5
208 16 2
209 32 4
210 30 2
211 48 2
212 42 2
213 0 1
214 22 2
215 83 5
216 40 6
217 47 5
218 49 0
219 33 4
220 34 1
221 35 5
222 37 5
223 43 6
224 13 4
225 2 5
226 49 2
227 51 4
228 66 3
229 42 1
230 27 2
231 9 6
232 52 5
233 43 5
234 54 4
235 31 2
236 63 4
237 29 2
238 23 4
239 65 5
240 35 6
241 31 6
242 62 0
243 69 0
244 62 2
245 51 1
246 49 4
247 37 0
248 45 6
249 46 0
250 74 2
251 54 2
252 8 3
253 50 3
254 64 3
255 80 5
256 14 4
257 36 5
258 45 1
259 39 3
260 32 2
261 24 2
262 38 6
263 60 1
264 48 0
265 69 4
266 61 2
267 72 1
268 32 3
269 50 5
270 78 3
271 56 2
272 39 4
273 55 4
274 71 6
275 55 6
276 45 3
277 27 3
278 67 1
279 46 5
280 18 0
281 51 6
282 52 6
283 47 0
284 48 6
285 56 6
286 29 4
287 46 4
288 55 3
289 39 1
290 66 1
291 46 2
292 41 6
293 8 5
294 37 6
295 53 4
296 31 1
297 52 0
298 58 2
299 60 6
300 24 1
301 34 3
302 59 0
303 42 3
304 78 2
305 17 5
306 53 0
307 64 4
308 51 3
309 62 5
310 22 6
311 64 1
312 17 1
313 57 3
314 34 5
315 40 4
316 65 3
317 13 3
318 34 6
319 49 6
320 46 1
321 63 0
322 38 4
323 63 6
324 36 3
325 21 2
326 27 5
327 41 3
328 57 4
329 57 5
330 28 5
331 56 3
332 7 3
333 38 2
334 29 6
335 53 6
336 44 4
337 15 3
338 63 2
339 67 5
340 60 5
341 55 2
342 41 5
343 43 3
344 30 5
345 62 1
346 50 0
347 61 0
348 58 0
349 67 2
350 51 0
351 48 3
352 50 4
353 54 6
354 72 0
355 64 0
356 24 5
357 6 1
358 40 1
359 63 1
360 44 1
361 65 6
362 36 6
363 55 1
364 57 6
365 61 1
366 43 2
367 76 1
368 52 3
369 46 6
370 47 2
371 71 4
372 68 3
373 75 0
374 27 0
375 65 4
376 73 6
377 68 5
378 71 2
379 72 6
380 62 6
381 45 2
382 39 2
383 56 1
384 60 4
385 58 3
386 8 1
387 28 4
388 80 1
389 70 2
390 59 2
391 64 2
392 57 0
393 44 2
394 40 5
395 44 3
396 71 5
397 66 5
398 60 3
399 18 5
400 55 0
401 36 2
402 61 4
403 68 1
404 63 3
405 74 3
406 75 6
407 72 4
408 56 5
409 34 4
410 42 5
411 47 3
412 79 3
413 39 5
414 37 4
415 44 6
416 50 1
417 53 1
418 47 6
419 35 4
420 33 6
421 52 2
422 56 0
423 47 1
424 78 0
425 71 0
426 78 6
427 79 1
428 72 2
429 64 6
430 80 0
431 76 4
432 69 6
433 50 2
434 69 2
435 66 4
436 40 0
437 76 0
438 85 4
439 32 1
440 32 0
441 87 0
442 89 0
443 31 4
444 83 0
445 86 1
446 45 0
447 49 1
448 87 2
449 91 3
450 54 1
451 43 4
452 92 6
453 88 1
454 58 6
455 89 5
456 81 0
457 65 2
458 88 5
459 82 6
460 72 5
461 41 0
462 80 3
463 86 3
464 65 1
465 94 1
466 86 6
467 66 2
468 52 1
469 93 3
470 61 6
471 48 4
472 94 3
473 46 3
474 86 4
475 93 6
476 44 5
477 53 2
478 93 5
479 84 0
480 90 0
481 70 1
482 32 5
483 56 4
484 87 1
485 85 3
486 91 1
487 80 4
488 80 6
489 30 3
490 48 1
491 68 6
492 54 5
493 79 4
494 84 2
495 38 5
496 91 2
497 96 4
498 25 5
499 78 1
500 75 4
501 92 4
502 1 3
503 96 0
504 100 1
505 93 0
506 99 1
507 91 0
508 89 2
509 100 6
510 85 1
511 79 2
512 83 4
513 51 2
514 97 2
515 26 5
516 75 5
517 44 0
518 24 4
519 90 6
520 70 5
521 98 2
522 31 3
523 100 4
524 85 5
525 88 4
526 92 5
527 102 0
528 79 0
529 20 1
530 92 0
531 85 0
532 95 0
533 103 0
534 104 0
535 68 0
536 97 3
537 99 4
538 77 3
539 76 5
540 83 3
541 76 6
542 107 2
543 97 0
544 96 6
545 58 5
546 37 2
547 105 4
548 41 4
549 74 6
550 101 5
551 90 4
552 101 1
553 108 0
554 88 6
555 93 1
556 102 4
557 74 5
558 23 6
559 58 4
560 96 5
561 49 3
562 40 3
563 63 5
564 98 1
565 51 5
566 68 2
567 22 1
568 94 0
569 101 2
570 81 3
571 104 5
572 105 0
573 99 5
574 114 4
575 116 3
576 111 6
577 108 6
578 49 5
579 114 1
580 66 0
581 79 6
582 71 3
583 106 3
584 116 6
585 112 3
586 116 0
587 73 0
588 112 0
589 82 0
590 94 2
591 111 5
592 74 1
593 82 5
594 102 1
595 64 5
596 99 2
597 83 1
598 74 4
599 101 3
600 105 5
601 89 3
602 42 4
603 81 4
604 48 5
605 107 6
606 43 1
