0 0 0
1 0 31
2 2 0
3 5 17
4 8 33
5 8 3
6 1 30
7 3 30
8 10 25
9 4 28
10 0 4
11 3 23
12 9 3
13 8 22
14 4 46
15 9 47
16 9 31
17 10 2
18 13 24
19 14 6
20 7 45
21 5 25
22 3 32
23 4 1
24 2 33
25 6 47
26 10 0
27 14 23
28 12 1
29 16 34
30 2 8
31 14 0
32 5 19
33 0 14
34 8 21
35 12 7
36 0 5
37 10 33
38 2 47
39 0 34
40 12 31
41 7 34
42 8 1
43 14 21
44 3 1
45 1 28
46 8 19
47 9 30
48 8 0
49 4 9
50 4 33
51 0 23
52 10 3
53 2 20
54 8 44
55 9 17
56 18 27
57 15 21
58 1 47
59 20 22
60 13 43
61 3 4
62 10 20
63 0 38
64 6 2
65 12 40
66 13 18
67 7 32
68 18 46
69 0 30
70 4 25
71 15 28
72 19 25
73 13 44
74 10 46
75 12 16
76 17 21
77 11 36
78 15 2
79 5 9
80 7 26
81 3 14
82 0 48
83 17 31
84 5 2
85 6 1
86 18 34
87 9 34
88 4 20
89 22 0
90 13 20
91 15 6
92 10 23
93 20 29
94 17 47
95 12 22
96 0 18
97 20 38
98 66 21
99 10 26
100 0 22
101 8 5
102 2 26
103 7 27
104 25 0
105 13 37
106 15 17
107 13 32
108 18 21
109 23 45
110 16 25
111 16 39
112 14 20
113 24 0
114 0 42
115 14 44
116 26 13
117 20 48
118 5 46
119 1 1
120 57 0
121 18 13
122 15 22
123 0 20
124 28 29
125 7 41
126 16 19
127 11 43
128 25 40
129 24 13
130 1 3
131 16 30
132 16 22
133 9 23
134 17 17
135 31 18
136 27 0
137 12 20
138 6 0
139 31 48
140 2 19
141 1 34
142 17 33
143 30 16
144 13 31
145 22 1
146 20 47
147 12 25
148 18 43
149 2 16
150 6 43
151 25 48
152 20 39
153 24 6
154 17 0
155 15 37
156 27 21
157 8 6
158 2 44
159 18 29
160 14 12
161 0 6
162 31 0
163 27 14
164 9 40
165 5 14
166 53 44
167 19 1
168 6 4
169 12 28
170 35 37
171 24 14
172 0 46
173 36 32
174 6 36
175 22 30
176 8 2
177 12 32
178 15 13
179 13 11
180 0 29
181 15 34
182 0 33
183 18 30
184 32 22
185 27 33
186 0 41
187 6 29
188 21 15
189 15 3
190 11 39
191 24 21
192 19 39
193 30 42
194 17 42
195 25 24
196 14 39
197 27 6
198 18 33
199 32 19
200 29 44
201 33 12
202 12 44
203 20 20
204 0 3
205 25 37
206 17 37
207 24 8
208 36 28
209 1 11
210 1 14
211 22 43
212 28 19
213 31 29
214 16 23
215 34 2
216 24 32
217 7 35
218 11 33
219 33 25
220 30 32
221 37 4
222 22 2
223 27 23
224 35 29
225 25 38
226 33 17
227 14 26
228 38 33
229 6 8
230 35 8
231 38 34
232 31 12
233 28 4
234 10 12
235 7 33
236 39 0
237 28 30
238 27 44
239 9 43
240 34 46
241 1 13
242 25 44
243 18 28
244 11 6
245 4 38
246 37 13
247 11 10
248 16 47
249 17 38
250 2 24
251 20 33
252 12 30
253 15 25
254 21 47
255 32 21
256 15 31
257 32 25
258 22 37
259 32 0
260 5 22
261 21 20
262 22 22
263 2 40
264 9 13
265 32 31
266 23 15
267 1 42
268 27 12
269 21 25
270 6 5
271 52 0
272 47 34
273 27 38
274 15 4
275 1 35
276 36 42
277 27 13
278 0 37
279 38 25
280 28 12
281 21 23
282 23 47
283 19 10
284 28 33
285 38 40
286 11 38
287 30 28
288 16 14
289 38 1
290 11 35
291 7 1
292 27 22
293 23 36
294 14 27
295 42 40
296 9 8
297 8 23
298 42 36
299 5 35
300 27 41
301 34 37
302 0 12
303 26 22
304 32 26
305 16 2
306 12 18
307 36 2
308 2 29
309 33 26
310 27 18
311 22 16
312 6 25
313 12 33
314 22 46
315 36 8
316 41 28
317 10 29
318 32 30
319 21 30
320 12 38
321 18 47
322 31 34
323 38 6
324 44 20
325 26 3
326 20 46
327 22 25
328 9 5
329 32 6
330 15 43
331 16 44
332 9 45
333 24 22
334 6 7
335 13 13
336 41 48
337 36 46
338 21 44
339 25 12
340 13 4
341 35 3
342 0 45
343 18 26
344 21 46
345 14 46
346 36 26
347 33 33
348 5 23
349 50 40
350 23 18
351 30 6
352 17 2
353 39 31
354 20 27
355 10 32
356 28 32
357 0 9
358 4 3
359 26 31
360 46 12
361 24 10
362 22 33
363 11 23
364 3 39
365 32 41
366 21 16
367 25 9
368 32 38
369 18 9
370 44 33
371 13 27
372 0 8
373 40 29
374 48 47
375 24 35
376 37 47
377 24 20
378 17 8
379 32 7
380 40 5
381 8 26
382 45 9
383 22 4
384 34 43
385 29 43
386 37 46
387 17 36
388 16 8
389 7 31
390 3 22
391 12 27
392 34 11
393 0 27
394 38 8
395 42 41
396 15 20
397 25 8
398 18 18
399 11 14
400 21 9
401 37 19
402 22 14
403 29 18
404 0 32
405 0 2
406 40 6
407 10 21
408 21 6
409 39 48
410 2 35
411 16 35
412 45 20
413 4 31
414 1 19
415 35 20
416 4 21
417 32 28
418 12 0
419 42 27
420 38 20
421 8 15
422 17 40
423 35 9
424 11 47
425 29 5
426 0 19
427 33 16
428 37 5
429 7 0
430 34 32
431 15 23
432 40 21
433 50 28
434 10 38
435 37 10
436 15 27
437 45 3
438 42 12
439 21 28
440 44 39
441 21 21
442 27 2
443 24 47
444 3 25
445 5 13
446 40 26
447 7 10
448 26 4
449 14 5
450 18 20
451 24 30
452 37 42
453 47 47
454 8 18
455 21 33
456 36 31
457 30 26
458 40 35
459 16 0
460 36 34
461 58 30
462 51 25
463 47 31
464 33 31
465 39 1
466 11 31
467 29 16
468 35 12
469 24 43
470 30 17
471 37 2
472 9 7
473 44 30
474 20 9
475 20 31
476 34 0
477 27 31
478 41 0
479 41 15
480 30 8
481 0 1
482 51 30
483 34 30
484 40 37
485 30 19
486 9 18
487 30 47
488 22 5
489 20 0
490 44 10
491 33 29
492 5 45
493 29 2
494 12 8
495 33 5
496 1 38
497 12 12
498 0 16
499 7 37
500 41 23
501 38 14
502 28 21
503 41 24
504 26 40
505 36 39
506 3 28
507 17 11
508 21 5
509 20 30
510 32 9
511 33 35
512 19 18
513 52 19
514 46 42
515 7 9
516 4 36
517 40 10
518 34 24
519 16 33
520 2 5
521 24 12
522 30 4
523 13 14
524 20 45
525 35 40
526 38 7
527 16 26
528 34 23
529 29 45
530 32 45
531 42 44
532 8 41
533 1 9
534 29 9
535 41 10
536 16 18
537 25 39
538 5 37
539 31 10
540 33 32
541 22 23
542 6 19
543 14 10
544 33 8
545 44 19
546 48 43
547 2 36
548 49 43
549 14 15
550 27 15
551 47 30
552 24 17
553 28 22
554 40 27
555 50 24
556 26 44
557 13 41
558 18 23
559 49 40
560 46 25
561 41 35
562 23 28
563 27 16
564 37 18
565 24 26
566 27 42
567 26 41
568 15 8
569 41 31
570 39 28
571 32 18
572 10 44
573 29 6
574 22 38
575 5 24
576 22 17
577 26 29
578 55 14
579 36 3
580 21 36
581 2 2
582 39 32
583 41 20
584 25 7
585 23 16
586 24 25
587 2 42
588 30 23
589 31 8
590 16 1
591 23 34
592 6 21
593 20 12
594 20 4
595 20 35
596 26 42
597 33 34
598 31 38
599 24 33
600 13 1
601 2 27
602 27 47
603 22 42
604 36 20
605 38 23
606 36 33
607 31 33
608 31 44
609 13 25
610 19 31
611 27 4
612 26 25
613 40 18
614 30 12
615 33 0
616 20 25
617 36 0
618 3 2
619 24 2
620 56 6
621 31 31
622 63 0
623 67 31
624 40 34
625 19 5
626 32 34
627 11 34
628 20 13
629 70 31
630 40 25
631 41 33
632 24 31
633 23 40
634 29 13
635 35 5
636 50 31
637 15 24
638 34 3
639 46 46
640 43 6
641 18 44
642 31 43
643 39 20
644 45 42
645 21 32
646 27 34
647 41 1
648 13 46
649 9 27
650 24 5
651 18 15
652 28 20
653 9 35
654 33 24
655 26 1
656 36 22
657 48 26
658 16 27
659 50 20
660 30 33
661 34 40
662 43 21
663 39 39
664 16 40
665 33 7
666 21 18
667 35 2
668 24 18
669 30 30
670 34 47
671 11 21
672 17 41
673 27 7
674 42 47
675 11 15
676 29 23
677 16 46
678 12 17
679 4 16
680 7 7
681 40 38
682 29 14
683 31 36
684 33 47
685 37 23
686 15 32
687 35 10
688 29 35
689 32 3
690 19 3
691 38 4
692 40 3
693 12 15
694 0 7
695 39 46
696 19 2
697 33 30
698 18 37
699 3 18
700 43 27
701 12 19
702 15 40
703 30 1
704 28 26
705 24 37
706 1 0
707 5 48
708 37 1
709 51 23
710 53 0
711 9 42
712 27 1
713 11 4
714 10 31
715 28 28
716 41 26
717 21 3
718 30 34
719 34 26
720 26 14
721 31 42
722 35 47
723 37 37
724 12 47
725 21 8
726 13 47
727 8 46
728 34 6
729 42 30
730 18 24
731 12 34
732 33 46
733 15 5
734 43 45
735 22 34
736 24 19
737 22 31
738 39 30
739 48 23
740 24 1
741 17 22
742 16 31
743 7 28
744 17 45
745 24 46
746 15 1
747 16 6
748 37 40
749 16 7
750 16 29
751 16 24
752 21 24
753 28 11
754 36 6
755 7 19
756 26 16
757 37 38
758 8 12
759 39 44
760 12 2
761 43 25
762 21 31
763 39 34
764 19 12
765 4 34
766 30 3
767 33 1
768 75 34
769 39 29
770 52 34
771 79 31
772 38 31
773 43 31
774 24 11
775 25 15
776 13 2
777 17 30
778 61 46
779 53 1
780 32 15
781 6 30
782 40 33
783 12 29
784 36 47
785 29 25
786 4 39
787 2 7
788 32 37
789 42 43
790 30 20
791 13 3
792 26 30
793 22 11
794 46 40
795 19 30
796 22 13
797 8 4
798 34 44
799 9 1
800 14 30
801 18 1
802 26 34
803 26 0
804 21 2
805 13 33
806 16 32
807 34 38
808 36 1
809 28 25
810 23 12
811 10 18
812 42 0
813 39 22
814 32 24
815 30 46
816 0 47
817 15 0
818 6 34
819 9 22
820 3 38
821 28 24
822 19 14
823 40 28
824 37 27
825 23 35
826 7 43
827 32 1
828 36 48
829 6 14
830 24 7
831 18 48
832 4 15
833 17 10
834 56 47
835 13 28
836 40 24
837 14 2
838 9 28
839 30 29
840 40 41
841 34 21
842 32 12
843 0 25
844 35 28
845 4 47
846 26 23
847 19 45
848 27 25
849 25 32
850 23 27
851 14 22
852 13 40
853 21 43
854 11 29
855 31 39
856 18 7
857 39 3
858 9 46
859 37 22
860 81 47
861 27 36
862 25 28
863 38 15
864 10 19
865 36 43
866 86 33
867 19 32
868 28 31
869 3 13
