0 0 16
1 0 17
2 4 46
3 0 24
4 4 39
5 5 34
6 5 14
7 2 20
8 2 10
9 7 37
10 9 10
11 3 21
12 5 21
13 11 12
14 0 10
15 3 10
16 9 46
17 12 37
18 0 37
19 6 9
20 0 21
21 9 21
22 5 37
23 13 12
24 9 32
25 14 32
26 17 37
27 19 32
28 4 42
29 14 10
30 13 21
31 10 21
32 16 37
33 19 3
34 6 10
35 14 17
36 3 3
37 8 46
38 4 31
39 11 29
40 1 5
41 15 39
42 20 0
43 7 21
44 11 34
45 19 14
46 24 4
47 7 46
48 12 46
49 20 46
50 17 21
51 6 32
52 20 15
53 17 12
54 14 4
55 0 7
56 16 46
57 12 21
58 25 21
59 20 23
60 10 31
61 23 12
62 7 0
63 12 45
64 16 26
65 18 37
66 25 14
67 3 37
68 1 22
69 15 12
70 8 23
71 0 4
72 11 0
73 16 30
74 28 45
75 9 0
76 20 45
77 26 0
78 6 43
79 11 14
80 23 46
81 29 46
82 19 37
83 11 37
84 30 42
85 2 37
86 3 24
87 15 37
88 25 37
89 28 30
90 18 35
91 10 29
92 0 5
93 24 0
94 22 29
95 4 16
96 14 26
97 12 13
98 26 10
99 8 9
100 27 12
101 22 23
102 24 23
103 15 21
104 10 35
105 33 46
106 31 4
107 7 31
108 3 6
109 8 27
110 16 24
111 0 13
112 12 18
113 1 7
114 18 8
115 15 6
116 2 39
117 27 13
118 19 10
119 32 35
120 26 3
121 34 20
122 10 24
123 18 2
124 3 42
125 4 6
126 7 13
127 81 15
128 25 16
129 4 4
130 31 25
131 12 39
132 18 20
133 22 13
134 7 11
135 27 21
136 14 19
137 9 13
138 3 26
139 17 29
140 21 20
141 20 35
142 8 8
143 16 20
144 9 30
145 4 0
146 27 47
147 23 3
148 9 12
149 26 9
150 28 42
151 1 32
152 31 42
153 22 10
154 1 1
155 18 40
156 31 21
157 3 9
158 11 10
159 5 10
160 15 9
161 33 21
162 27 20
163 1 4
164 12 10
165 28 44
166 33 39
167 16 29
168 7 23
169 26 17
170 16 13
171 30 31
172 30 6
173 21 12
174 7 29
175 34 37
176 14 9
177 41 46
178 37 45
179 23 5
180 25 31
181 15 22
182 1 0
183 68 37
184 20 31
185 28 37
186 9 9
187 20 18
188 37 31
189 23 13
190 3 8
191 0 9
192 69 10
193 20 5
194 0 0
195 0 42
196 26 30
197 4 10
198 15 28
199 42 18
200 20 19
201 36 23
202 0 44
203 39 4
204 11 39
205 45 1
206 33 7
207 36 32
208 8 32
209 73 32
210 32 3
211 77 46
212 12 9
213 27 31
214 0 46
215 25 12
216 10 10
217 17 25
218 18 13
219 20 26
220 3 16
221 19 36
222 30 5
223 16 7
224 8 3
225 15 15
226 41 42
227 21 33
228 33 10
229 6 15
230 13 6
231 43 21
232 12 35
233 28 8
234 47 2
235 7 14
236 23 21
237 39 26
238 41 24
239 0 39
240 35 37
241 40 11
242 17 44
243 42 21
244 12 23
245 44 26
246 27 6
247 13 8
248 0 3
249 33 43
250 29 36
251 14 41
252 18 30
253 20 1
254 40 7
255 27 46
256 23 42
257 2 1
258 35 5
259 39 10
260 45 0
261 26 12
262 24 32
263 19 16
264 2 11
265 33 26
266 6 37
267 58 16
268 50 30
269 20 28
270 35 1
271 16 47
272 46 19
273 67 42
274 52 31
275 47 32
276 62 46
277 37 3
278 41 10
279 14 46
280 3 44
281 22 21
282 15 10
283 42 32
284 36 37
285 40 46
286 26 35
287 16 35
288 35 12
289 58 3
290 9 28
291 48 18
292 28 26
293 45 46
294 1 9
295 31 15
296 52 32
297 7 34
298 17 31
299 28 47
300 33 11
301 0 11
302 45 10
303 12 41
304 31 36
305 4 27
306 20 3
307 25 38
308 50 35
309 7 10
310 32 42
311 1 8
312 19 22
313 14 36
314 26 24
315 17 28
316 46 17
317 33 4
318 37 5
319 10 30
320 3 45
321 8 18
322 20 10
323 0 1
324 39 6
325 45 35
326 48 46
327 53 31
328 0 15
329 51 46
330 4 45
331 55 46
332 21 28
333 45 24
334 1 27
335 39 25
336 22 44
337 13 0
338 63 21
339 42 15
340 52 10
341 55 15
342 47 29
343 53 4
344 14 43
345 27 9
346 50 1
347 52 35
348 9 42
349 19 46
350 51 4
351 41 35
352 53 2
353 49 2
354 27 0
355 31 31
356 44 15
357 38 3
358 55 2
359 36 41
360 18 24
361 35 21
362 19 9
363 45 23
364 47 26
365 15 46
366 41 30
367 24 46
368 54 46
369 12 20
370 41 17
371 50 36
372 35 31
373 50 4
374 45 6
375 16 5
376 3 28
377 21 30
378 25 30
379 51 3
380 33 1
381 58 9
382 8 5
383 3 46
384 22 35
385 0 8
386 42 19
387 28 10
388 59 23
389 16 2
390 8 4
391 24 30
392 0 25
393 19 1
394 51 32
395 58 34
396 31 44
397 46 32
398 47 10
399 23 37
400 9 26
401 25 44
402 52 17
403 60 12
404 56 12
405 26 20
406 31 7
407 37 1
408 56 32
409 5 46
410 23 32
411 0 14
412 32 22
413 6 12
414 13 46
415 50 17
416 55 42
417 62 9
418 59 10
419 20 32
420 65 32
421 47 31
422 5 5
423 32 25
424 29 28
425 43 9
426 56 8
427 11 5
428 46 12
429 25 35
430 7 9
431 16 6
432 39 12
433 36 10
434 48 5
435 51 5
436 28 32
437 42 4
438 20 12
439 39 23
440 15 0
441 21 27
442 35 4
443 27 10
444 63 46
445 41 37
446 39 9
447 38 31
448 56 9
449 44 47
450 24 16
451 8 35
452 36 5
453 41 8
454 4 25
455 50 10
456 10 32
457 71 0
458 11 35
459 57 24
460 52 42
461 50 25
462 45 21
463 63 37
464 40 27
465 40 31
466 26 26
467 52 12
468 0 45
469 0 23
470 28 2
471 50 26
472 57 10
473 12 4
474 10 4
475 47 1
476 50 31
477 53 35
478 2 30
479 5 29
480 45 43
481 45 34
482 22 39
483 5 25
484 62 21
485 54 0
486 29 9
487 41 28
488 8 37
489 59 32
490 17 46
491 9 37
492 42 1
493 3 5
494 65 9
495 35 15
496 45 32
497 52 9
498 69 21
499 1 3
500 60 14
501 30 12
502 66 13
503 40 24
504 17 26
505 54 5
506 6 46
507 48 11
508 50 2
509 11 16
510 39 14
511 15 5
512 46 3
513 19 25
514 57 5
515 0 30
516 51 24
517 44 4
518 52 44
519 56 46
520 14 22
521 48 45
522 14 16
523 18 17
524 27 4
525 15 1
526 3 22
527 20 39
528 24 19
529 40 3
530 25 46
531 6 14
532 49 6
533 20 25
534 55 26
535 27 27
536 37 4
537 54 21
538 4 37
539 66 21
540 36 21
541 24 10
542 16 9
543 30 26
544 50 32
545 36 9
546 44 17
547 12 3
548 27 32
549 40 12
550 6 35
551 24 14
552 37 15
553 58 10
554 18 39
555 21 46
556 44 9
557 31 37
558 59 46
559 69 46
560 44 14
561 34 3
562 25 42
563 40 2
564 73 46
565 28 46
566 12 32
567 35 46
568 37 10
569 17 8
570 32 12
571 41 12
572 67 21
573 26 14
574 19 34
575 38 32
576 50 41
577 59 1
578 34 46
579 29 42
580 14 15
581 35 0
582 44 3
583 63 8
584 47 5
585 4 35
586 56 10
587 8 24
588 11 21
589 5 15
590 60 41
591 38 29
592 43 44
593 76 30
594 41 7
595 50 8
596 35 14
597 4 2
598 70 42
599 50 16
600 29 29
601 47 16
602 30 43
603 11 2
604 79 33
605 55 43
606 34 2
607 48 37
608 29 10
609 41 14
610 78 37
611 66 9
612 21 32
613 11 32
614 10 46
615 27 37
616 37 37
617 39 37
618 2 46
619 47 34
620 73 9
621 5 32
622 66 32
623 40 23
624 43 24
625 31 9
626 22 1
627 38 10
628 35 9
629 42 46
630 65 12
631 50 9
632 69 9
633 32 29
634 59 9
635 2 32
636 29 16
637 33 0
638 71 37
639 41 9
640 76 37
641 43 12
642 25 25
643 0 32
644 60 37
645 14 37
646 25 9
647 45 37
648 36 47
649 16 12
650 25 1
651 54 10
652 29 21
653 22 42
654 43 17
655 15 32
656 16 32
657 36 7
658 26 16
659 37 6
660 40 15
661 27 1
662 45 5
663 23 31
664 26 37
665 28 5
666 16 16
667 33 42
668 13 25
669 18 23
670 23 47
671 48 9
672 24 12
673 55 9
674 40 9
675 0 35
676 22 32
677 14 20
678 26 21
679 44 10
680 38 1
681 77 3
682 46 15
683 51 8
684 7 25
685 27 26
686 3 4
687 26 32
688 2 12
689 79 12
690 90 46
691 38 40
692 52 27
693 14 42
694 31 19
695 33 16
696 34 23
697 34 8
698 31 10
699 18 21
700 0 43
701 34 32
702 22 25
703 36 46
704 27 36
705 55 29
706 59 43
707 51 37
708 34 29
709 26 23
710 18 22
711 13 45
712 15 20
713 71 3
714 29 0
715 18 3
716 4 33
717 24 1
718 31 1
719 5 44
720 3 14
721 39 18
722 36 22
723 16 4
724 38 41
725 62 20
726 23 15
727 45 44
728 42 47
729 12 44
730 19 26
731 33 30
732 49 9
733 27 40
734 2 47
735 29 27
736 48 12
737 48 27
738 62 10
739 16 10
740 64 10
741 25 10
742 38 2
743 23 35
744 18 45
745 37 8
746 43 0
747 77 32
748 45 20
749 48 47
750 71 26
751 33 8
752 16 17
753 66 37
754 40 17
755 6 11
756 35 8
757 9 23
758 40 25
759 54 25
760 59 13
761 12 6
762 27 42
763 21 43
764 32 7
765 56 23
766 23 11
767 95 10
768 32 46
769 37 11
770 71 39
771 36 35
772 21 11
773 47 37
774 33 35
775 39 0
776 51 2
777 7 12
778 25 43
779 82 43
780 65 23
781 88 22
782 28 35
783 33 15
784 46 31
785 11 24
786 35 18
787 21 39
788 48 1
789 2 0
790 51 35
791 30 13
792 14 31
793 44 45
794 26 18
795 14 0
796 20 36
797 51 40
798 13 10
799 12 1
800 3 1
801 5 12
802 0 12
803 68 12
804 43 31
805 15 27
806 0 31
807 3 13
808 28 25
809 46 13
810 8 41
811 37 19
812 18 1
813 62 39
814 11 38
815 39 44
816 35 10
817 66 42
818 40 37
819 31 46
820 57 21
821 15 24
822 58 15
823 21 42
824 21 8
825 26 45
826 23 17
827 17 32
828 9 34
829 39 19
830 49 42
831 16 8
832 44 2
833 62 3
834 26 7
835 13 42
836 31 8
837 29 33
838 100 26
839 51 31
840 52 13
841 38 33
842 14 7
843 34 9
844 28 0
845 36 13
846 18 18
847 31 35
848 10 9
849 96 32
850 44 37
851 28 31
852 7 6
853 26 25
854 23 6
855 35 25
856 9 24
857 15 31
858 39 32
859 46 8
860 17 47
861 17 17
862 31 45
863 12 22
864 42 5
865 20 7
866 8 47
867 42 9
868 19 35
869 40 28
870 38 22
871 27 16
872 9 8
873 9 14
874 62 42
875 30 0
876 57 47
877 23 26
878 26 8
879 7 22
880 6 42
881 59 21
882 84 12
883 37 42
884 50 45
885 18 4
886 32 47
887 83 32
888 18 46
889 31 32
890 21 37
891 14 12
892 37 26
893 4 1
894 34 26
895 6 8
896 10 22
897 54 37
898 36 12
899 2 35
900 43 25
901 5 3
902 52 0
903 74 3
904 45 4
905 62 12
906 32 31
907 34 34
908 24 2
909 12 30
910 51 30
911 22 3
912 59 3
913 25 5
914 17 10
915 82 1
916 8 31
917 8 44
918 107 8
919 11 26
920 39 47
921 2 9
922 39 36
923 18 16
924 34 35
925 48 6
926 38 28
927 71 31
928 44 12
929 19 0
930 23 29
931 7 27
932 36 39
933 50 44
