0 338 1
1 2 0
2 0 2
3 336 1
4 1 1
5 338 2
6 4 2
7 6 2
8 4 1
9 3 0
10 5 2
11 4 0
12 6 0
13 0 1
14 2 1
15 332 1
16 7 1
17 7 2
18 9 1
19 333 2
20 10 1
21 8 0
22 10 2
23 9 2
24 5 1
25 11 2
26 1 0
27 7 0
28 10 0
29 0 0
30 8 2
31 12 2
32 11 1
33 13 0
34 8 1
35 14 2
36 3 1
37 15 1
38 11 0
39 16 1
40 325 1
41 1 2
42 14 1
43 12 1
44 13 2
45 17 1
46 17 0
47 18 1
48 19 0
49 19 2
50 20 1
51 20 2
52 21 2
53 21 0
54 22 1
55 18 0
56 23 1
57 15 2
58 15 0
59 14 0
60 24 1
61 23 2
62 13 1
63 23 0
64 20 0
65 21 1
66 19 1
67 16 0
68 17 2
69 25 1
70 22 2
71 26 2
72 18 2
73 26 0
74 22 0
75 25 2
76 314 2
77 27 1
78 27 2
79 28 1
80 29 0
81 309 1
82 16 2
83 29 1
84 24 2
85 31 0
86 32 0
87 27 0
88 31 1
89 33 2
90 32 1
91 25 0
92 34 1
93 34 2
94 35 2
95 24 0
96 30 2
97 36 1
98 37 2
99 32 2
100 38 2
101 39 0
102 28 2
103 40 2
104 40 0
105 35 0
106 30 1
107 299 2
108 39 2
109 41 0
110 42 2
111 42 1
112 35 1
113 37 1
114 297 0
115 41 2
116 43 1
117 43 0
118 36 2
119 44 1
120 31 2
121 34 0
122 28 0
123 33 1
124 36 0
125 43 2
126 45 0
127 38 1
128 29 2
129 46 2
130 40 1
131 47 0
132 47 2
133 42 0
134 45 2
135 295 2
136 37 0
137 45 1
138 46 0
139 33 0
140 41 1
141 47 1
142 48 2
143 48 1
144 48 0
145 49 2
146 50 0
147 44 2
148 51 1
149 52 0
150 50 1
151 50 2
152 52 2
153 49 1
154 49 0
155 51 0
156 53 1
157 52 1
158 54 0
159 53 0
160 53 2
161 55 0
162 56 0
163 54 2
164 55 2
165 56 2
166 57 1
167 54 1
168 51 2
169 55 1
170 58 2
171 57 0
172 59 2
173 58 0
174 46 1
175 59 0
176 56 1
177 60 0
178 57 2
179 61 0
180 61 2
181 59 1
182 60 1
183 60 2
184 58 1
185 62 2
186 62 1
187 63 2
188 64 2
189 63 0
190 64 0
191 64 1
192 63 1
193 65 1
194 65 0
195 66 1
196 67 1
197 68 1
198 68 0
199 67 2
200 65 2
201 66 2
202 69 2
203 67 0
204 69 1
205 70 1
206 61 1
207 71 0
208 71 1
209 66 0
210 68 2
211 62 0
212 70 0
213 69 0
214 72 2
215 73 2
216 73 1
217 72 0
218 71 2
219 74 0
220 74 1
221 72 1
222 75 2
223 75 1
224 76 1
225 77 0
226 74 2
227 70 2
228 77 1
229 78 2
230 76 2
231 79 0
232 79 2
233 80 1
234 81 0
235 75 0
236 78 1
237 80 2
238 82 2
239 83 1
240 81 1
241 80 0
242 83 2
243 73 0
244 82 0
245 84 2
246 79 1
247 81 2
248 84 0
249 76 0
250 85 1
251 78 0
252 84 1
253 77 2
254 82 1
255 86 1
256 87 1
257 83 0
258 86 2
259 88 1
260 87 0
261 86 0
262 88 0
263 87 2
264 89 0
265 88 2
266 90 2
267 89 2
268 91 0
269 85 2
270 92 0
271 92 2
272 93 0
273 91 2
274 89 1
275 85 0
276 94 2
277 91 1
278 95 1
279 90 1
280 93 1
281 94 0
282 96 0
283 96 1
284 97 1
285 90 0
286 95 0
287 93 2
288 98 0
289 99 2
290 94 1
291 100 1
292 99 1
293 101 0
294 102 2
295 102 0
296 92 1
297 103 2
298 103 0
299 99 0
300 104 0
301 105 1
302 101 1
303 101 2
304 98 1
305 104 2
306 106 1
307 107 1
308 97 0
309 108 2
310 105 2
311 105 0
312 108 1
313 98 2
314 109 0
315 97 2
316 108 0
317 107 0
318 110 1
319 109 1
320 100 0
321 106 0
322 107 2
323 110 2
324 111 0
325 96 2
326 100 2
327 110 0
328 112 2
329 103 1
330 109 2
331 102 1
332 106 2
333 104 1
334 111 2
335 113 0
336 111 1
337 114 2
338 113 2
339 112 1
340 113 1
341 114 1
342 115 1
343 116 1
344 117 0
345 118 1
346 112 0
347 115 2
348 119 1
349 115 0
350 116 0
351 120 1
352 121 2
353 121 1
354 122 2
355 120 0
356 119 2
357 114 0
358 117 2
359 119 0
360 116 2
361 121 0
362 118 0
363 122 0
364 120 2
365 117 1
366 122 1
367 95 2
368 123 2
369 118 2
370 124 1
371 124 2
372 125 0
373 125 2
374 123 1
375 124 0
376 126 1
377 126 2
378 127 1
379 128 0
380 129 1
381 130 0
382 128 1
383 130 2
384 123 0
385 131 0
386 132 2
387 129 0
388 131 1
389 128 2
390 129 2
391 133 2
392 133 0
393 127 0
394 127 2
395 134 1
396 134 2
397 132 0
398 135 1
399 126 0
400 125 1
401 135 0
402 130 1
403 136 1
404 137 0
405 138 1
406 134 0
407 139 2
408 140 1
409 135 2
410 138 2
411 133 1
412 141 1
413 137 1
414 142 1
415 143 2
416 132 1
417 143 0
418 136 2
419 144 2
420 145 2
421 146 1
422 138 0
423 141 2
424 139 1
425 140 2
426 142 2
427 145 0
428 146 2
429 144 0
430 143 1
431 147 0
432 148 1
433 146 0
434 140 0
435 149 0
436 145 1
437 148 2
438 139 0
439 144 1
440 137 2
441 150 1
442 147 2
443 151 2
444 150 0
445 151 1
446 131 2
447 152 0
448 141 0
449 153 1
450 142 0
451 153 2
452 148 0
453 150 2
454 151 0
455 154 2
456 149 1
457 152 2
458 153 0
459 155 2
460 155 1
461 156 2
462 156 1
463 154 1
464 152 1
465 157 1
466 147 1
467 155 0
468 158 0
469 159 2
470 158 2
471 156 0
472 158 1
473 159 0
474 154 0
475 160 1
476 161 0
477 162 0
478 162 1
479 157 2
480 159 1
481 163 2
482 164 0
483 149 2
484 164 1
485 160 0
486 136 0
487 163 1
488 165 0
489 161 2
490 162 2
491 160 2
492 157 0
493 165 2
494 166 2
495 167 2
496 167 1
497 168 2
498 165 1
499 161 1
500 166 1
501 167 0
502 166 0
503 169 0
504 168 1
505 170 0
506 171 1
507 171 2
508 169 2
509 170 2
510 171 0
511 164 2
512 168 0
513 172 1
514 173 1
515 172 0
516 170 1
517 163 0
518 174 1
519 174 2
520 173 2
521 175 0
522 173 0
523 169 1
524 176 2
525 175 1
526 177 1
527 178 0
528 179 1
529 176 0
530 178 1
531 172 2
532 180 2
533 181 2
534 176 1
535 181 0
536 179 0
537 180 1
538 180 0
539 182 0
540 175 2
541 178 2
542 177 2
543 181 1
544 183 1
545 182 2
546 177 0
547 182 1
548 184 2
549 174 0
550 184 1
551 183 2
552 185 1
553 185 2
554 186 1
555 187 2
556 185 0
557 188 2
558 187 0
559 189 0
560 186 2
561 190 2
562 191 0
563 179 2
564 183 0
565 192 0
566 191 1
567 186 0
568 193 1
569 194 1
570 189 1
571 195 2
572 190 1
573 187 1
574 192 1
575 196 1
576 197 1
577 196 2
578 196 0
579 193 0
580 198 1
581 198 0
582 188 0
583 197 0
584 190 0
585 192 2
586 199 0
587 197 2
588 189 2
589 198 2
590 200 2
591 188 1
592 199 2
593 195 1
594 191 2
595 201 2
596 194 0
597 202 2
598 203 0
599 202 0
600 201 1
601 200 0
602 203 2
603 195 0
604 194 2
605 204 0
606 205 1
607 206 1
608 207 0
609 205 2
610 202 1
611 184 0
612 205 0
613 208 2
614 209 0
615 210 1
616 208 0
617 211 0
618 203 1
619 200 1
620 211 2
621 209 1
622 199 1
623 212 0
624 204 2
625 212 1
626 207 2
627 207 1
628 193 2
629 210 2
630 210 0
631 201 0
632 212 2
633 211 1
634 209 2
635 213 0
636 214 1
637 206 0
638 215 0
639 214 0
640 215 2
641 204 1
642 206 2
643 213 2
644 215 1
645 214 2
646 216 0
647 217 2
648 218 2
649 218 1
650 219 0
651 220 0
652 221 0
653 208 1
654 219 2
655 213 1
656 217 1
657 216 1
658 220 2
659 221 2
660 217 0
661 220 1
662 222 0
663 223 0
664 221 1
665 224 1
666 219 1
667 222 2
668 218 0
669 225 0
670 225 2
671 223 1
672 224 2
673 223 2
674 226 0
675 227 1
676 224 0
677 216 2
678 228 1
679 229 1
680 226 1
681 230 0
682 229 0
683 228 0
684 225 1
685 231 0
686 227 2
687 231 2
688 226 2
689 231 1
690 232 1
691 233 1
692 230 2
693 232 2
694 232 0
695 234 2
696 228 2
697 222 1
698 233 2
699 233 0
700 234 0
701 234 1
702 230 1
703 235 0
704 227 0
705 236 2
706 237 1
707 237 2
708 237 0
709 236 0
710 235 2
711 238 0
712 239 0
713 240 2
714 241 1
715 239 2
716 241 2
717 239 1
718 241 0
719 235 1
720 238 1
721 238 2
722 240 0
723 240 1
724 229 2
725 242 1
726 243 2
727 244 1
728 242 2
729 245 0
730 246 1
731 236 1
732 245 1
733 242 0
734 245 2
735 244 0
736 244 2
737 243 0
738 247 2
739 246 0
740 248 1
741 247 0
742 248 2
743 247 1
744 249 1
745 243 1
746 250 2
747 251 0
748 249 0
749 251 1
750 250 0
751 249 2
752 246 2
753 252 0
754 253 0
755 251 2
756 248 0
757 252 1
758 254 0
759 255 0
760 256 2
761 253 2
762 257 0
763 257 1
764 255 1
765 253 1
766 250 1
767 258 0
768 255 2
769 257 2
770 259 2
771 254 2
772 258 1
773 260 1
774 260 0
775 258 2
776 259 1
777 260 2
778 254 1
779 252 2
780 261 2
781 262 0
782 262 2
783 263 0
784 256 0
785 261 1
786 264 0
787 264 2
788 265 0
789 259 0
790 266 1
791 265 1
792 267 2
793 268 1
794 262 1
795 266 2
796 263 1
797 269 1
798 270 2
799 256 1
800 269 0
801 271 2
802 266 0
803 261 0
804 272 0
805 273 2
806 274 0
807 273 1
808 274 1
809 267 1
810 275 1
811 273 0
812 272 2
813 267 0
814 268 2
815 271 0
816 276 0
817 277 2
818 272 1
819 276 2
820 278 0
821 269 2
822 277 1
823 264 1
824 270 0
825 270 1
826 274 2
827 279 1
828 279 2
829 280 1
830 281 1
831 263 2
832 282 0
833 283 1
834 275 2
835 265 2
836 271 1
837 282 1
838 281 0
839 279 0
840 283 0
841 277 0
842 275 0
843 281 2
844 280 2
845 284 0
846 282 2
847 285 0
848 276 1
849 286 2
850 268 0
851 278 1
852 286 1
853 285 2
854 284 1
855 285 1
856 286 0
857 287 2
858 280 0
859 284 2
860 288 2
861 289 0
862 290 1
863 291 2
864 291 0
865 278 2
866 288 1
867 292 1
868 283 2
869 292 0
870 287 0
871 293 0
872 290 2
873 294 0
874 292 2
875 294 1
876 297 1
877 296 1
878 288 0
879 44 0
880 289 1
881 294 2
882 291 1
883 296 2
884 295 0
885 298 1
886 290 0
887 299 0
888 293 2
889 296 0
890 300 1
891 297 2
892 300 0
893 295 1
894 39 1
895 287 1
896 293 1
897 298 0
898 298 2
899 289 2
900 302 2
901 301 1
902 303 0
903 302 0
904 303 2
905 302 1
906 300 2
907 304 0
908 301 0
909 305 1
910 306 1
911 307 0
912 305 2
913 299 1
914 304 1
915 306 0
916 38 0
917 308 0
918 308 2
919 303 1
920 304 2
921 309 2
922 308 1
923 306 2
924 310 2
925 312 2
926 313 1
927 307 2
928 30 0
929 312 1
930 311 0
931 313 2
932 315 2
933 305 0
934 312 0
935 314 0
936 311 1
937 315 0
938 318 2
939 318 0
940 310 0
941 315 1
942 317 2
943 317 0
944 307 1
945 316 2
946 311 2
947 26 1
948 314 1
949 320 2
950 319 2
951 313 0
952 320 0
953 322 2
954 310 1
955 318 1
956 320 1
957 323 2
958 316 0
959 321 2
960 317 1
961 322 1
962 324 1
963 319 0
964 325 2
965 323 0
966 326 2
967 326 1
968 327 1
969 326 0
970 319 1
971 324 0
972 321 0
973 322 0
974 309 0
975 327 2
976 324 2
977 323 1
978 328 0
979 12 0
980 329 0
981 328 2
982 329 2
983 329 1
984 316 1
985 331 0
986 327 0
987 9 0
988 332 0
989 331 1
990 331 2
991 334 2
992 6 1
993 5 0
994 335 2
995 330 2
996 325 0
997 321 1
998 330 0
999 333 0
1000 335 1
1001 336 2
1002 332 2
1003 333 1
1004 3 2
1005 335 0
1006 2 2
1007 337 1
1008 337 0
1009 336 0
1010 339 1
1011 339 0
1012 339 2
1013 328 1
1014 334 0
1015 334 1
1016 330 1
