0 0 7
1 1 7
2 1 0
3 3 2
4 2 4
5 4 5
6 0 5
7 6 7
8 1 3
9 4 0
10 0 4
11 42 5
12 6 5
13 2 6
14 47 3
15 0 0
16 39 6
17 7 5
18 1 4
19 44 1
20 11 3
21 12 1
22 4 3
23 7 3
24 4 6
25 6 3
26 7 7
27 6 1
28 2 5
29 0 2
30 7 1
31 6 6
32 5 3
33 9 1
34 11 7
35 1 5
36 15 0
37 3 4
38 8 1
39 11 6
40 8 5
41 4 2
42 31 3
43 14 6
44 14 3
45 2 3
46 17 1
47 5 5
48 6 4
49 2 2
50 10 6
51 4 7
52 8 0
53 5 7
54 3 7
55 35 7
56 14 7
57 40 2
58 10 3
59 2 7
60 10 2
61 4 1
62 13 4
63 9 2
64 0 1
65 36 7
66 6 0
67 33 4
68 15 7
69 10 1
70 12 2
71 27 3
72 3 5
73 8 7
74 17 5
75 10 5
76 25 5
77 8 4
78 30 2
79 17 2
80 13 7
81 16 3
82 9 4
83 0 3
84 5 1
85 21 4
86 20 0
87 22 4
88 21 6
89 25 7
90 3 0
91 27 0
92 29 5
93 10 0
94 15 1
95 24 3
96 36 2
97 19 1
98 5 2
99 19 2
100 20 7
101 19 4
102 18 7
103 12 4
104 28 5
105 28 4
106 28 7
107 24 4
108 28 6
109 9 3
110 10 4
111 24 6
112 13 3
113 19 7
114 17 4
115 25 1
116 17 7
117 13 2
118 22 7
119 21 2
120 25 2
121 22 3
122 16 7
123 22 6
124 18 1
125 29 0
126 18 4
127 5 4
128 11 0
129 21 3
130 6 2
131 43 0
132 17 6
133 25 4
134 9 0
135 13 1
136 5 6
137 36 5
138 16 0
139 2 0
140 12 0
141 34 7
142 25 3
143 18 3
144 7 4
145 23 0
146 20 4
147 7 0
148 22 5
149 21 7
150 19 5
151 31 4
152 30 7
153 14 0
154 22 1
155 31 1
156 17 0
157 16 2
158 33 5
159 26 7
160 16 1
161 20 5
162 12 5
163 11 1
164 38 5
165 32 7
166 12 3
167 10 7
168 18 6
169 13 6
170 21 5
171 21 0
172 12 6
173 0 6
174 15 5
175 34 0
176 16 5
177 13 5
178 14 1
179 26 2
180 17 3
181 14 5
182 28 0
183 37 3
184 37 6
185 29 7
186 35 6
187 7 6
188 25 0
189 13 0
190 9 6
191 23 2
192 39 7
193 14 4
194 42 7
195 27 2
196 20 6
197 11 5
198 1 2
199 19 0
200 7 2
201 38 7
202 46 7
203 20 2
204 39 4
205 1 1
206 11 2
207 35 0
208 15 3
209 9 7
210 12 7
211 40 0
212 29 3
213 34 1
214 47 0
215 27 1
216 14 2
217 4 4
218 22 2
219 2 1
220 44 3
221 41 7
222 5 0
223 8 2
224 8 6
225 34 4
226 3 1
227 23 7
228 3 6
229 11 4
230 15 6
231 9 5
232 29 6
233 47 7
234 3 3
235 47 4
236 19 3
237 8 3
238 15 2
239 44 7
240 1 6
241 18 0
