0 1 5
1 2 1
2 2 14
3 3 1
4 0 0
5 4 1
6 2 12
7 5 2
8 1 9
9 0 11
10 0 8
11 0 13
12 3 3
13 0 3
14 2 13
15 2 11
16 0 5
17 3 10
18 4 5
19 5 14
20 4 2
21 0 10
22 5 1
23 2 6
24 3 5
25 1 3
26 2 3
27 6 2
28 5 11
29 7 7
30 7 1
31 7 11
32 6 7
33 3 13
34 0 4
35 6 13
36 5 8
37 3 8
38 8 13
39 2 7
40 4 13
41 1 8
42 6 10
43 3 2
44 8 12
45 4 6
46 9 3
47 6 5
48 2 0
49 8 9
50 8 14
51 6 9
52 9 6
53 10 12
54 10 13
55 11 1
56 9 13
57 8 7
58 11 2
59 7 0
60 11 5
61 2 8
62 9 9
63 7 4
64 10 4
65 5 4
66 12 0
67 11 3
68 7 5
69 10 11
70 7 9
71 9 5
72 12 1
73 3 9
74 11 14
75 8 3
76 12 10
77 13 14
78 0 1
79 9 11
80 7 3
81 12 6
82 1 0
83 8 10
84 13 1
85 4 12
86 10 14
87 6 14
88 0 14
89 15 14
90 9 14
91 14 14
92 19 14
93 3 14
94 16 0
95 20 0
96 5 10
97 5 13
98 21 9
99 2 4
100 13 2
101 18 4
102 9 7
103 22 14
104 8 2
105 21 1
106 4 14
107 12 14
108 22 5
109 16 3
110 6 8
111 29 14
112 4 8
113 23 1
114 30 2
115 25 10
116 13 10
117 28 3
118 29 13
119 25 1
120 21 14
121 76 0
122 6 6
123 25 9
124 27 4
125 32 14
126 4 10
127 10 0
128 15 0
129 13 0
130 11 12
131 17 11
132 8 4
133 32 6
134 18 2
135 12 13
136 4 11
137 12 3
138 1 14
139 0 9
140 22 1
141 26 14
142 20 6
143 18 3
144 34 0
145 6 1
146 31 10
147 8 1
148 24 4
149 26 2
150 24 6
151 32 13
152 20 8
153 29 0
154 27 0
155 17 2
156 1 2
157 23 2
158 21 10
159 28 12
160 34 2
161 17 6
162 16 1
163 24 5
164 33 11
165 8 0
166 15 9
167 16 14
168 27 9
169 11 4
170 20 2
171 9 4
172 19 10
173 35 4
174 25 2
175 30 7
176 11 6
177 5 3
178 19 3
179 29 3
180 9 0
181 17 4
182 14 3
183 16 4
184 35 14
185 15 6
186 33 3
187 32 5
188 23 0
189 10 9
190 34 12
191 9 2
192 3 6
193 17 10
194 20 12
195 5 12
196 6 0
197 29 10
198 18 6
199 35 6
200 13 3
201 23 10
202 26 10
203 27 2
204 26 3
205 5 0
206 25 6
207 29 9
208 27 5
209 37 14
210 20 13
211 3 12
212 35 9
213 0 12
214 34 13
215 30 6
216 27 10
217 24 12
218 15 13
219 22 4
220 35 0
221 12 2
222 16 9
223 71 4
224 22 8
225 19 7
226 33 1
227 37 0
228 37 12
229 32 0
230 39 14
231 30 4
232 15 7
233 30 13
234 1 4
235 3 7
236 18 9
237 40 4
238 35 13
239 14 0
240 37 10
241 29 5
242 33 14
243 42 8
244 7 14
245 25 14
246 5 5
247 22 10
248 40 14
249 18 14
250 30 14
251 45 14
252 2 10
253 40 0
254 44 12
255 2 9
256 44 5
257 23 4
258 26 7
259 38 8
260 16 7
261 46 8
262 30 11
263 0 2
264 41 14
265 19 8
266 42 3
267 32 9
268 10 5
269 12 9
270 9 10
271 20 1
272 41 9
273 46 2
274 11 8
275 36 0
276 38 10
277 18 8
278 39 9
279 9 8
280 60 5
281 43 1
282 14 2
283 45 11
284 18 7
285 17 14
286 7 2
287 71 8
288 39 13
289 27 3
290 60 7
291 34 5
292 40 1
293 7 13
294 45 12
295 46 7
296 44 9
297 36 4
298 17 3
299 24 0
300 13 11
301 21 2
302 0 7
303 1 7
304 24 14
305 46 0
306 17 5
307 28 5
308 49 5
309 33 5
310 42 13
311 38 9
312 55 7
313 28 7
314 31 4
315 0 6
316 31 13
317 35 7
318 48 11
319 34 8
320 65 3
321 30 9
322 49 7
323 36 3
324 8 6
325 32 10
326 48 14
327 64 8
328 41 3
329 24 7
330 49 8
331 30 8
332 19 4
333 35 11
334 47 6
335 36 14
336 3 4
337 37 11
338 29 4
339 27 7
340 38 14
341 22 9
342 39 4
343 13 12
344 13 7
345 24 3
346 19 9
347 12 8
348 53 9
349 36 13
350 20 4
351 41 0
352 24 8
353 26 9
354 37 4
355 45 4
356 50 14
357 11 0
358 47 14
359 15 2
360 45 0
361 23 12
362 23 9
363 29 8
364 21 4
365 23 3
366 3 0
367 43 5
368 45 8
369 33 7
370 53 0
371 50 4
372 27 14
373 19 5
374 44 3
375 12 7
376 13 5
377 39 3
378 42 2
379 33 8
380 18 12
381 50 3
382 57 14
383 11 11
384 55 0
385 48 0
386 1 10
387 51 10
388 41 10
389 37 2
390 49 4
391 59 1
392 54 14
393 46 13
394 14 8
395 57 2
396 43 2
397 26 4
398 57 12
399 33 13
400 51 14
401 25 5
402 36 10
403 51 2
404 50 12
405 46 14
406 60 14
407 20 3
408 25 3
409 32 3
410 53 7
411 63 9
412 55 8
413 19 0
414 39 7
415 51 7
416 43 0
417 62 11
418 57 5
419 38 12
420 16 2
421 43 14
422 59 8
423 22 0
424 17 0
425 35 12
426 20 9
427 53 1
428 8 8
429 23 5
430 25 4
431 7 8
432 63 2
433 46 4
434 44 14
435 31 0
436 53 3
437 50 13
438 40 8
439 28 14
440 33 0
441 31 11
442 54 9
443 59 3
444 34 10
445 38 1
446 44 10
447 20 14
448 48 9
449 18 11
450 17 1
451 14 13
452 26 1
453 53 8
454 53 11
455 40 11
456 19 13
457 46 12
458 54 11
459 28 13
460 61 9
461 46 6
462 49 2
463 40 7
464 35 5
465 22 2
466 60 10
467 43 8
468 22 3
469 47 8
470 44 2
471 66 10
472 57 11
473 14 10
474 50 10
475 49 0
476 13 4
477 14 11
478 10 1
479 37 13
480 45 2
481 55 5
482 7 6
483 32 2
484 41 13
485 47 2
486 5 7
487 23 8
488 46 9
489 9 1
490 41 4
491 59 6
492 56 7
493 25 7
494 39 12
495 63 5
496 52 11
497 60 0
498 29 7
499 44 11
500 2 5
501 42 10
502 24 10
503 31 2
504 54 13
505 25 8
506 63 0
507 66 5
508 43 12
509 23 11
510 39 1
511 16 5
512 49 9
513 51 6
514 59 7
515 47 5
516 51 12
517 18 10
518 71 13
519 31 12
520 51 8
521 61 8
522 51 3
523 67 10
524 13 9
525 45 13
526 59 9
527 41 11
528 37 8
529 48 1
530 31 9
531 27 6
532 64 13
533 38 13
534 56 2
535 50 1
536 52 12
537 28 1
538 58 12
539 38 11
540 43 4
541 13 6
542 57 10
543 40 13
544 12 5
545 67 4
546 37 6
547 41 8
548 54 0
549 21 13
550 55 11
551 31 6
552 40 5
553 48 12
554 45 3
555 30 1
556 44 6
557 55 10
558 50 11
559 49 14
560 40 3
561 59 12
562 26 5
563 54 10
564 48 2
565 58 6
566 17 9
567 6 3
568 29 2
569 39 5
570 39 6
571 53 5
572 22 11
573 18 13
574 38 2
575 56 0
576 48 7
577 47 4
578 28 11
579 2 2
580 51 5
581 51 4
582 56 9
583 46 1
584 54 12
585 39 11
586 40 9
587 53 4
588 49 11
589 58 10
590 60 3
591 45 9
592 28 9
593 33 9
594 41 1
595 21 6
596 34 14
597 57 4
598 39 2
599 33 2
600 34 6
601 51 11
602 31 5
603 39 0
604 52 6
605 61 3
606 1 1
607 42 9
608 34 3
609 47 12
610 21 0
611 65 0
612 57 0
613 67 14
614 70 14
615 30 0
616 42 14
617 19 11
618 42 6
619 41 7
620 57 1
621 44 8
622 35 2
623 48 4
624 28 2
625 66 0
626 21 7
627 22 7
628 43 3
629 67 1
630 31 8
631 38 3
632 64 7
633 66 4
634 56 5
635 42 4
636 4 3
637 38 6
638 34 9
639 64 6
640 36 9
641 19 1
642 59 0
643 71 14
644 77 14
645 56 11
646 49 13
647 48 3
648 47 7
649 32 8
650 29 1
651 79 8
652 66 3
653 64 9
654 51 13
655 17 7
656 69 10
657 46 11
658 42 1
659 70 0
660 26 13
661 42 12
662 75 5
663 37 3
664 49 1
665 65 14
666 64 11
667 64 4
668 75 1
669 29 12
670 26 11
671 41 6
672 72 6
673 14 6
674 81 12
675 33 10
676 68 8
677 50 5
678 60 6
679 14 9
680 67 0
681 42 11
682 67 13
683 39 8
684 45 1
685 51 1
686 65 13
687 41 2
688 44 4
689 19 2
690 33 12
691 77 9
692 32 12
693 73 10
694 64 10
695 16 12
696 45 10
697 43 7
698 42 5
699 31 7
700 57 8
701 27 1
702 47 3
703 47 10
704 24 2
705 34 4
706 65 6
707 60 1
708 69 2
709 74 14
710 32 4
711 28 6
712 4 7
713 66 9
714 20 11
715 11 10
716 1 12
717 15 4
718 75 11
719 61 5
720 61 2
721 81 2
722 64 14
723 16 10
724 43 11
725 83 2
726 48 5
727 68 5
728 38 7
729 1 13
730 24 9
731 15 1
732 14 7
733 70 3
734 41 12
735 8 5
736 52 14
737 26 8
738 75 9
739 57 9
740 46 10
741 1 11
742 63 7
743 22 13
744 44 7
745 73 5
746 12 12
747 26 6
748 18 0
749 23 7
750 71 10
751 16 6
752 30 3
753 85 4
754 17 13
755 60 9
756 33 4
757 71 6
758 67 6
759 75 12
760 74 13
761 71 2
762 81 0
763 72 13
764 20 10
765 28 10
766 3 11
767 67 11
768 72 11
769 77 6
770 29 6
771 49 10
772 77 7
773 46 5
774 35 1
775 24 1
776 69 14
777 80 3
778 68 6
779 61 12
780 21 8
781 7 10
782 46 3
783 36 8
784 22 6
785 35 8
786 71 9
787 44 1
788 63 14
789 21 5
790 60 4
791 77 13
792 28 8
793 83 8
794 10 6
795 76 14
796 74 8
797 36 11
798 48 6
799 52 9
800 81 8
801 58 4
802 75 3
803 72 5
804 23 6
805 40 10
806 83 9
807 77 5
808 43 10
809 35 10
810 77 12
811 19 6
812 79 14
813 40 6
814 53 6
815 21 3
816 23 14
817 79 7
818 66 8
819 6 11
820 67 2
821 26 12
822 23 13
823 82 7
824 36 7
825 36 5
826 64 1
827 26 0
828 49 6
829 43 13
830 83 3
831 24 11
832 44 0
833 62 6
834 36 12
835 58 3
836 68 7
837 51 9
838 25 0
839 76 10
840 80 5
841 7 12
842 78 3
843 71 3
844 55 12
845 75 6
846 36 2
847 33 6
848 35 3
849 29 11
850 65 4
851 32 7
852 54 6
853 70 12
854 63 6
855 82 6
856 21 11
857 77 4
858 27 13
859 44 13
860 78 4
861 81 1
862 60 2
863 70 8
864 19 12
865 48 10
866 74 2
867 47 13
868 67 9
869 83 14
870 50 9
871 74 3
872 65 2
873 88 3
874 28 4
875 75 13
876 36 1
877 77 2
878 52 13
879 38 0
880 84 4
881 55 6
882 25 13
883 73 9
884 87 12
885 85 5
886 27 12
887 49 3
888 37 7
889 65 11
890 65 7
891 10 8
892 17 8
893 52 3
894 20 7
895 88 14
896 89 9
897 69 1
898 17 12
899 47 9
900 53 14
901 85 10
902 71 7
903 20 5
904 5 9
905 84 7
906 27 11
907 81 10
908 43 6
909 40 12
910 15 11
911 60 11
912 80 9
913 71 5
914 71 11
915 89 5
916 59 4
917 83 11
918 55 1
919 24 13
920 74 7
921 32 1
922 87 11
923 47 0
924 54 3
925 34 11
926 37 5
927 10 7
928 16 8
929 41 5
930 61 13
931 90 3
932 18 5
933 57 13
934 80 11
935 45 7
936 27 8
937 84 10
938 73 12
939 67 12
940 73 3
941 45 6
942 55 2
943 78 2
944 74 4
945 80 13
946 52 0
947 76 3
948 69 13
949 31 3
950 47 1
951 36 6
952 86 0
953 82 3
954 91 3
955 31 14
956 86 7
957 14 1
958 43 9
959 50 0
960 25 11
961 28 0
962 50 6
963 57 6
964 16 11
965 87 7
966 89 12
967 5 6
968 89 6
969 90 2
970 58 14
971 84 0
972 78 0
973 97 3
974 80 14
975 39 10
976 37 1
977 92 14
978 94 2
979 62 9
980 59 5
981 42 0
982 58 8
983 50 2
984 30 5
985 78 13
986 93 7
987 68 4
988 66 7
989 89 10
990 55 3
991 42 7
992 61 14
993 10 2
994 11 9
995 66 12
996 15 8
997 12 4
998 38 4
999 54 4
1000 61 7
1001 67 8
1002 65 5
1003 45 5
1004 71 0
1005 21 12
1006 80 6
1007 82 12
1008 83 10
1009 34 1
1010 12 11
1011 72 1
1012 78 1
1013 87 13
1014 64 2
1015 32 11
1016 68 1
1017 8 11
1018 97 5
1019 87 0
1020 30 10
1021 6 12
1022 11 7
1023 48 8
1024 80 0
1025 55 14
1026 90 8
1027 83 0
1028 48 13
1029 14 4
1030 11 13
1031 10 10
1032 98 14
1033 55 4
1034 25 12
1035 31 1
1036 92 3
1037 87 14
1038 77 10
1039 93 5
1040 16 13
1041 65 8
1042 89 0
1043 73 14
1044 14 12
1045 103 2
1046 99 0
1047 13 8
1048 54 2
1049 95 9
1050 101 0
1051 15 5
1052 73 8
1053 40 2
1054 100 7
1055 30 12
1056 47 11
1057 63 12
1058 93 8
1059 93 14
1060 73 0
1061 49 12
1062 15 10
1063 4 0
1064 85 14
1065 104 14
1066 13 13
1067 104 0
1068 96 12
1069 6 4
1070 52 2
1071 4 9
1072 9 12
1073 37 9
1074 10 3
1075 34 7
1076 84 2
1077 4 4
1078 86 2
1079 15 12
1080 18 1
1081 1 6
1082 38 5
1083 69 9
1084 82 13
1085 14 5
1086 70 7
1087 101 5
1088 81 14
1089 15 3
1090 86 1
1091 86 10
1092 22 12
1093 95 2
1094 83 13
1095 50 7
