0 2 0
1 3 2
2 7 0
3 1 2
4 3 0
5 8 0
6 5 7
7 1 4
8 4 6
9 0 2
10 6 7
11 10 6
12 11 5
13 12 2
14 0 5
15 13 7
16 1 6
17 4 7
18 15 1
19 8 2
20 1 7
21 14 4
22 10 0
23 2 7
24 15 2
25 12 5
26 11 0
27 0 0
28 8 4
29 5 0
30 1 0
31 5 6
32 9 7
33 7 5
34 16 4
35 6 1
36 10 5
37 5 3
38 0 4
39 9 1
40 17 4
41 15 7
42 16 3
43 13 0
44 14 7
45 0 1
46 18 0
47 16 0
48 20 0
49 11 2
50 15 6
51 0 6
52 9 2
53 21 1
54 3 7
55 2 2
56 10 1
57 4 5
58 17 0
59 15 0
60 0 3
61 21 4
62 2 6
63 22 1
64 13 2
65 20 5
66 5 1
67 18 1
68 18 7
69 3 3
70 16 6
71 20 2
72 4 1
73 17 2
74 12 6
75 4 2
76 24 1
77 3 1
78 10 3
79 1 5
80 23 4
81 6 3
82 14 2
83 23 3
84 21 3
85 25 5
86 14 0
87 11 4
88 3 4
89 5 2
90 14 6
91 18 2
92 19 5
93 22 4
94 24 0
95 15 4
96 13 6
97 16 1
98 3 5
99 8 5
100 18 5
101 7 4
102 26 7
103 16 2
104 24 3
105 23 5
106 20 3
107 27 0
108 28 5
109 18 6
110 22 2
111 25 0
112 5 4
113 15 5
114 9 0
115 19 3
116 22 7
117 24 7
118 12 7
119 13 5
120 28 0
121 30 4
122 6 0
123 30 0
124 25 4
125 21 6
126 25 6
127 26 2
128 9 6
129 24 2
130 27 6
131 31 4
132 30 6
133 32 2
134 19 0
135 1 3
136 31 1
137 2 5
138 20 7
139 21 2
140 23 2
141 28 7
142 33 1
143 22 0
144 34 6
145 9 5
146 10 7
147 32 5
148 26 5
149 34 2
150 33 5
151 21 0
152 33 2
153 34 0
154 28 1
155 32 0
156 39 2
157 33 7
158 31 7
159 30 2
160 17 1
161 40 0
162 39 3
163 26 4
164 27 3
165 4 0
166 8 7
167 7 2
168 37 7
169 12 3
170 59 5
171 26 6
172 30 1
173 29 4
174 37 0
175 8 1
176 42 4
177 28 6
178 7 3
179 31 6
180 59 7
181 42 6
182 40 6
183 39 1
184 35 0
185 41 0
186 39 4
187 42 0
188 41 6
189 29 0
190 10 4
191 41 1
192 57 1
193 8 6
194 29 6
195 14 1
196 39 6
197 38 6
198 36 0
199 60 6
200 9 4
201 26 3
202 39 0
203 35 4
204 13 1
205 1 1
206 27 5
207 24 6
208 43 1
209 36 7
210 37 1
211 13 4
212 8 3
213 2 3
214 12 1
215 11 3
216 38 1
217 21 5
218 28 4
219 39 5
220 38 3
221 4 3
222 6 4
223 19 4
224 31 3
225 44 0
226 17 6
227 23 0
228 46 0
229 12 0
230 47 2
231 9 3
232 64 2
233 25 7
234 0 7
235 48 0
236 26 1
237 46 1
238 19 6
239 63 4
240 22 6
241 40 4
242 51 5
243 32 1
244 31 5
245 7 1
246 20 6
247 55 4
248 36 6
249 53 7
250 45 4
251 29 7
252 5 5
253 11 1
254 16 7
255 53 3
256 10 2
257 30 3
258 21 7
259 33 4
260 48 6
261 14 3
262 41 2
263 50 6
264 11 6
265 17 7
266 7 7
267 31 0
268 29 2
269 48 7
270 57 3
271 3 6
272 19 1
273 17 5
274 41 3
275 35 6
276 52 0
277 53 2
278 42 5
279 51 0
280 45 2
281 7 6
282 6 2
283 27 7
284 49 0
285 34 7
286 33 6
287 16 5
288 38 7
289 15 3
290 27 2
291 48 1
292 47 3
293 35 2
294 38 5
295 46 3
296 33 0
297 53 5
298 54 2
299 47 7
300 23 7
301 42 7
302 38 4
303 51 4
304 32 3
305 30 7
306 27 1
307 36 5
308 23 6
309 43 5
310 54 3
311 56 7
312 56 1
313 29 1
314 19 2
315 49 1
316 42 2
317 30 5
318 35 7
319 53 4
320 55 6
321 47 6
322 43 0
323 56 4
324 54 0
325 38 0
326 26 0
327 50 0
328 58 0
329 43 6
330 55 0
331 59 0
332 37 4
333 61 4
334 45 3
335 32 7
336 65 1
337 62 7
338 47 4
339 49 6
340 40 1
341 24 5
342 50 3
343 34 5
344 54 6
345 18 3
346 66 7
347 39 7
348 52 3
349 65 0
350 61 2
351 20 4
352 46 6
353 68 0
354 46 7
355 37 6
356 59 1
357 44 7
358 67 1
359 51 2
360 55 7
361 22 3
362 69 7
363 71 2
364 40 7
365 60 7
366 70 0
367 63 1
368 61 6
369 36 1
370 40 5
371 70 5
372 35 1
373 66 6
374 65 2
375 44 2
376 43 3
377 49 3
378 36 4
379 28 3
380 12 4
381 41 4
382 32 6
383 70 2
384 67 5
385 44 3
386 57 2
387 27 4
388 46 2
389 13 3
390 48 5
391 40 3
392 38 2
393 49 4
394 68 1
395 60 1
396 66 3
397 56 0
398 45 1
399 71 0
400 73 7
401 65 7
402 68 5
403 49 7
404 28 2
405 60 0
406 34 4
407 52 5
408 70 3
409 64 7
410 48 4
411 72 2
412 72 0
413 62 6
414 75 0
415 63 0
416 52 2
417 50 5
418 74 3
419 47 0
420 78 0
421 66 0
422 74 7
423 58 1
424 67 4
425 52 6
426 69 0
427 40 2
428 25 3
429 6 6
430 82 7
431 47 5
432 80 6
433 78 2
434 68 4
435 14 5
436 25 2
437 59 3
438 83 7
439 44 1
440 43 7
441 78 6
442 82 0
443 24 4
444 58 5
445 76 0
446 77 7
447 37 2
448 67 2
449 57 7
450 84 7
451 70 6
452 55 1
453 23 1
454 43 4
455 67 7
456 76 7
457 73 3
458 67 0
459 80 4
460 67 3
461 89 6
462 41 7
463 85 4
464 71 4
465 2 1
466 73 2
467 92 0
468 35 3
469 73 4
470 86 2
471 93 2
472 58 6
473 75 7
474 88 4
475 6 5
476 22 5
477 34 1
478 45 5
479 88 1
480 41 5
481 53 1
482 92 3
483 44 6
484 86 5
485 89 0
486 33 3
487 60 3
488 44 5
489 35 5
490 78 3
491 69 1
492 37 3
493 29 5
494 93 0
495 84 2
496 88 2
497 90 7
498 74 0
499 95 2
500 82 1
501 74 1
502 57 4
503 19 7
504 36 3
505 92 6
506 58 7
507 46 5
508 85 2
509 89 3
510 71 5
511 45 0
512 86 0
513 77 0
514 83 0
515 94 0
516 79 0
517 64 0
518 87 0
519 69 3
520 32 4
521 2 4
522 92 5
523 75 4
524 50 1
525 84 1
526 96 0
527 11 7
528 91 0
529 37 5
530 79 4
531 18 4
532 97 6
533 59 4
534 100 2
535 87 4
536 79 1
537 64 6
538 67 6
539 68 7
540 99 1
541 82 4
542 48 2
543 54 4
544 100 6
545 81 3
546 88 0
547 61 3
548 99 5
549 20 1
550 86 7
551 96 7
552 91 6
553 62 4
554 34 3
555 46 4
556 29 3
557 50 7
558 56 5
559 90 6
560 93 3
561 83 3
562 42 1
563 80 0
564 89 4
565 25 1
566 31 2
567 95 6
568 80 3
569 87 5
570 17 3
571 94 4
572 79 5
573 73 1
574 99 6
575 57 5
576 93 1
577 56 6
578 53 6
579 49 2
580 100 4
581 42 3
582 97 3
583 91 1
584 55 3
585 96 5
586 4 4
