0 0 0
1 0 1
2 1 0
3 2 0
4 3 0
5 5 0
6 6 0
7 7 0
8 9 0
9 8 6
10 10 0
11 11 0
12 12 0
13 14 0
14 15 0
15 17 0
16 18 0
17 20 2
18 21 6
19 16 2
20 19 0
21 18 2
22 20 5
23 23 4
24 25 0
25 23 3
26 27 0
27 25 3
28 25 5
29 30 2
30 30 0
31 31 0
32 29 5
33 32 0
34 36 3
35 34 6
36 36 0
37 36 5
38 37 5
39 39 0
40 40 0
41 42 0
42 43 0
43 40 1
44 44 0
45 48 2
46 44 1
47 45 5
48 47 0
49 48 0
50 51 0
51 53 2
52 55 5
53 53 0
54 54 0
55 55 0
56 56 0
57 57 0
58 58 0
59 59 0
60 61 0
61 62 0
62 64 0
63 66 0
64 61 6
65 64 3
66 67 0
67 66 1
68 68 0
69 69 0
70 70 0
71 72 6
72 73 6
73 75 5
74 77 3
75 72 5
76 77 4
77 75 6
78 77 5
79 78 6
80 80 0
81 78 3
82 81 0
83 85 5
84 81 4
85 83 0
86 84 0
87 86 0
88 87 0
89 89 0
90 91 0
91 93 1
92 95 6
93 92 0
94 91 5
95 96 0
96 93 2
97 96 5
98 99 2
99 98 0
100 97 1
101 99 1
102 102 0
103 103 0
104 104 0
105 104 3
106 106 0
107 108 0
108 110 4
109 112 1
110 107 5
111 108 4
112 110 0
113 112 0
114 114 0
115 116 0
116 119 1
117 120 6
118 115 5
119 116 2
120 118 5
121 119 0
122 121 0
123 123 0
124 125 0
125 127 2
126 129 1
127 124 4
128 130 4
129 129 0
130 130 0
131 134 2
132 129 2
133 131 5
134 132 0
135 134 0
136 136 0
137 139 4
138 138 0
139 139 0
140 140 0
141 141 0
142 142 0
143 143 0
144 144 0
145 145 0
146 146 0
147 147 0
148 148 0
149 149 0
150 150 0
151 151 0
152 152 0
153 153 0
154 154 0
155 155 0
156 153 5
157 154 5
158 156 0
159 158 0
160 160 0
161 162 6
162 164 6
163 165 6
164 161 5
165 166 3
166 166 0
167 164 2
168 167 0
169 168 0
170 169 0
171 170 2
172 172 0
173 174 0
174 176 0
175 178 2
176 179 4
177 178 0
178 181 2
179 176 6
180 178 1
181 180 0
182 183 0
183 186 6
184 181 5
185 183 3
186 186 0
187 189 4
188 187 0
189 192 1
190 192 3
191 188 3
192 189 0
193 191 0
194 192 0
195 194 0
196 195 0
197 196 0
198 198 0
199 202 6
200 199 0
201 200 0
202 202 0
203 203 0
204 204 0
205 205 0
206 206 0
207 204 3
208 206 4
209 209 0
210 210 0
211 211 0
212 213 0
213 214 0
214 216 1
215 218 5
216 215 0
217 214 4
218 215 5
219 217 3
220 219 0
221 220 0
222 223 0
223 224 5
224 222 2
225 226 2
226 226 0
227 228 5
228 227 0
229 227 6
230 227 2
231 229 0
232 231 0
233 233 0
234 237 3
235 236 0
236 234 5
237 235 2
238 237 0
239 239 0
240 241 3
241 244 6
242 240 0
243 243 0
244 241 2
245 243 2
246 245 0
247 247 0
248 249 0
249 252 5
250 247 6
251 248 6
252 250 0
253 251 3
254 253 0
255 253 5
256 254 0
257 256 2
258 257 0
259 258 5
260 260 0
261 261 0
262 262 0
263 264 0
264 265 0
265 267 6
266 269 4
267 266 0
268 267 2
269 266 3
270 269 0
271 273 6
272 275 5
273 273 0
274 271 3
275 273 5
276 275 0
277 277 0
278 279 1
279 282 2
280 277 2
281 279 0
282 282 0
283 284 0
284 281 4
285 322 2
286 285 5
287 318 0
288 287 0
289 289 0
290 291 1
291 292 0
292 314 3
293 293 0
294 293 2
295 295 0
296 311 6
297 297 0
298 298 0
299 308 2
300 299 0
301 306 2
302 301 0
303 303 0
304 304 0
305 306 0
306 301 5
307 308 0
308 298 3
309 309 0
310 312 6
311 293 5
312 312 0
313 291 4
314 315 1
315 314 0
316 289 4
317 318 1
318 286 5
319 289 1
320 285 2
321 285 0
322 282 5
323 282 6
324 280 4
325 281 6
326 278 2
327 280 3
328 276 5
329 278 6
330 274 6
331 277 4
332 273 2
333 272 1
334 270 2
335 273 3
336 272 6
337 270 4
338 268 2
339 266 5
340 265 3
341 264 1
342 263 2
343 262 3
344 260 4
345 259 4
346 343 0
347 258 0
348 260 2
349 258 2
350 256 0
351 254 3
352 255 2
353 252 2
354 252 0
355 250 2
356 248 3
357 249 1
358 246 1
359 248 2
360 247 2
361 246 2
362 244 1
363 243 1
364 242 4
365 240 1
366 239 6
367 238 2
368 237 2
369 236 6
370 234 0
371 233 2
372 232 1
373 373 0
374 234 6
375 232 6
376 230 6
377 228 4
378 228 3
379 227 1
380 225 6
381 380 0
382 224 3
383 222 6
384 220 5
385 221 0
386 220 3
387 218 1
388 217 0
389 219 2
390 217 2
391 215 2
392 213 1
393 211 2
394 211 4
395 213 5
396 210 6
397 395 0
398 208 2
399 207 6
400 400 0
401 206 5
402 202 5
403 205 5
404 203 5
405 202 2
406 200 3
407 199 2
408 198 3
409 197 6
410 196 6
411 194 3
412 193 3
413 192 5
414 190 4
415 189 5
416 188 2
417 191 6
418 188 6
419 186 4
420 184 5
421 185 2
422 184 0
423 185 1
424 182 0
425 181 0
426 180 1
427 181 6
428 179 2
429 177 1
430 176 2
431 175 2
432 173 5
433 171 1
434 172 2
435 173 4
436 170 0
437 169 2
438 167 5
439 165 1
440 439 0
441 165 0
442 163 0
443 161 3
444 162 0
445 161 4
446 445 0
447 160 6
448 158 2
449 157 6
450 156 1
451 155 6
452 152 1
453 451 0
454 455 0
455 150 3
456 148 6
457 147 6
458 149 4
459 145 6
460 146 6
461 145 2
462 146 4
463 143 5
464 141 6
465 139 1
466 141 2
467 138 2
468 466 0
469 136 1
470 135 0
471 133 4
472 132 6
473 132 4
474 131 4
475 130 1
476 128 4
477 128 6
478 126 5
479 126 0
480 124 1
481 126 3
482 124 5
483 122 4
484 484 0
485 120 1
486 118 2
487 117 1
488 120 4
489 119 6
490 117 0
491 116 6
492 114 3
493 111 6
494 112 3
495 111 2
496 109 6
497 108 1
498 106 6
499 105 4
500 108 3
501 105 3
502 102 4
503 105 5
504 102 5
505 100 2
506 97 2
507 99 0
508 101 3
509 99 6
510 97 6
511 95 5
512 94 4
513 92 2
514 90 2
515 94 0
516 92 1
517 89 2
518 88 2
519 84 4
520 86 6
521 85 2
522 84 3
523 82 6
524 80 2
525 79 6
526 77 1
527 76 6
528 78 0
529 78 2
530 77 0
531 76 0
532 74 0
533 71 0
534 73 0
535 536 0
536 68 4
537 67 5
538 67 3
539 66 5
540 69 6
541 68 2
542 66 4
543 64 2
544 63 2
545 61 4
546 60 4
547 59 2
548 58 1
549 57 5
550 55 6
551 55 1
552 53 4
553 553 0
554 52 6
555 51 6
556 50 3
557 49 2
558 47 6
559 47 1
560 46 3
561 45 6
562 44 6
563 43 2
564 41 6
565 39 4
566 37 1
567 36 1
568 38 0
569 38 6
570 570 0
571 36 6
572 35 0
573 33 5
574 32 3
575 31 5
576 30 3
577 29 4
578 27 5
579 26 0
580 25 4
581 23 5
582 22 2
583 21 5
584 22 0
585 18 4
586 20 0
587 19 3
588 21 2
589 18 6
590 16 6
591 15 1
592 15 6
593 13 5
594 594 0
595 11 1
596 12 3
597 9 6
598 5 1
599 9 4
600 5 4
601 2 3
602 4 1
603 6 2
604 2 5
605 0 2
606 606 0
