0 0 0
1 1 0
2 2 0
3 3 0
4 4 0
5 5 0
6 6 0
7 7 0
8 8 0
9 9 0
10 9 35
11 11 0
12 12 0
13 13 0
14 13 34
15 15 0
16 16 0
17 17 0
18 18 0
19 18 20
20 20 0
21 21 0
22 23 22
23 22 3
24 24 0
25 25 0
26 27 19
27 27 0
28 28 0
29 29 0
30 31 38
31 31 0
32 32 0
33 33 0
34 34 0
35 36 42
36 36 0
37 37 0
38 38 0
39 38 30
40 40 0
41 41 0
42 42 0
43 44 47
44 44 0
45 45 0
46 46 0
47 47 0
48 48 0
49 49 0
50 50 0
51 51 0
52 52 0
53 53 0
54 54 0
55 55 0
56 56 0
57 57 0
58 58 0
59 59 0
60 61 24
61 61 0
62 62 0
63 63 0
64 64 0
65 65 0
66 66 0
67 67 0
68 67 35
69 69 0
70 70 0
71 70 25
72 72 0
73 73 0
74 74 0
75 75 0
76 77 33
77 77 0
78 77 6
79 79 0
80 80 0
81 81 0
82 82 0
83 84 13
84 84 0
85 84 1
86 86 0
87 87 0
88 87 33
89 89 0
90 90 0
91 91 0
92 92 0
93 93 0
94 94 0
95 95 0
96 96 0
97 97 0
98 98 0
99 99 0
100 100 0
101 101 0
102 102 0
103 103 0
104 104 0
105 106 23
106 106 0
107 107 0
108 108 0
109 109 0
110 110 0
111 111 0
112 112 0
113 113 0
114 114 0
115 115 0
116 116 0
117 117 0
118 118 0
119 120 32
120 119 0
121 121 0
122 122 0
123 123 0
124 124 0
125 125 0
126 125 42
127 127 0
128 128 0
129 128 7
130 130 0
131 131 0
132 132 0
133 133 0
134 134 0
135 135 0
136 136 0
137 137 0
138 138 0
139 139 0
140 140 0
141 141 0
142 142 0
143 143 0
144 144 0
145 145 0
146 147 0
147 146 7
148 148 0
149 149 0
150 150 0
151 151 0
152 153 23
153 153 0
154 154 0
155 155 0
156 156 0
157 157 0
158 157 24
159 159 0
160 160 0
161 161 0
162 162 0
163 163 0
164 164 0
165 166 33
166 165 0
167 167 0
168 168 0
169 169 0
170 170 0
171 171 0
172 173 31
173 172 0
174 174 0
175 175 0
176 176 0
177 177 0
178 178 0
179 179 0
180 180 0
181 181 0
182 182 0
183 183 0
184 183 1
185 185 0
186 186 0
187 186 20
188 188 0
189 189 0
190 191 28
191 191 0
192 191 33
193 193 0
194 194 0
195 195 0
196 197 34
197 197 0
198 197 4
199 199 0
200 200 0
201 201 0
202 202 0
203 203 0
204 203 33
205 205 0
206 206 0
207 207 0
208 208 0
209 209 0
210 210 0
211 211 0
212 212 0
213 213 0
214 214 0
215 215 0
216 215 24
217 217 0
218 218 0
219 218 27
220 220 0
221 221 0
222 222 0
223 223 0
224 224 0
225 224 42
226 226 0
227 227 0
228 228 0
229 229 0
230 230 0
231 231 0
232 232 0
233 233 0
234 234 0
235 235 0
236 236 0
237 237 0
238 238 0
239 239 0
240 240 0
241 241 0
242 241 46
243 243 0
244 244 0
245 245 0
246 246 0
247 247 0
248 248 0
249 249 0
250 250 0
251 251 0
252 252 0
253 253 0
254 254 0
255 255 0
256 256 0
257 257 0
258 258 0
259 259 0
260 260 0
261 261 0
262 262 0
263 263 0
264 264 0
265 265 0
266 266 0
267 267 0
268 268 0
269 269 0
270 270 0
271 271 0
272 272 0
273 273 0
274 274 0
275 275 0
276 276 0
277 277 0
278 278 0
279 279 0
280 280 0
281 281 0
282 282 0
283 283 0
284 284 0
285 285 0
286 286 0
287 286 48
288 288 0
289 289 0
290 290 0
291 291 0
292 292 0
293 293 0
294 294 0
295 296 46
296 296 0
297 296 38
298 298 0
299 299 0
300 300 0
301 301 0
302 302 0
303 303 0
304 304 0
305 305 0
306 306 0
307 307 0
308 307 3
309 309 0
310 310 0
311 312 18
312 312 0
313 313 0
314 314 0
315 315 0
316 316 0
317 317 0
318 318 0
319 319 0
320 319 38
321 321 0
322 322 0
323 323 0
324 324 0
325 325 0
326 326 0
327 327 0
328 328 0
329 329 0
330 330 0
331 331 0
332 332 0
333 333 0
334 333 16
335 335 0
336 336 0
337 337 0
338 338 0
339 339 0
340 340 0
341 341 0
342 342 0
343 343 0
344 344 0
345 345 0
346 345 42
347 347 0
348 348 0
349 349 0
350 350 0
351 351 0
352 353 0
353 352 6
354 354 0
355 355 0
356 356 0
357 357 0
358 359 9
359 359 0
360 360 0
361 361 0
362 361 21
363 363 0
364 364 0
365 365 0
366 366 0
367 367 0
368 368 0
369 368 44
370 370 0
371 371 0
372 372 0
373 373 0
374 374 0
375 376 26
376 376 0
377 376 16
378 378 0
379 379 0
380 379 20
381 381 0
382 382 0
383 382 7
384 384 0
385 385 0
386 386 0
387 388 17
388 388 0
389 388 16
390 390 0
391 391 0
392 392 0
393 393 0
394 394 0
395 394 39
396 396 0
397 397 0
398 398 0
399 399 0
400 400 0
401 402 33
402 402 0
403 403 0
404 404 0
405 405 0
406 406 0
407 407 0
408 407 36
409 409 0
410 410 0
411 411 0
412 412 0
413 413 0
414 415 0
415 414 3
416 416 0
417 417 0
418 418 0
419 450 5
420 420 0
421 420 26
422 422 0
423 423 0
424 424 0
425 425 0
426 426 0
427 442 0
428 428 0
429 428 3
430 430 0
431 438 0
432 432 0
433 433 0
434 434 0
435 435 0
436 436 0
437 437 0
438 431 47
439 439 0
440 440 0
441 428 47
442 427 3
443 443 0
444 444 0
445 424 44
446 423 6
447 422 39
448 448 0
449 420 27
450 450 0
451 451 0
452 417 22
453 416 1
454 415 4
455 414 48
456 413 13
457 412 13
458 411 32
459 410 31
460 409 31
461 408 31
462 407 40
463 463 0
464 405 34
465 404 38
466 403 34
467 402 35
468 401 18
469 400 26
470 399 14
471 398 12
472 397 2
473 396 12
474 395 28
475 394 31
476 393 31
477 392 31
478 391 31
479 390 22
480 389 10
481 388 26
482 387 30
483 386 30
484 385 10
485 384 11
486 383 15
487 382 23
488 381 16
489 380 2
490 379 23
491 378 9
492 377 35
493 376 28
494 375 25
495 374 6
496 373 3
497 372 9
498 371 22
499 370 15
500 369 18
501 368 35
502 367 41
503 366 41
504 365 38
505 364 13
506 363 9
507 362 11
508 361 17
509 360 14
510 359 14
511 358 9
512 357 24
513 356 43
514 355 38
515 354 46
516 353 20
517 352 14
518 351 6
519 350 48
520 349 32
521 348 26
522 347 40
523 346 41
524 345 13
525 344 33
526 343 9
527 342 6
528 341 3
529 340 23
530 339 28
531 338 38
532 337 8
533 336 46
534 335 6
535 334 25
536 333 15
537 332 29
538 331 16
539 330 34
540 329 20
541 328 36
542 327 33
543 326 10
544 325 4
545 324 25
546 323 15
547 322 33
548 321 13
549 320 13
550 319 1
551 318 12
552 317 9
553 316 13
554 315 9
555 314 13
556 313 20
557 312 19
558 311 6
559 310 38
560 309 35
561 308 25
562 307 10
563 306 43
564 305 46
565 304 8
566 303 43
567 302 45
568 301 20
569 300 42
570 299 4
571 298 27
572 297 40
573 296 33
574 295 14
575 294 38
576 293 45
577 292 36
578 291 32
579 290 23
580 289 46
581 288 36
582 287 42
583 286 36
584 285 46
585 284 41
586 283 21
587 282 31
588 281 17
589 280 45
590 279 34
591 278 24
592 277 32
593 276 3
594 275 46
595 274 32
596 273 31
597 272 31
598 271 33
599 270 25
600 269 47
601 268 25
602 267 31
603 266 9
604 265 22
605 264 2
606 263 33
607 262 2
608 261 27
609 260 20
610 259 35
611 258 13
612 257 4
613 256 12
614 255 18
615 254 14
616 253 25
617 252 34
618 251 40
619 250 31
620 249 30
621 248 1
622 622 0
623 246 31
624 245 47
625 244 43
626 243 34
627 242 30
628 241 45
629 240 1
630 239 46
631 238 48
632 237 31
633 236 39
634 235 20
635 234 31
636 233 31
637 232 31
638 231 21
639 230 3
640 229 12
641 228 17
642 227 30
643 226 18
644 225 28
645 224 2
646 223 46
647 222 7
648 221 12
649 220 9
650 219 6
651 218 35
652 217 4
653 216 38
654 215 16
655 214 40
656 213 24
657 212 5
658 211 17
659 210 3
660 209 2
661 208 15
662 207 47
663 206 46
664 205 37
665 204 20
666 203 44
667 202 40
668 201 24
669 200 20
670 199 17
671 198 25
672 197 29
673 196 46
674 195 42
675 194 15
676 193 27
677 192 26
678 191 43
679 190 23
680 189 3
681 188 43
682 187 28
683 186 43
684 185 44
685 184 18
686 183 16
687 182 30
688 181 29
689 180 32
690 179 22
691 178 28
692 177 21
693 176 26
694 175 25
695 174 21
696 173 4
697 172 32
698 171 2
699 170 25
700 169 2
701 168 25
702 167 47
703 166 46
704 165 37
705 164 12
706 163 1
707 162 11
708 161 34
709 160 29
710 159 1
711 158 40
712 157 31
713 156 46
714 155 31
715 154 2
716 153 6
717 152 6
718 151 1
719 150 46
720 149 8
721 148 25
722 147 31
723 146 17
724 145 1
725 144 10
726 143 43
727 142 31
728 141 30
729 140 34
730 139 20
731 138 30
732 137 30
733 136 20
734 135 42
735 134 41
736 133 38
737 132 1
738 131 2
739 130 16
740 129 31
741 128 35
742 127 1
743 126 16
744 125 48
745 124 43
746 123 47
747 122 38
748 121 26
749 120 4
750 119 3
751 118 32
752 117 39
753 116 24
754 115 5
755 114 30
756 113 39
757 112 1
758 111 2
759 110 10
760 109 32
761 108 25
762 762 0
763 106 31
764 105 41
765 104 34
766 103 4
767 102 1
768 101 1
769 100 43
770 99 31
771 771 0
772 97 43
773 96 30
774 95 20
775 94 26
776 93 18
777 92 33
778 91 1
779 90 13
780 89 18
781 88 34
782 87 46
783 86 9
784 85 47
785 84 33
786 83 46
787 82 35
788 81 48
789 80 32
790 79 11
791 78 11
792 77 5
793 76 9
794 75 18
795 74 28
796 73 25
797 72 13
798 71 21
799 70 47
800 69 34
801 68 30
802 67 34
803 66 46
804 65 2
805 64 31
806 63 47
807 62 46
808 61 40
809 60 28
810 59 5
811 57 38
812 57 30
813 55 18
814 55 29
815 55 46
816 53 1
817 52 47
818 51 47
819 50 24
820 49 33
821 48 22
822 46 10
823 46 48
824 45 28
825 44 39
826 43 30
827 42 47
828 41 37
829 40 44
830 39 38
831 38 14
832 36 10
833 36 33
834 36 46
835 34 14
836 33 12
837 32 20
838 31 34
839 30 31
840 29 48
841 28 11
842 27 47
843 26 20
844 25 33
845 24 25
846 23 0
847 22 24
848 21 9
849 20 25
850 19 11
851 18 46
852 17 33
853 16 29
854 15 35
855 14 44
856 13 41
857 12 6
858 12 34
859 10 2
860 9 32
861 7 32
862 7 5
863 6 26
864 5 27
865 4 24
866 3 46
867 2 31
868 0 21
869 869 0
