0 0 0
1 1 0
2 2 9
3 2 21
4 4 0
5 5 0
6 6 0
7 7 0
8 7 9
9 9 9
10 10 9
11 11 9
12 12 9
13 13 9
14 15 9
15 14 21
16 16 0
17 17 9
18 18 9
19 20 9
20 19 37
21 21 9
22 22 9
23 23 9
24 24 9
25 25 9
26 26 0
27 27 0
28 28 0
29 29 0
30 30 9
31 31 9
32 32 9
33 32 25
34 34 0
35 35 0
36 36 0
37 37 0
38 37 8
39 39 0
40 40 0
41 41 0
42 42 0
43 43 0
44 44 0
45 45 0
46 46 0
47 47 0
48 48 9
49 49 9
50 49 21
51 51 0
52 52 0
53 53 0
54 54 0
55 55 0
56 56 9
57 57 9
58 58 0
59 59 0
60 60 0
61 61 0
62 62 0
63 63 0
64 64 0
65 64 35
66 66 0
67 67 9
68 68 0
69 69 9
70 70 0
71 71 0
72 72 0
73 72 43
74 74 0
75 75 0
76 76 0
77 77 0
78 78 0
79 79 0
80 80 0
81 81 0
82 81 9
83 83 9
84 84 0
85 85 9
86 86 0
87 87 9
88 89 9
89 89 0
90 90 0
91 91 0
92 92 0
93 93 0
94 94 0
95 95 0
96 96 0
97 97 0
98 98 9
99 99 0
100 100 0
101 101 0
102 102 0
103 103 0
104 104 0
105 105 0
106 107 14
107 107 0
108 108 0
109 109 0
110 110 0
111 111 0
112 112 0
113 113 0
114 114 0
115 115 0
116 116 0
117 117 0
118 118 0
119 119 0
120 119 13
121 121 0
122 122 0
123 123 0
124 124 0
125 125 0
126 126 0
127 127 0
128 128 0
129 129 0
130 130 0
131 131 0
132 132 0
133 133 0
134 134 0
135 135 0
136 136 0
137 137 0
138 138 0
139 139 0
140 140 0
141 141 0
142 142 0
143 143 0
144 144 0
145 144 32
146 146 0
147 147 0
148 148 0
149 149 0
150 150 0
151 151 0
152 152 0
153 153 0
154 154 0
155 155 0
156 155 9
157 157 0
158 158 0
159 159 0
160 160 0
161 161 0
162 162 0
163 163 0
164 164 0
165 165 0
166 166 0
167 167 0
168 168 0
169 169 0
170 170 0
171 171 0
172 172 0
173 172 5
174 174 0
175 175 9
176 176 0
177 177 0
178 178 0
179 179 0
180 180 0
181 180 24
182 182 0
183 183 9
184 184 0
185 185 0
186 186 9
187 187 0
188 188 0
189 189 0
190 190 0
191 192 0
192 191 9
193 193 0
194 194 0
195 195 0
196 196 0
197 197 0
198 197 21
199 199 0
200 200 0
201 201 0
202 201 6
203 203 0
204 204 0
205 205 0
206 207 21
207 206 9
208 208 9
209 209 0
210 210 0
211 211 9
212 212 9
213 213 0
214 214 9
215 215 9
216 217 9
217 217 0
218 218 0
219 219 0
220 220 0
221 221 0
222 222 0
223 223 0
224 224 0
225 225 0
226 226 0
227 227 0
228 228 0
229 229 0
230 230 0
231 231 0
232 232 0
233 233 0
234 234 0
235 235 0
236 236 0
237 237 0
238 238 0
239 239 0
240 240 0
241 241 0
242 242 0
243 243 0
244 244 0
245 245 0
246 246 0
247 247 0
248 248 0
249 248 24
250 250 0
251 251 0
252 252 0
253 253 0
254 254 0
255 254 9
256 256 0
257 257 0
258 258 0
259 259 0
260 261 12
261 261 0
262 262 0
263 262 3
264 264 0
265 265 0
266 265 31
267 267 0
268 268 0
269 269 0
270 270 0
271 271 0
272 272 0
273 273 0
274 274 0
275 275 0
276 276 0
277 277 0
278 278 0
279 280 12
280 279 0
281 281 0
282 282 0
283 283 0
284 284 0
285 285 0
286 285 42
287 287 0
288 288 0
289 289 0
290 290 0
291 291 0
292 292 0
293 293 0
294 294 0
295 295 0
296 296 0
297 298 0
298 297 30
299 299 0
300 300 0
301 301 0
302 302 0
303 303 0
304 304 0
305 305 0
306 306 0
307 307 0
308 308 0
309 309 0
310 310 0
311 311 0
312 312 0
313 313 0
314 314 0
315 315 0
316 316 0
317 317 0
318 318 0
319 319 0
320 320 0
321 321 0
322 322 0
323 323 0
324 324 0
325 325 0
326 326 0
327 327 0
328 328 0
329 329 0
330 330 0
331 331 0
332 332 0
333 333 0
334 334 0
335 335 0
336 336 0
337 337 0
338 338 9
339 339 0
340 340 9
341 341 0
342 343 16
343 343 0
344 344 0
345 345 0
346 346 0
347 346 46
348 348 0
349 349 0
350 350 0
351 351 0
352 352 0
353 353 0
354 354 0
355 355 0
356 356 0
357 357 0
358 358 0
359 359 0
360 360 0
361 361 9
362 362 9
363 363 0
364 363 42
365 364 9
366 366 0
367 367 0
368 368 0
369 369 0
370 370 0
371 371 0
372 372 0
373 373 0
374 374 0
375 374 1
376 376 0
377 377 0
378 378 0
379 379 0
380 380 0
381 381 0
382 382 0
383 383 0
384 384 0
385 385 0
386 386 0
387 387 0
388 388 0
389 389 0
390 390 0
391 391 0
392 392 0
393 393 0
394 394 0
395 395 0
396 396 0
397 397 0
398 398 0
399 399 0
400 400 0
401 401 0
402 402 0
403 403 0
404 404 0
405 405 0
406 406 0
407 407 0
408 407 9
409 409 0
410 410 9
411 411 0
412 412 0
413 413 9
414 415 9
415 415 0
416 416 0
417 416 9
418 418 9
419 419 9
420 420 9
421 421 0
422 422 0
423 423 0
424 425 34
425 425 0
426 426 0
427 427 0
428 428 9
429 429 0
430 430 0
431 431 0
432 432 0
433 433 0
434 434 0
435 435 0
436 437 9
437 436 15
438 438 0
439 439 0
440 440 0
441 441 0
442 442 0
443 443 9
444 444 9
445 445 9
446 447 9
447 447 0
448 448 0
449 449 0
450 450 0
451 450 37
452 452 0
453 453 0
454 454 0
455 455 9
456 456 0
457 457 0
458 458 0
459 459 0
460 460 0
461 461 0
462 462 0
463 463 0
464 464 0
465 465 0
466 466 0
467 467 0
468 468 0
469 469 0
470 470 0
471 471 0
472 472 0
473 473 0
474 459 26
475 475 0
476 476 0
477 477 0
478 478 0
479 454 25
480 453 16
481 452 17
482 451 5
483 450 24
484 449 17
485 448 16
486 447 4
487 446 0
488 488 9
489 489 9
490 490 9
491 442 9
492 441 5
493 440 25
494 439 9
495 438 37
496 496 0
497 436 0
498 435 1
499 434 1
500 433 3
501 432 9
502 431 1
503 430 20
504 429 44
505 428 0
506 427 30
507 426 6
508 425 14
509 424 30
510 423 6
511 422 43
512 421 9
513 420 0
514 419 0
515 418 0
516 417 0
517 416 15
518 415 2
519 414 0
520 413 0
521 412 21
522 411 16
523 410 0
524 409 13
525 408 0
526 407 27
527 406 38
528 405 40
529 404 16
530 403 15
531 402 29
532 401 44
533 400 3
534 399 28
535 398 34
536 397 6
537 396 25
538 395 9
539 394 12
540 393 12
541 392 10
542 391 9
543 390 21
544 389 42
545 388 9
546 387 14
547 386 35
548 385 9
549 384 9
550 383 21
551 382 5
552 381 22
553 380 9
554 379 44
555 378 9
556 377 9
557 376 9
558 375 26
559 374 9
560 373 1
561 372 46
562 371 14
563 370 37
564 369 9
565 368 10
566 367 9
567 366 9
568 365 9
569 364 32
570 363 15
571 362 0
572 361 0
573 360 15
574 359 43
575 358 3
576 357 28
577 356 6
578 355 47
579 354 9
580 353 14
581 352 31
582 351 42
583 350 47
584 349 6
585 348 8
586 347 9
587 346 10
588 345 32
589 344 31
590 343 12
591 342 1
592 341 47
593 340 0
594 339 40
595 338 0
596 337 47
597 336 6
598 335 12
599 334 46
600 333 5
601 332 25
602 331 15
603 330 30
604 329 27
605 328 27
606 327 38
607 326 37
608 325 9
609 324 45
610 323 37
611 322 21
612 321 12
613 320 9
614 319 9
615 318 9
616 317 9
617 316 9
618 315 9
619 314 10
620 313 9
621 312 31
622 311 9
623 310 44
624 309 20
625 308 9
626 307 9
627 306 9
628 305 9
629 304 12
630 303 31
631 302 9
632 301 9
633 300 8
634 299 9
635 298 9
636 297 26
637 296 14
638 295 9
639 294 9
640 293 9
641 292 42
642 291 44
643 290 9
644 289 37
645 288 9
646 287 9
647 286 9
648 285 4
649 284 9
650 283 25
651 282 9
652 281 9
653 280 4
654 279 47
655 655 9
656 277 9
657 276 45
658 275 1
659 274 31
660 273 3
661 272 15
662 271 30
663 270 46
664 269 30
665 268 46
666 267 13
667 266 4
668 265 2
669 264 42
670 263 21
671 262 9
672 261 35
673 260 9
674 259 9
675 258 39
676 257 9
677 256 20
678 255 0
679 254 21
680 253 9
681 252 13
682 251 47
683 250 21
684 249 46
685 248 14
686 247 30
687 246 9
688 245 9
689 244 9
690 243 9
691 242 31
692 241 19
693 240 10
694 239 13
695 238 38
696 237 6
697 236 19
698 235 9
699 234 46
700 233 22
701 232 46
702 231 31
703 230 41
704 229 30
705 228 6
706 227 8
707 226 32
708 225 4
709 224 11
710 223 25
711 222 43
712 221 22
713 220 42
714 219 4
715 218 45
716 217 34
717 216 0
718 215 0
719 214 0
720 213 6
721 212 0
722 211 0
723 210 11
724 209 5
725 208 0
726 207 0
727 206 47
728 205 26
729 204 4
730 203 30
731 202 46
732 201 37
733 200 21
734 199 45
735 198 10
736 197 33
737 196 15
738 195 9
739 194 12
740 193 9
741 192 9
742 191 3
743 190 26
744 189 9
745 188 7
746 187 47
747 186 32
748 185 18
749 184 44
750 183 0
751 182 6
752 181 32
753 180 2
754 179 27
755 178 23
756 177 24
757 176 35
758 175 0
759 174 43
760 173 15
761 172 25
762 171 15
763 170 35
764 169 9
765 168 29
766 167 5
767 166 12
768 165 37
769 164 1
770 163 24
771 162 35
772 161 22
773 160 32
774 159 14
775 158 47
776 157 26
777 156 0
778 155 29
779 154 8
780 153 1
781 152 9
782 151 45
783 150 22
784 149 6
785 148 39
786 147 18
787 146 33
788 145 4
789 144 31
790 143 16
791 142 22
792 141 29
793 140 17
794 139 43
795 138 42
796 137 18
797 136 30
798 135 42
799 134 13
800 133 2
801 132 9
802 131 5
803 130 21
804 129 15
805 128 46
806 127 25
807 126 18
808 125 24
809 124 27
810 123 24
811 122 7
812 121 23
813 120 42
814 119 15
815 118 29
816 117 9
817 116 21
818 115 31
819 114 37
820 113 21
821 112 24
822 111 32
823 110 45
824 109 11
825 108 11
826 107 41
827 106 4
828 105 40
829 104 44
830 103 42
831 102 46
832 101 4
833 100 1
834 99 26
835 98 0
836 97 17
837 96 24
838 95 46
839 94 33
840 93 30
841 92 26
842 91 10
843 90 4
844 89 26
845 88 0
846 87 0
847 86 17
848 85 32
849 84 9
850 83 46
851 82 0
852 81 23
853 80 15
854 79 16
855 78 37
856 77 37
857 76 14
858 75 9
859 74 37
860 73 14
861 72 32
862 71 17
863 70 14
864 69 0
865 68 30
866 67 0
867 66 11
868 65 5
869 64 32
870 63 22
871 62 9
872 61 11
873 60 43
874 59 16
875 58 28
876 57 0
877 56 0
878 55 34
879 54 24
880 53 30
881 52 6
882 51 46
883 50 35
884 49 0
885 48 0
886 47 26
887 46 9
888 45 9
889 44 9
890 43 9
891 42 9
892 41 25
893 40 12
894 39 3
895 38 16
896 37 37
897 36 9
898 35 9
899 34 32
900 33 6
901 32 0
902 31 0
903 30 0
904 29 14
905 28 32
906 27 4
907 26 17
908 25 0
909 24 0
910 23 0
911 22 0
912 21 0
913 20 0
914 19 0
915 18 0
916 17 0
917 16 5
918 14 23
919 14 0
920 13 0
921 12 0
922 11 0
923 10 0
924 9 0
925 8 0
926 7 3
927 6 12
928 5 9
929 4 32
930 3 1
931 2 0
932 1 9
933 933 0
