0 0 0
1 0 2
2 2 0
3 2 1
4 4 0
5 5 0
6 6 0
7 8 1
8 7 2
9 8 0
10 10 0
11 10 2
12 12 0
13 12 1
14 14 0
15 15 0
16 17 2
17 18 1
18 18 0
19 18 2
20 20 0
21 21 0
22 21 1
23 22 0
24 23 0
25 24 0
26 25 0
27 26 0
28 28 0
29 29 0
30 30 0
31 31 0
32 31 1
33 32 1
34 33 0
35 34 0
36 35 0
37 36 0
38 38 0
39 38 2
40 39 1
41 40 0
42 41 0
43 43 0
44 44 0
45 45 0
46 45 1
47 47 0
48 47 2
49 49 0
50 49 2
51 51 0
52 51 2
53 53 0
54 55 1
55 54 0
56 57 1
57 57 0
58 58 0
59 59 0
60 60 0
61 61 0
62 62 0
63 62 2
64 64 0
65 65 0
66 65 2
67 66 0
68 68 0
69 69 0
70 71 0
71 72 1
72 72 0
73 72 2
74 73 0
75 74 2
76 75 2
77 76 0
78 77 0
79 78 0
80 79 0
81 80 0
82 82 0
83 82 2
84 84 0
85 84 2
86 86 0
87 87 0
88 88 0
89 89 0
90 89 1
91 91 0
92 91 1
93 93 0
94 93 2
95 95 0
96 96 0
97 97 0
98 98 0
99 99 0
100 100 0
101 101 0
102 102 0
103 103 0
104 105 2
105 105 0
106 106 0
107 107 0
108 108 0
109 110 2
110 111 1
111 110 0
112 112 0
113 112 1
114 113 1
115 115 0
116 116 0
117 118 0
118 119 0
119 118 2
120 119 1
121 120 2
122 121 0
123 123 0
124 123 1
125 124 0
126 126 0
127 126 2
128 128 0
129 128 2
130 130 0
131 131 0
132 132 0
133 132 1
134 134 0
135 134 1
136 136 0
137 137 0
138 138 0
139 140 2
140 140 0
141 140 1
142 143 1
143 143 0
144 143 2
145 144 0
146 145 1
147 147 0
148 149 2
149 148 0
150 149 0
151 150 0
152 151 0
153 153 0
154 154 0
155 156 0
156 157 1
157 156 1
158 157 0
159 158 1
160 159 0
161 160 0
162 161 0
163 163 0
164 164 0
165 166 0
166 167 0
167 166 2
168 167 1
169 168 0
170 169 0
171 170 0
172 171 0
173 172 0
174 173 0
175 175 0
176 176 0
177 178 0
178 179 0
179 178 1
180 179 2
181 180 0
182 181 0
183 182 0
184 183 0
185 184 0
186 185 0
187 187 0
188 188 0
189 188 1
190 189 0
191 191 0
192 192 0
193 193 0
194 194 0
195 195 0
196 195 2
197 196 1
198 198 0
199 198 1
200 201 2
201 201 0
202 202 0
203 202 1
204 203 0
205 204 1
206 205 0
207 206 0
208 207 0
209 208 1
210 209 0
211 211 0
212 212 0
213 214 2
214 215 0
215 216 0
216 215 1
217 218 2
218 218 0
219 220 0
220 221 2
221 220 1
222 221 0
223 222 0
224 223 0
225 224 1
226 225 2
227 227 0
228 228 0
229 230 0
230 231 0
231 230 1
232 231 2
233 233 0
234 234 0
235 235 0
236 235 2
237 236 0
238 237 2
239 238 0
240 240 0
241 242 2
242 243 0
243 242 1
244 243 2
245 244 0
246 246 0
247 247 0
248 249 0
249 250 2
250 250 0
251 251 0
252 251 1
253 252 0
254 254 0
255 256 1
256 257 2
257 256 0
258 257 0
259 259 0
260 260 0
261 262 0
262 263 1
263 263 0
264 264 0
265 264 2
266 265 0
267 268 0
268 269 1
269 268 1
270 269 0
271 271 0
272 271 1
273 274 2
274 274 0
275 275 0
276 275 2
277 276 0
278 277 0
279 278 0
280 280 0
281 281 0
282 282 0
283 283 0
284 284 0
285 284 2
286 286 0
287 286 1
288 288 0
289 288 1
290 290 0
291 291 0
292 292 0
293 294 1
294 293 0
295 295 0
296 295 1
297 298 0
298 299 0
299 298 1
300 301 1
301 301 0
302 302 0
303 302 1
304 303 0
305 304 2
306 305 1
307 306 1
308 307 0
309 308 1
310 309 2
311 311 0
312 312 0
313 313 0
314 314 0
315 315 0
316 315 1
317 317 0
318 318 0
319 319 0
320 320 0
321 322 1
322 323 1
323 323 0
324 324 0
325 324 2
326 325 1
327 326 0
328 327 0
329 328 2
330 330 0
331 331 0
332 333 0
333 334 0
334 333 2
335 335 0
336 335 2
337 337 0
338 338 0
339 338 1
340 339 0
341 341 0
342 342 0
343 344 0
344 345 0
345 344 2
346 346 0
347 348 2
348 347 0
349 348 0
350 351 0
351 352 0
352 351 2
353 352 1
354 353 0
355 354 0
356 355 0
357 357 0
358 359 0
359 360 0
360 359 2
361 361 0
362 363 0
363 364 1
364 363 2
365 364 0
366 365 0
367 366 0
368 367 0
369 369 0
370 370 0
371 372 2
372 373 0
373 372 1
374 373 2
375 374 0
376 375 0
377 378 0
378 377 1
379 378 2
380 379 0
381 380 0
382 382 0
383 383 0
384 383 2
385 384 2
386 385 1
387 387 0
388 387 2
389 389 0
390 389 1
391 391 0
392 392 0
393 393 0
394 394 0
395 395 0
396 397 2
397 397 0
398 397 1
399 399 0
400 400 0
401 402 0
402 403 2
403 402 2
404 403 0
405 405 0
406 407 1
407 408 2
408 407 0
409 408 0
410 409 2
411 410 0
412 411 0
413 413 0
414 413 2
415 414 0
416 416 0
417 417 0
418 418 0
419 420 2
420 421 0
421 420 1
422 421 1
423 422 0
424 423 2
425 424 0
426 425 0
427 427 0
428 428 0
429 429 0
430 431 1
431 432 1
432 431 0
433 432 0
434 433 1
435 434 2
436 435 0
437 437 0
438 438 0
439 438 1
440 439 0
441 441 0
442 441 2
443 444 1
444 445 1
445 445 0
446 446 0
447 447 0
448 448 0
449 448 2
450 450 0
451 450 2
452 452 0
453 454 2
454 453 0
455 454 0
456 455 1
457 456 0
458 458 0
459 459 0
460 460 0
461 460 1
462 462 0
463 464 0
464 463 2
465 466 2
466 466 0
467 466 1
468 467 0
469 469 0
470 470 0
471 471 0
472 471 1
473 473 0
474 474 0
475 474 2
476 477 2
477 477 0
478 478 0
479 478 1
480 480 0
481 481 0
482 482 0
483 483 0
484 484 0
485 484 1
486 485 1
487 487 0
488 488 0
489 490 1
490 490 0
491 492 1
492 493 1
493 493 0
494 494 0
495 495 0
496 495 1
497 497 0
498 518 0
499 499 0
500 501 1
501 500 0
502 501 0
503 503 0
504 512 2
505 505 0
506 506 0
507 509 1
508 508 0
509 509 0
510 506 1
511 505 2
512 512 0
513 513 0
514 502 2
515 501 2
516 500 2
517 499 1
518 498 2
519 497 2
520 496 1
521 495 2
522 494 2
523 493 2
524 492 2
525 491 2
526 489 1
527 489 2
528 488 2
529 486 2
530 486 1
531 485 0
532 483 2
533 482 1
534 481 1
535 480 1
536 480 2
537 479 1
538 478 2
539 477 1
540 476 2
541 475 1
542 474 1
543 473 1
544 472 2
545 471 2
546 470 1
547 468 0
548 468 2
549 467 2
550 467 1
551 465 2
552 464 2
553 462 2
554 461 0
555 461 1
556 460 2
557 459 1
558 458 1
559 458 2
560 455 0
561 455 2
562 454 1
563 453 2
564 453 1
565 452 2
566 450 1
567 449 2
568 448 1
569 447 1
570 446 1
571 445 2
572 444 2
573 442 0
574 442 1
575 440 1
576 441 1
577 439 2
578 439 1
579 436 2
580 436 1
581 435 2
582 434 1
583 433 2
584 432 2
585 430 0
586 430 2
587 430 1
588 428 2
589 426 2
590 425 1
591 426 1
592 424 1
593 423 1
594 422 2
595 421 2
596 419 1
597 418 1
598 417 1
599 416 1
600 415 2
601 416 2
602 415 1
603 413 1
604 412 2
605 411 2
606 410 1
607 409 1
608 408 1
609 407 2
610 406 2
611 404 1
612 404 2
613 402 1
614 401 0
615 401 2
616 401 1
617 398 1
618 398 2
619 396 2
620 396 1
621 394 1
622 393 2
623 392 2
624 391 2
625 391 1
626 390 1
627 390 2
628 388 1
629 386 1
630 386 2
631 386 0
632 384 1
633 383 1
634 381 1
635 380 1
636 380 2
637 379 2
638 378 1
639 377 2
640 375 1
641 376 2
642 374 1
643 373 1
644 371 1
645 370 1
646 371 0
647 369 2
648 369 1
649 367 2
650 366 1
651 366 2
652 363 1
653 362 2
654 362 1
655 360 1
656 360 2
657 359 1
658 358 1
659 356 0
660 355 1
661 356 2
662 355 2
663 353 2
664 352 2
665 351 1
666 349 2
667 348 1
668 347 1
669 346 2
670 346 1
671 345 2
672 344 1
673 343 2
674 342 1
675 341 2
676 340 1
677 339 2
678 339 1
679 338 2
680 336 2
681 335 1
682 333 1
683 332 0
684 332 1
685 331 2
686 330 1
687 329 1
688 328 1
689 327 2
690 326 1
691 325 2
692 324 1
693 323 2
694 321 2
695 320 2
696 320 1
697 319 2
698 318 1
699 317 1
700 316 2
701 315 2
702 314 2
703 314 1
704 312 1
705 311 2
706 309 0
707 308 0
708 309 1
709 308 2
710 306 2
711 305 2
712 303 1
713 302 2
714 301 2
715 300 0
716 300 2
717 299 2
718 298 2
719 297 2
720 296 2
721 295 2
722 294 2
723 293 2
724 292 1
725 291 1
726 290 2
727 289 2
728 288 2
729 286 2
730 285 2
731 284 1
732 283 1
733 283 2
734 282 2
735 281 2
736 281 1
737 279 2
738 277 1
739 276 2
740 276 1
741 275 1
742 274 1
743 273 2
744 273 1
745 270 1
746 270 2
747 269 2
748 268 2
749 267 1
750 266 2
751 265 2
752 264 1
753 262 2
754 261 0
755 261 1
756 260 1
757 258 0
758 258 2
759 257 1
760 256 2
761 254 2
762 253 2
763 253 1
764 252 1
765 251 2
766 250 1
767 249 1
768 248 1
769 247 2
770 247 1
771 245 1
772 245 2
773 242 0
774 241 2
775 240 2
776 241 1
777 239 1
778 238 1
779 237 1
780 236 1
781 234 2
782 234 1
783 233 1
784 232 2
785 231 1
786 230 2
787 229 2
788 227 1
789 227 2
790 226 2
791 225 1
792 224 2
793 222 2
794 222 1
795 221 1
796 220 2
797 219 2
798 219 1
799 217 1
800 217 2
801 215 2
802 213 0
803 213 1
804 213 2
805 211 1
806 211 2
807 208 2
808 207 2
809 208 0
810 206 2
811 205 1
812 204 2
813 203 2
814 202 2
815 201 1
816 200 1
817 199 2
818 198 2
819 196 0
820 196 2
821 195 1
822 194 1
823 194 2
824 192 1
825 191 2
826 189 2
827 188 2
828 187 2
829 186 0
830 187 1
831 186 2
832 184 2
833 183 2
834 182 2
835 181 1
836 181 2
837 179 1
838 178 2
839 177 1
840 176 1
841 175 2
842 174 2
843 172 2
844 171 2
845 172 1
846 171 1
847 169 2
848 168 1
849 166 1
850 165 1
851 164 2
852 163 2
853 163 1
854 162 1
855 161 2
856 160 2
857 159 2
858 158 2
859 158 0
860 156 2
861 155 2
862 154 2
863 153 2
864 152 1
865 151 1
866 150 2
867 149 1
868 148 2
869 148 1
870 146 2
871 145 2
872 144 1
873 142 2
874 141 1
875 141 2
876 139 1
877 138 1
878 139 0
879 138 2
880 136 2
881 135 1
882 133 2
883 132 2
884 131 2
885 130 2
886 131 1
887 130 1
888 128 1
889 127 1
890 126 1
891 124 2
892 123 2
893 122 2
894 122 1
895 121 2
896 121 1
897 119 2
898 118 1
899 116 2
900 116 1
901 115 2
902 113 0
903 112 2
904 111 0
905 111 2
906 110 1
907 109 1
908 108 1
909 107 1
910 106 2
911 105 1
912 104 1
913 103 1
914 102 2
915 102 1
916 100 2
917 99 1
918 97 2
919 96 2
920 97 1
921 96 1
922 94 1
923 93 1
924 92 1
925 90 0
926 90 2
927 88 2
928 89 2
929 87 2
930 86 2
931 85 2
932 83 2
933 83 1
934 81 2
935 81 1
936 80 1
937 79 1
938 78 2
939 78 1
940 77 1
941 75 1
942 74 1
943 73 1
944 71 2
945 71 1
946 70 1
947 69 2
948 68 1
949 66 1
950 66 2
951 65 1
952 63 1
953 63 2
954 62 1
955 61 2
956 60 2
957 60 1
958 58 2
959 58 1
960 56 2
961 55 2
962 54 1
963 53 1
964 52 2
965 51 1
966 50 2
967 48 2
968 48 1
969 47 1
970 45 2
971 44 2
972 44 1
973 43 1
974 41 1
975 40 2
976 41 2
977 40 1
978 38 1
979 37 1
980 35 1
981 34 2
982 34 1
983 33 1
984 31 2
985 30 2
986 30 1
987 29 1
988 28 1
989 27 2
990 27 1
991 26 2
992 24 2
993 23 2
994 22 2
995 21 2
996 20 2
997 19 1
998 17 1
999 16 1
1000 15 1
1001 14 2
1002 15 2
1003 14 1
1004 12 2
1005 11 2
1006 10 1
1007 9 1
1008 8 2
1009 7 1
1010 5 1
1011 4 2
1012 4 1
1013 2 2
1014 1 1
1015 0 1
1016 1016 0
