0 0 0
1 4 3
2 0 6
3 4 0
4 0 2
5 3 4
6 6 0
7 10 1
8 6 7
9 6 2
10 11 6
11 11 0
12 8 1
13 10 4
14 12 0
15 15 0
16 17 3
17 15 4
18 17 7
19 19 0
20 19 5
21 22 7
22 21 0
23 22 0
24 22 2
25 23 4
26 26 0
27 27 2
28 30 7
29 33 4
30 28 0
31 29 0
32 29 7
33 31 0
34 34 0
35 33 1
36 34 1
37 34 6
38 36 0
39 36 7
40 38 0
41 39 0
42 41 0
43 44 3
44 43 0
45 46 0
46 42 4
47 46 4
48 52 5
49 46 1
50 52 4
51 50 7
52 51 2
53 52 7
54 53 7
55 55 7
56 56 7
57 58 7
58 60 3
59 62 7
60 59 0
61 57 1
62 63 6
63 62 0
64 61 4
65 64 7
66 62 2
67 68 0
68 66 7
69 68 7
70 72 5
71 73 0
72 68 3
73 70 1
74 70 2
75 76 6
76 76 0
77 78 0
78 80 3
79 79 0
80 76 7
81 79 6
82 82 2
83 81 0
84 84 0
85 87 3
86 84 2
87 86 0
88 86 1
89 90 6
90 88 0
91 92 7
92 92 0
93 91 4
94 90 7
95 93 0
96 95 0
97 98 1
98 102 1
99 98 0
100 100 0
101 102 3
102 137 7
103 106 3
104 104 0
105 102 5
106 108 4
107 111 5
108 106 6
109 107 0
110 106 1
111 112 0
112 115 5
113 112 3
114 124 2
115 116 0
116 114 7
117 118 1
118 119 0
119 120 6
120 120 0
121 119 2
122 122 0
123 116 5
124 115 2
125 125 0
126 112 6
127 112 7
128 114 0
129 111 2
130 109 3
131 109 0
132 112 1
133 109 2
134 106 0
135 105 5
136 102 7
137 105 2
138 101 7
139 101 0
140 99 5
141 99 7
142 98 3
143 98 7
144 96 1
145 93 7
146 94 5
147 93 4
148 92 3
149 148 7
150 90 5
151 88 4
152 90 3
153 87 7
154 84 6
155 88 1
156 87 2
157 85 7
158 83 5
159 80 7
160 83 4
161 77 6
162 76 4
163 75 4
164 77 5
165 164 7
166 74 2
167 72 7
168 70 3
169 71 4
170 70 0
171 69 5
172 70 7
173 65 1
174 66 2
175 63 1
176 64 0
177 63 3
178 62 3
179 64 2
180 63 5
181 59 5
182 56 0
183 56 3
184 56 2
185 57 3
186 52 6
187 53 0
188 50 1
189 51 3
190 50 0
191 49 3
192 48 7
193 47 2
194 47 3
195 46 3
196 43 2
197 41 2
198 44 6
199 39 4
200 41 7
201 40 7
202 37 7
203 35 5
204 39 6
205 36 1
206 32 6
207 34 2
208 33 7
209 33 5
210 33 3
211 30 2
212 30 3
213 28 5
214 24 3
215 25 5
216 26 6
217 24 7
218 23 0
219 22 3
220 22 1
221 19 7
222 19 1
223 18 5
224 17 5
225 17 4
226 14 3
227 13 2
228 15 5
229 12 3
230 12 5
231 9 6
232 6 4
233 8 7
234 4 6
235 6 5
236 2 1
237 2 2
238 3 7
239 2 7
240 0 5
241 241 0
