0 0 0
1 0 4
2 1 2
3 4 0
4 3 13
5 4 8
6 6 0
7 8 1
8 8 0
9 9 0
10 10 0
11 11 0
12 11 14
13 14 7
14 14 0
15 14 13
16 16 0
17 18 9
18 18 0
19 19 0
20 20 0
21 20 10
22 22 0
23 24 0
24 23 2
25 26 0
26 25 2
27 27 0
28 28 0
29 29 0
30 29 8
31 31 0
32 32 0
33 33 0
34 33 3
35 35 0
36 35 5
37 37 0
38 37 13
39 38 8
40 40 0
41 41 0
42 42 0
43 43 0
44 44 0
45 45 0
46 45 2
47 47 0
48 48 0
49 48 2
50 50 0
51 51 0
52 52 0
53 53 0
54 54 0
55 55 0
56 56 0
57 56 4
58 58 0
59 60 12
60 60 0
61 61 0
62 61 13
63 63 0
64 64 0
65 65 0
66 65 7
67 67 0
68 69 10
69 68 0
70 70 0
71 71 0
72 72 0
73 72 14
74 73 0
75 75 0
76 77 9
77 77 0
78 78 0
79 79 0
80 80 0
81 80 2
82 81 11
83 84 7
84 84 0
85 85 0
86 85 3
87 86 0
88 87 14
89 88 0
90 90 14
91 91 14
92 92 14
93 93 0
94 94 0
95 96 0
96 97 5
97 97 0
98 98 0
99 99 0
100 101 3
101 101 0
102 102 0
103 102 14
104 104 0
105 105 0
106 106 14
107 108 14
108 108 0
109 110 4
110 110 0
111 112 14
112 112 0
113 113 0
114 114 0
115 115 0
116 115 3
117 117 0
118 118 0
119 118 14
120 121 14
121 121 0
122 121 6
123 122 4
124 124 0
125 125 0
126 127 5
127 127 0
128 127 14
129 129 0
130 130 0
131 131 0
132 132 0
133 133 0
134 134 0
135 134 9
136 136 0
137 137 0
138 138 14
139 139 0
140 140 0
141 140 14
142 142 0
143 144 7
144 145 2
145 145 0
146 146 0
147 147 0
148 148 0
149 149 0
150 149 5
151 150 0
152 152 0
153 153 0
154 155 0
155 156 5
156 157 0
157 158 6
158 158 0
159 159 0
160 159 14
161 161 0
162 162 0
163 163 0
164 164 0
165 164 7
166 167 0
167 166 4
168 169 0
169 168 9
170 169 3
171 171 0
172 173 10
173 174 4
174 173 0
175 175 0
176 177 3
177 177 0
178 178 0
179 178 13
180 179 14
181 180 0
182 182 0
183 184 3
184 184 0
185 185 0
186 186 0
187 187 0
188 188 0
189 189 0
190 190 0
191 191 0
192 192 0
193 193 0
194 193 8
195 195 0
196 196 0
197 197 0
198 198 0
199 199 0
200 200 0
201 201 0
202 202 0
203 202 4
204 204 0
205 205 0
206 206 0
207 207 0
208 208 0
209 209 14
210 210 0
211 210 12
212 212 0
213 213 0
214 214 0
215 215 0
216 216 0
217 217 0
218 218 0
219 219 0
220 220 0
221 221 0
222 221 3
223 222 14
224 223 0
225 224 0
226 226 0
227 226 14
228 228 0
229 228 14
230 230 14
231 232 0
232 233 4
233 233 0
234 234 0
235 235 0
236 236 0
237 237 0
238 237 2
239 240 6
240 240 0
241 240 1
242 242 14
243 243 0
244 243 10
245 245 0
246 247 6
247 247 0
248 248 14
249 249 14
250 250 14
251 251 14
252 252 0
253 252 3
254 254 0
255 255 0
256 255 5
257 258 0
258 257 1
259 260 0
260 259 14
261 262 8
262 262 0
263 262 14
264 264 14
265 265 0
266 266 0
267 266 2
268 267 0
269 268 0
270 270 0
271 271 0
272 273 0
273 274 9
274 274 0
275 276 0
276 275 13
277 278 0
278 277 3
279 278 5
280 280 0
281 282 9
282 282 0
283 283 0
284 283 1
285 284 3
286 287 9
287 287 0
288 288 0
289 289 0
290 290 0
291 291 0
292 292 0
293 293 0
294 294 0
295 295 0
296 296 0
297 297 0
298 298 0
299 299 0
300 299 3
301 302 0
302 301 10
303 302 6
304 303 0
305 305 0
306 306 0
307 308 0
308 309 3
309 309 0
310 311 9
311 311 0
312 312 0
313 312 7
314 314 0
315 315 0
316 316 0
317 318 10
318 318 0
319 319 0
320 319 9
321 321 0
322 322 0
323 322 8
324 325 7
325 325 0
326 326 14
327 326 4
328 328 0
329 330 7
330 330 0
331 331 0
332 332 0
333 333 0
334 334 0
335 334 7
336 336 0
337 338 10
338 338 0
339 338 14
340 341 2
341 342 1
342 342 0
343 342 3
344 344 0
345 344 6
346 347 6
347 347 0
348 348 0
349 349 0
350 350 0
351 351 0
352 352 0
353 352 9
354 354 0
355 354 13
356 356 0
357 358 10
358 358 14
359 358 3
360 361 3
361 361 0
362 362 0
363 363 0
364 364 0
365 365 0
366 366 0
367 367 0
368 368 0
369 369 0
370 369 14
371 371 0
372 372 0
373 373 0
374 374 0
375 374 8
376 376 0
377 376 13
378 378 0
379 379 0
380 379 10
381 381 0
382 382 14
383 383 0
384 383 4
385 386 5
386 386 0
387 386 3
388 388 0
389 388 2
390 390 0
391 392 10
392 391 0
393 394 0
394 395 0
395 394 14
396 396 0
397 397 0
398 398 0
399 399 0
400 400 0
401 400 4
402 403 0
403 402 3
404 403 6
405 404 14
406 406 14
407 408 2
408 409 3
409 408 0
410 410 0
411 410 2
412 411 9
413 413 0
414 413 2
415 415 0
416 417 0
417 418 14
418 418 0
419 419 0
420 419 10
421 421 0
422 423 4
423 422 0
424 425 0
425 424 1
426 425 6
427 427 0
428 429 1
429 428 0
430 430 0
431 431 0
432 431 14
433 434 0
434 433 1
435 436 5
436 436 0
437 437 0
438 437 1
439 438 0
440 440 0
441 442 6
442 441 0
443 444 0
444 443 1
445 445 0
446 447 14
447 446 0
448 448 0
449 449 0
450 451 5
451 451 0
452 452 0
453 453 0
454 454 0
455 455 0
456 456 0
457 457 0
458 457 5
459 458 0
460 459 0
461 460 0
462 462 0
463 463 0
464 465 0
465 466 0
466 467 9
467 467 0
468 469 10
469 469 0
470 470 0
471 471 0
472 472 0
473 474 14
474 474 0
475 475 0
476 476 0
477 477 0
478 477 3
479 479 0
480 481 0
481 480 8
482 482 0
483 483 0
484 484 0
485 485 0
486 485 7
487 487 0
488 488 0
489 488 7
490 489 0
491 491 0
492 493 0
493 494 8
494 495 13
495 495 0
496 495 5
497 497 0
498 498 0
499 499 0
500 500 0
501 501 0
502 501 12
503 502 0
504 504 0
505 505 0
506 507 2
507 507 0
508 507 6
509 510 6
510 510 0
511 510 4
512 513 0
513 512 12
514 514 0
515 516 0
516 515 14
517 517 0
518 519 0
519 518 14
520 521 0
521 520 1
522 523 10
523 522 12
524 523 0
525 524 0
526 526 0
527 527 0
528 528 0
529 530 0
530 531 9
531 531 0
532 531 11
533 532 6
534 534 0
535 560 0
536 536 0
537 538 0
538 537 9
539 540 12
540 540 0
541 542 0
542 541 2
543 552 9
544 543 0
545 544 0
546 546 0
547 547 0
548 549 0
549 550 7
550 545 0
551 550 11
552 552 0
553 542 8
554 555 0
555 540 4
556 556 0
557 538 9
558 537 3
559 536 12
560 535 11
561 534 6
562 533 9
563 532 0
564 531 5
565 530 8
566 529 10
567 528 10
568 527 14
569 526 3
570 525 2
571 524 6
572 523 11
573 522 5
574 521 2
575 520 14
576 519 9
577 518 4
578 517 6
579 516 9
580 515 3
581 514 10
582 513 2
583 512 10
584 511 9
585 510 12
586 509 3
587 508 5
588 507 1
589 506 2
590 505 2
591 504 6
592 503 10
593 502 7
594 501 1
595 500 13
596 499 12
597 498 4
598 497 3
599 496 3
600 495 7
601 494 11
602 493 13
603 492 3
604 491 12
605 490 14
606 489 12
607 488 14
608 487 8
609 486 13
610 485 2
611 484 10
612 483 5
613 482 14
614 481 14
615 480 3
616 479 2
617 478 12
618 477 2
619 476 10
620 475 14
621 474 1
622 473 7
623 472 9
624 471 1
625 470 3
626 469 3
627 468 8
628 467 2
629 466 8
630 465 9
631 464 2
632 463 1
633 462 13
634 461 6
635 460 11
636 459 11
637 458 13
638 457 8
639 456 12
640 454 5
641 454 7
642 453 14
643 452 14
644 451 14
645 450 8
646 448 5
647 448 6
648 446 8
649 446 14
650 445 11
651 443 6
652 443 11
653 442 9
654 441 12
655 440 6
656 440 5
657 437 8
658 437 4
659 436 14
660 435 12
661 434 8
662 433 3
663 432 14
664 432 1
665 430 7
666 430 5
667 429 12
668 427 6
669 426 4
670 425 7
671 423 12
672 422 10
673 421 6
674 420 6
675 421 3
676 418 6
677 418 3
678 418 5
679 416 7
680 414 5
681 414 13
682 413 11
683 413 4
684 411 3
685 409 8
686 409 6
687 409 1
688 407 14
689 405 0
690 404 1
691 404 13
692 404 5
693 403 9
694 401 5
695 399 6
696 398 8
697 398 2
698 397 9
699 396 7
700 395 7
701 394 6
702 393 10
703 393 2
704 390 6
705 391 14
706 389 14
707 387 10
708 388 9
709 386 10
710 385 3
711 383 8
712 382 2
713 381 3
714 381 1
715 380 9
716 379 14
717 378 4
718 377 10
719 375 3
720 375 5
721 375 2
722 374 14
723 372 10
724 371 10
725 370 2
726 368 7
727 367 2
728 368 5
729 365 8
730 364 11
731 363 7
732 364 10
733 362 13
734 360 7
735 360 5
736 359 13
737 358 0
738 357 9
739 356 7
740 356 6
741 354 7
742 352 6
743 351 9
744 352 5
745 350 9
746 348 4
747 348 11
748 347 2
749 346 5
750 344 12
751 344 7
752 343 14
753 342 11
754 342 5
755 340 14
756 338 4
757 338 3
758 337 11
759 336 6
760 335 7
761 334 1
762 333 1
763 331 6
764 331 11
765 330 5
766 329 14
767 327 7
768 327 1
769 326 0
770 325 8
771 324 7
772 324 1
773 321 7
774 321 4
775 320 3
776 319 14
777 317 2
778 317 4
779 316 2
780 315 9
781 314 10
782 312 10
783 312 4
784 312 1
785 311 7
786 310 2
787 308 3
788 307 4
789 306 12
790 304 3
791 304 6
792 303 2
793 301 3
794 300 8
795 301 11
796 299 2
797 297 1
798 296 2
799 296 7
800 295 9
801 295 10
802 292 1
803 292 10
804 290 11
805 290 4
806 288 10
807 288 12
808 287 4
809 286 2
810 285 13
811 284 6
812 283 13
813 282 7
814 282 2
815 279 11
816 279 14
817 278 10
818 278 6
819 275 1
820 274 4
821 274 13
822 273 7
823 272 12
824 272 6
825 270 3
826 269 11
827 267 13
828 267 8
829 266 14
830 265 14
831 264 0
832 263 1
833 263 12
834 261 10
835 259 4
836 259 6
837 259 11
838 258 7
839 255 14
840 255 12
841 253 5
842 254 10
843 252 8
844 251 0
845 249 12
846 248 2
847 248 0
848 248 8
849 247 13
850 245 11
851 243 11
852 242 2
853 241 0
854 242 12
855 239 5
856 239 3
857 238 5
858 238 9
859 236 1
860 234 10
861 234 11
862 233 13
863 232 8
864 231 4
865 230 0
866 229 9
867 228 7
868 227 4
869 227 14
870 226 10
871 224 6
872 223 1
873 221 5
874 220 6
875 220 14
876 220 4
877 218 2
878 216 6
879 215 7
880 216 5
881 214 11
882 212 7
883 212 8
884 212 12
885 211 8
886 210 1
887 208 2
888 206 3
889 205 9
890 206 12
891 205 13
892 203 3
893 201 6
894 202 2
895 200 6
896 199 12
897 197 7
898 197 4
899 195 5
900 195 13
901 195 2
902 194 10
903 192 1
904 190 14
905 190 9
906 190 8
907 188 2
908 186 2
909 187 4
910 185 14
911 183 14
912 183 4
913 181 9
914 181 1
915 179 10
916 180 12
917 177 11
918 178 10
919 175 1
920 175 3
921 173 2
922 172 5
923 172 0
924 171 14
925 170 9
926 170 4
927 167 7
928 166 11
929 166 10
930 166 2
931 164 5
932 164 12
933 162 8
934 160 2
935 160 14
936 159 2
937 159 5
938 156 8
939 157 12
940 155 8
941 153 9
942 152 4
943 153 12
944 151 1
945 149 1
946 150 13
947 148 7
948 147 3
949 145 10
950 145 5
951 143 13
952 144 14
953 142 14
954 140 3
955 140 11
956 139 5
957 139 9
958 136 1
959 136 2
960 135 8
961 133 3
962 134 10
963 131 4
964 131 8
965 130 8
966 129 9
967 127 4
968 127 2
969 127 3
970 126 8
971 125 2
972 123 2
973 122 3
974 121 3
975 119 0
976 118 4
977 117 2
978 117 9
979 116 6
980 115 8
981 114 10
982 112 3
983 113 2
984 111 0
985 110 14
986 108 12
987 107 7
988 107 0
989 107 9
990 105 1
991 103 5
992 102 9
993 103 3
994 102 1
995 101 5
996 99 11
997 99 10
998 97 6
999 96 5
1000 94 9
1001 93 7
1002 92 9
1003 91 10
1004 91 0
1005 90 0
1006 90 10
1007 87 0
1008 87 10
1009 87 13
1010 86 11
1011 84 1
1012 83 5
1013 82 13
1014 80 10
1015 79 2
1016 79 7
1017 77 5
1018 76 11
1019 75 10
1020 75 6
1021 73 11
1022 73 2
1023 72 8
1024 72 10
1025 70 14
1026 68 13
1027 68 4
1028 67 5
1029 66 14
1030 65 10
1031 63 5
1032 63 14
1033 63 10
1034 61 2
1035 60 5
1036 59 3
1037 58 3
1038 57 2
1039 55 2
1040 54 1
1041 54 4
1042 54 14
1043 52 3
1044 51 13
1045 50 3
1046 49 14
1047 48 14
1048 47 2
1049 46 3
1050 45 7
1051 43 2
1052 42 5
1053 42 3
1054 42 4
1055 41 10
1056 39 0
1057 1057 0
1058 38 2
1059 37 14
1060 34 8
1061 34 9
1062 33 2
1063 32 10
1064 32 3
1065 30 6
1066 29 13
1067 28 3
1068 27 1
1069 26 12
1070 26 5
1071 23 6
1072 23 9
1073 22 4
1074 21 14
1075 20 1
1076 19 2
1077 19 4
1078 18 13
1079 16 8
1080 15 8
1081 13 5
1082 12 4
1083 11 13
1084 12 3
1085 10 13
1086 8 12
1087 7 10
1088 8 14
1089 5 3
1090 5 10
1091 4 5
1092 4 3
1093 2 3
1094 0 10
1095 1095 0
