0 0 0
1 0 2
2 1 0
3 2 0
4 3 0
5 5 0
6 6 2
7 9 6
8 6 6
9 8 0
10 8 6
11 9 0
12 11 0
13 12 0
14 14 0
15 15 0
16 17 0
17 18 0
18 20 1
19 22 7
20 17 6
21 22 1
22 21 0
23 24 4
24 23 0
25 22 5
26 27 5
27 26 0
28 25 0
29 30 6
30 27 1
31 31 0
32 30 1
33 35 0
34 36 0
35 38 6
36 33 3
37 36 1
38 40 5
39 38 0
40 39 0
41 41 0
42 43 0
43 45 2
44 47 3
45 44 0
46 45 0
47 46 0
48 49 0
49 46 2
50 48 7
51 50 0
52 52 0
53 54 0
54 55 0
55 57 0
56 59 6
57 54 5
58 56 5
59 57 1
60 58 0
61 60 0
62 62 0
63 63 0
64 64 0
65 66 0
66 68 4
67 70 7
68 65 7
69 70 3
70 69 5
71 70 1
72 71 4
73 70 2
74 72 6
75 74 2
76 78 3
77 75 0
78 76 1
79 78 0
80 80 0
81 82 0
82 83 0
83 85 0
84 87 1
85 86 0
86 83 1
87 84 5
88 89 1
89 88 0
90 89 0
91 88 4
92 93 1
93 92 0
94 94 0
95 92 4
96 94 3
97 97 0
98 99 2
99 102 1
100 97 6
101 98 0
102 99 3
103 101 0
104 103 0
105 104 0
106 106 0
107 108 0
108 110 0
109 112 3
110 107 5
111 109 7
112 112 0
113 113 0
114 115 0
115 116 3
116 118 3
117 120 3
118 115 1
119 118 0
120 120 0
121 123 5
122 121 0
123 123 0
124 127 1
125 124 0
126 125 0
127 126 0
128 128 0
129 129 0
130 127 3
131 132 4
132 132 0
133 133 0
134 134 0
135 135 0
136 136 0
137 137 0
138 138 0
139 140 0
140 141 0
141 143 0
142 144 1
143 146 0
144 147 0
145 142 4
146 144 0
147 146 7
148 148 0
149 150 0
150 153 2
151 150 3
152 153 5
153 153 0
154 151 4
155 154 0
156 156 0
157 157 0
158 158 0
159 159 0
160 161 0
161 163 0
162 165 0
163 160 1
164 162 2
165 164 3
166 166 0
167 169 6
168 169 0
169 172 1
170 167 5
171 168 5
172 170 2
173 172 6
174 174 0
175 175 0
176 178 3
177 180 1
178 176 0
179 177 0
180 179 0
181 181 0
182 183 0
183 186 7
184 184 0
185 185 0
186 189 4
187 186 0
188 187 0
189 189 0
190 189 6
191 191 0
192 193 0
193 196 6
194 191 7
195 192 2
196 194 0
197 196 0
198 198 0
199 199 0
200 202 6
201 204 2
202 199 2
203 204 3
204 201 5
205 202 0
206 204 0
207 205 0
208 207 0
209 209 0
210 210 0
211 212 0
212 213 0
213 214 0
214 216 7
215 215 0
216 213 2
217 214 1
218 216 0
219 218 0
220 222 3
221 221 0
222 219 4
223 222 0
224 224 0
225 226 4
226 229 1
227 226 0
228 229 0
229 226 2
230 228 4
231 230 0
232 233 0
233 236 7
234 231 1
235 232 5
236 234 0
237 235 0
238 236 2
239 238 0
240 239 0
241 240 0
242 242 0
243 243 0
244 244 0
245 245 0
246 247 0
247 248 0
248 250 5
249 252 1
250 250 0
251 251 0
252 249 2
253 251 1
254 254 0
255 257 2
256 256 0
257 257 0
258 255 1
259 257 3
260 260 0
261 262 6
262 264 0
263 260 7
264 264 1
265 266 0
266 269 6
267 264 7
268 266 1
269 268 0
270 270 0
271 271 0
272 271 1
273 273 0
274 312 6
275 274 4
276 276 0
277 277 0
278 278 0
279 279 0
280 280 0
281 306 0
282 282 0
283 283 0
284 285 0
285 301 6
286 288 1
287 287 0
288 290 7
289 289 0
290 295 6
291 291 0
292 294 4
293 290 6
294 295 4
295 295 0
296 289 2
297 297 0
298 288 5
299 299 0
300 287 1
301 301 0
302 299 7
303 303 5
304 304 0
305 280 5
306 303 3
307 309 0
308 305 3
309 310 0
310 309 7
311 312 0
312 274 0
313 271 2
314 274 5
315 272 4
316 270 6
317 268 5
318 318 0
319 267 3
320 267 7
321 265 5
322 262 7
323 261 4
324 262 0
325 323 0
326 326 0
327 329 0
328 260 2
329 257 6
330 332 0
331 255 0
332 253 4
333 254 2
334 250 6
335 253 1
336 251 7
337 250 7
338 248 2
339 247 4
340 245 2
341 244 7
342 243 4
343 242 6
344 242 3
345 240 5
346 239 2
347 237 7
348 236 5
349 237 0
350 235 6
351 237 3
352 235 1
353 234 6
354 232 3
355 231 7
356 230 2
357 228 2
358 227 7
359 225 2
360 224 4
361 224 5
362 222 6
363 221 5
364 224 7
365 222 2
366 220 2
367 219 1
368 217 1
369 215 6
370 218 5
371 216 4
372 214 6
373 213 1
374 211 2
375 210 1
376 211 4
377 207 7
378 209 2
379 208 6
380 207 3
381 205 2
382 204 7
383 203 3
384 202 5
385 201 1
386 200 6
387 198 7
388 197 7
389 195 2
390 194 4
391 193 4
392 195 7
393 192 1
394 192 6
395 191 4
396 190 3
397 397 0
398 190 2
399 188 0
400 188 2
401 401 0
402 402 0
403 183 2
404 182 2
405 180 2
406 179 3
407 178 5
408 176 6
409 175 5
410 174 5
411 175 2
412 412 0
413 175 6
414 172 0
415 171 0
416 168 2
417 169 7
418 167 3
419 168 0
420 418 0
421 164 0
422 162 6
423 165 2
424 163 3
425 161 4
426 160 0
427 159 6
428 158 4
429 157 3
430 156 2
431 155 7
432 154 2
433 152 7
434 150 7
435 151 1
436 148 7
437 149 2
438 146 4
439 149 6
440 146 3
441 147 7
442 144 2
443 142 3
444 140 6
445 141 2
446 137 7
447 140 2
448 138 5
449 449 0
450 136 2
451 135 1
452 135 3
453 133 1
454 131 6
455 129 5
456 130 6
457 129 2
458 458 0
459 127 7
460 128 6
461 126 5
462 123 6
463 121 7
464 119 4
465 118 7
466 120 1
467 119 0
468 121 2
469 119 2
470 117 1
471 115 2
472 114 5
473 112 4
474 109 1
475 111 5
476 109 2
477 108 4
478 106 4
479 105 1
480 103 6
481 104 2
482 101 4
483 104 7
484 99 4
485 101 6
486 103 7
487 100 6
488 97 3
489 94 4
490 99 6
491 96 3
492 93 7
493 90 4
494 91 0
495 94 2
496 92 2
497 90 7
498 88 5
499 87 2
500 85 6
501 86 7
502 85 2
503 83 7
504 82 4
505 80 3
506 79 4
507 77 4
508 76 7
509 74 4
510 73 6
511 76 0
512 74 0
513 73 0
514 511 0
515 72 0
516 69 0
517 70 0
518 67 0
519 65 5
520 64 1
521 63 3
522 62 5
523 63 4
524 524 0
525 61 6
526 60 2
527 58 2
528 56 2
529 54 1
530 53 6
531 53 1
532 52 6
533 51 1
534 53 2
535 53 4
536 51 7
537 49 6
538 48 4
539 46 1
540 46 4
541 44 5
542 43 7
543 41 5
544 39 6
545 38 1
546 40 0
547 42 4
548 37 1
549 37 2
550 36 2
551 34 3
552 34 4
553 33 0
554 32 4
555 33 5
556 30 0
557 29 3
558 28 2
559 27 2
560 26 7
561 25 1
562 24 1
563 22 4
564 20 3
565 18 2
566 17 2
567 19 7
568 18 4
569 20 6
570 17 5
571 15 6
572 13 7
573 10 3
574 11 4
575 8 4
576 7 1
577 9 2
578 10 7
579 7 4
580 3 7
581 8 3
582 5 6
583 3 3
584 1 4
585 0 1
586 586 0
