0 0 0
1 0 1
2 1 0
3 2 0
4 3 0
5 4 0
6 0 2
7 1 2
8 5 0
9 1 1
10 86 2
11 5 1
12 6 0
13 7 0
14 8 0
15 3 1
16 10 0
17 78 0
18 4 1
19 3 2
20 11 0
21 1 3
22 2 3
23 3 6
24 0 4
25 0 5
26 1 4
27 0 6
28 0 3
29 86 1
30 2 2
31 12 0
32 2 4
33 4 3
34 5 2
35 1 6
36 2 6
37 1 5
38 3 5
39 83 5
40 6 1
41 7 1
42 9 3
43 2 1
44 3 3
45 5 3
46 4 6
47 2 5
48 6 2
49 7 5
50 81 2
51 9 1
52 10 1
53 13 0
54 4 2
55 5 6
56 3 4
57 7 6
58 4 5
59 6 3
60 80 2
61 8 2
62 11 1
63 12 3
64 5 4
65 9 2
66 6 6
67 11 2
68 78 3
69 6 4
70 7 3
71 76 1
72 75 1
73 79 4
74 13 1
75 5 5
76 6 5
77 7 2
78 7 4
79 8 3
80 10 3
81 8 1
82 11 4
83 77 3
84 10 6
85 15 0
86 16 0
87 12 4
88 9 5
89 76 4
90 75 6
91 74 6
92 17 0
93 10 4
94 10 2
95 76 3
96 12 6
97 14 2
98 15 1
99 13 4
100 76 5
101 13 3
102 18 0
103 13 6
104 14 3
105 14 4
106 15 2
107 16 1
108 12 2
109 17 1
110 12 5
111 14 5
112 73 5
113 17 2
114 16 2
115 18 1
116 20 3
117 14 6
118 15 4
119 16 3
120 71 3
121 18 2
122 19 1
123 15 5
124 17 4
125 14 1
126 16 4
127 16 6
128 17 6
129 20 0
130 21 0
131 17 3
132 17 5
133 18 3
134 19 2
135 20 1
136 21 1
137 18 4
138 18 6
139 19 6
140 22 0
141 18 5
142 19 3
143 23 0
144 24 0
145 25 0
146 26 0
147 20 2
148 27 0
149 28 0
150 29 0
151 30 0
152 22 1
153 31 0
154 32 0
155 21 2
156 19 4
157 68 3
158 21 3
159 22 2
160 23 1
161 24 1
162 25 1
163 23 2
164 19 5
165 20 4
166 33 0
167 20 5
168 34 0
169 35 0
170 24 2
171 26 2
172 27 2
173 21 6
174 25 2
175 68 6
176 66 3
177 22 4
178 23 3
179 67 4
180 22 5
181 23 4
182 24 3
183 20 6
184 22 6
185 23 5
186 24 4
187 25 3
188 64 5
189 26 1
190 23 6
191 24 6
192 25 4
193 62 0
194 27 1
195 28 1
196 29 1
197 36 0
198 28 2
199 33 1
200 37 0
201 25 6
202 62 5
203 27 3
204 62 3
205 60 3
206 29 2
207 25 5
208 26 6
209 61 5
210 28 4
211 29 3
212 30 1
213 31 1
214 32 1
215 33 2
216 28 5
217 27 6
218 29 4
219 60 1
220 30 2
221 32 2
222 31 2
223 33 3
224 28 6
225 28 3
226 29 6
227 30 3
228 30 4
229 30 5
230 30 6
231 34 1
232 35 1
233 33 4
234 36 1
235 32 3
236 34 2
237 33 5
238 35 2
239 36 2
240 31 3
241 32 4
242 38 0
243 39 0
244 37 2
245 31 6
246 32 5
247 33 6
248 34 6
249 35 3
250 32 6
251 37 1
252 31 4
253 34 3
254 35 4
255 35 5
256 36 3
257 38 1
258 39 1
259 40 0
260 41 0
261 42 0
262 43 0
263 44 0
264 45 0
265 46 0
266 47 0
267 31 5
268 34 4
269 35 6
270 38 2
271 39 2
272 37 3
273 36 4
274 37 4
275 39 3
276 36 5
277 40 1
278 41 1
279 38 3
280 40 2
281 36 6
282 41 2
283 48 0
284 38 4
285 37 6
286 39 4
287 34 5
288 40 3
289 39 5
290 41 6
291 40 4
292 42 1
293 37 5
294 39 6
295 43 1
296 44 1
297 45 1
298 44 2
299 46 2
300 38 5
301 38 6
302 49 0
303 43 2
304 47 1
305 48 1
306 40 5
307 41 3
308 40 6
309 42 2
310 41 4
311 42 3
312 41 5
313 42 4
314 42 5
315 42 6
316 45 2
317 46 1
318 49 1
319 45 3
320 46 3
321 46 4
322 47 2
323 43 3
324 48 2
325 46 5
326 47 3
327 48 3
328 50 0
329 46 6
330 48 4
331 43 4
332 48 5
333 43 5
334 47 4
335 43 6
336 44 3
337 45 4
338 47 5
339 48 6
340 44 4
341 44 5
342 45 5
343 47 6
344 49 2
345 50 1
346 51 0
347 52 0
348 50 2
349 51 2
350 53 0
351 44 6
352 45 6
353 49 6
354 54 0
355 52 2
356 49 3
357 50 4
358 51 1
359 53 1
360 55 0
361 53 2
362 56 0
363 57 0
364 58 0
365 59 0
366 60 0
367 61 0
368 63 0
369 50 3
370 64 1
371 54 1
372 51 3
373 64 0
374 50 6
375 51 4
376 52 6
377 50 5
378 49 4
379 53 6
380 54 2
381 55 1
382 49 5
383 56 1
384 51 5
385 57 1
386 51 6
387 58 1
388 57 2
389 55 2
390 56 2
391 58 2
392 52 1
393 53 4
394 52 3
395 52 4
396 53 3
397 54 3
398 55 3
399 56 3
400 57 3
401 52 5
402 53 5
403 54 4
404 55 4
405 58 3
406 29 5
407 57 4
408 56 4
409 61 6
410 62 1
411 26 4
412 63 1
413 54 5
414 24 5
415 65 0
416 66 0
417 54 6
418 57 5
419 55 5
420 58 4
421 55 6
422 67 0
423 56 6
424 68 0
425 69 0
426 57 6
427 58 6
428 59 2
429 60 2
430 61 2
431 56 5
432 62 2
433 63 2
434 59 6
435 59 4
436 70 0
437 64 2
438 62 4
439 58 5
440 71 0
441 72 0
442 73 0
443 61 1
444 74 0
445 60 4
446 75 0
447 63 6
448 59 3
449 61 3
450 64 3
451 26 3
452 65 1
453 66 1
454 67 2
455 59 5
456 70 1
457 60 5
458 59 1
459 27 4
460 27 5
461 60 6
462 26 5
463 63 3
464 64 4
465 66 4
466 62 6
467 65 2
468 65 6
469 71 1
470 72 2
471 63 4
472 65 5
473 65 3
474 64 6
475 63 5
476 67 3
477 65 4
478 67 6
479 76 0
480 66 6
481 66 5
482 67 1
483 68 1
484 69 1
485 70 2
486 71 2
487 72 1
488 22 3
489 21 4
490 68 2
491 71 4
492 19 0
493 66 2
494 67 5
495 72 6
496 73 6
497 68 4
498 70 3
499 74 1
500 21 5
501 69 3
502 72 5
503 68 5
504 69 4
505 14 0
506 69 2
507 77 0
508 73 2
509 69 6
510 70 4
511 72 3
512 71 6
513 72 4
514 76 2
515 15 3
516 69 5
517 70 5
518 71 5
519 75 3
520 73 3
521 13 2
522 73 4
523 70 6
524 16 5
525 78 6
526 77 1
527 79 3
528 79 0
529 75 2
530 80 0
531 81 0
532 82 0
533 83 0
534 84 0
535 85 0
536 74 5
537 15 6
538 75 5
539 75 4
540 73 1
541 76 6
542 12 1
543 77 2
544 79 1
545 80 6
546 81 3
547 9 0
548 81 6
549 80 5
550 81 1
551 81 4
552 8 4
553 86 0
554 78 2
555 74 3
556 79 2
557 77 4
558 80 4
559 9 4
560 8 6
561 82 1
562 84 1
563 82 5
564 83 1
565 78 1
566 85 1
567 86 6
568 87 0
569 77 6
570 74 4
571 11 3
572 88 0
573 79 6
574 11 6
575 9 6
576 80 3
577 84 2
578 83 2
579 13 5
580 78 4
581 77 5
582 80 1
583 85 2
584 82 4
585 86 4
586 10 5
587 82 6
588 82 3
589 84 3
590 87 3
591 79 5
592 84 6
593 83 4
594 85 6
595 81 5
596 83 3
597 84 5
598 85 3
599 82 2
600 85 5
601 86 3
602 83 6
603 84 4
604 87 2
605 88 1
606 88 2
