0 0 0
1 0 31
2 1 0
3 0 1
4 1 1
5 0 2
6 25 46
7 3 0
8 0 3
9 0 4
10 0 5
11 26 2
12 3 4
13 3 7
14 25 21
15 3 1
16 3 31
17 3 2
18 22 28
19 1 3
20 3 3
21 22 21
22 5 0
23 25 3
24 1 4
25 0 6
26 4 26
27 26 5
28 2 5
29 0 7
30 5 26
31 1 6
32 5 17
33 0 8
34 22 36
35 7 26
36 0 9
37 0 10
38 0 30
39 0 20
40 1 30
41 2 30
42 24 12
43 4 20
44 0 21
45 4 21
46 0 11
47 3 20
48 22 2
49 6 9
50 0 12
51 1 12
52 2 6
53 23 4
54 0 13
55 0 14
56 4 3
57 6 1
58 22 20
59 25 4
60 23 5
61 21 30
62 2 7
63 20 34
64 0 15
65 8 23
66 4 9
67 0 22
68 3 12
69 0 16
70 26 7
71 1 18
72 7 1
73 9 0
74 26 18
75 0 17
76 3 18
77 0 18
78 2 8
79 24 7
80 25 8
81 8 26
82 0 19
83 4 6
84 21 5
85 25 31
86 6 31
87 3 30
88 2 21
89 19 0
90 21 47
91 0 23
92 0 24
93 0 25
94 1 9
95 20 13
96 0 26
97 1 20
98 4 30
99 5 46
100 0 28
101 25 20
102 23 7
103 7 3
104 10 18
105 3 8
106 0 27
107 7 20
108 0 29
109 23 8
110 0 32
111 2 20
112 2 29
113 4 31
114 23 40
115 10 28
116 26 11
117 25 9
118 6 41
119 9 8
120 10 0
121 0 33
122 0 34
123 26 21
124 0 35
125 0 38
126 0 36
127 26 14
128 2 13
129 0 39
130 2 15
131 4 29
132 0 40
133 26 22
134 0 37
135 1 16
136 11 0
137 25 22
138 5 12
139 4 8
140 3 39
141 26 31
142 0 46
143 0 41
144 2 34
145 0 47
146 24 34
147 0 42
148 2 11
149 25 11
150 4 40
151 0 43
152 2 19
153 0 44
154 2 25
155 0 45
156 1 24
157 3 21
158 0 48
159 1 25
160 25 14
161 3 10
162 23 9
163 21 9
164 6 5
165 8 33
166 1 26
167 2 31
168 25 15
169 5 13
170 21 6
171 7 5
172 19 3
173 1 27
174 2 16
175 4 11
176 2 17
177 23 10
178 1 28
179 1 29
180 7 7
181 4 22
182 24 14
183 6 0
184 1 32
185 2 24
186 24 15
187 1 33
188 25 19
189 3 24
190 5 4
191 5 21
192 1 34
193 22 11
194 3 16
195 5 10
196 7 2
197 17 32
198 6 11
199 4 14
200 24 17
201 1 35
202 3 25
203 1 36
204 1 37
205 3 26
206 3 14
207 3 22
208 2 38
209 1 39
210 1 40
211 1 41
212 1 42
213 3 5
214 2 32
215 4 18
216 4 23
217 22 18
218 6 12
219 26 43
220 1 31
221 4 19
222 4 12
223 24 28
224 2 44
225 1 45
226 2 35
227 1 46
228 4 4
229 1 47
230 25 36
231 1 48
232 2 22
233 2 37
234 1 21
235 3 33
236 4 15
237 1 14
238 23 16
239 1 10
240 2 46
241 1 38
242 25 43
243 23 17
244 2 27
245 1 2
246 2 33
247 3 35
248 22 22
249 3 38
250 23 19
251 5 23
252 6 30
253 23 24
254 6 18
255 2 47
256 23 25
257 6 43
258 3 36
259 1 22
260 5 22
261 2 39
262 5 44
263 21 46
264 19 6
265 9 47
266 6 15
267 1 5
268 19 7
269 1 43
270 20 8
271 23 34
272 9 31
273 4 28
274 8 4
275 10 31
276 2 48
277 3 40
278 23 29
279 2 43
280 4 32
281 5 16
282 18 46
283 2 41
284 4 33
285 4 35
286 23 41
287 2 9
288 4 36
289 5 19
290 3 44
291 2 45
292 5 37
293 22 24
294 3 46
295 7 9
296 5 3
297 20 9
298 3 47
299 9 41
300 7 10
301 21 10
302 3 32
303 4 46
304 3 48
305 3 23
306 5 25
307 5 28
308 5 29
309 3 28
310 21 14
311 8 48
312 21 11
313 3 41
314 22 30
315 4 42
316 3 43
317 6 20
318 5 31
319 8 32
320 5 32
321 21 21
322 7 30
323 4 47
324 21 22
325 19 23
326 4 24
327 9 12
328 3 27
329 22 26
330 21 23
331 5 2
332 4 45
333 4 48
334 4 27
335 21 15
336 8 11
337 5 35
338 4 16
339 6 16
340 4 2
341 7 40
342 7 14
343 5 38
344 4 0
345 7 47
346 4 39
347 21 25
348 20 15
349 8 6
350 4 25
351 6 29
352 17 6
353 4 5
354 5 5
355 20 16
356 7 15
357 9 5
358 11 1
359 7 17
360 20 41
361 10 17
362 4 41
363 21 19
364 7 21
365 4 10
366 4 43
367 21 27
368 17 26
369 20 19
370 18 21
371 5 45
372 8 9
373 10 3
374 6 28
375 12 0
376 4 34
377 4 17
378 21 29
379 7 22
380 20 23
381 5 41
382 8 10
383 16 25
384 15 39
385 13 0
386 5 34
387 10 4
388 18 7
389 21 35
390 7 24
391 19 11
392 5 15
393 12 41
394 10 5
395 5 14
396 20 25
397 8 13
398 18 8
399 10 6
400 16 42
401 12 1
402 16 23
403 12 2
404 5 20
405 7 27
406 17 27
407 8 14
408 5 9
409 20 26
410 7 38
411 19 9
412 17 7
413 10 42
414 12 3
415 7 28
416 9 10
417 17 8
418 5 40
419 19 44
420 11 7
421 5 47
422 20 29
423 7 16
424 5 24
425 9 9
426 7 31
427 9 36
428 16 28
429 19 20
430 13 1
431 9 20
432 6 44
433 14 12
434 5 42
435 7 33
436 20 45
437 5 30
438 7 46
439 8 18
440 5 39
441 7 25
442 9 22
443 6 47
444 10 10
445 9 13
446 8 19
447 11 9
448 10 11
449 11 10
450 12 12
451 8 21
452 6 35
453 9 30
454 6 45
455 5 6
456 19 22
457 10 13
458 8 47
459 19 34
460 11 31
461 13 30
462 20 38
463 14 0
464 15 0
465 12 5
466 13 3
467 14 1
468 15 1
469 16 0
470 17 0
471 18 0
472 20 0
473 17 18
474 21 0
475 12 31
476 19 28
477 15 31
478 16 31
479 7 36
480 17 14
481 6 13
482 23 30
483 6 2
484 10 15
485 6 39
486 6 21
487 8 24
488 6 25
489 6 46
490 6 14
491 6 8
492 8 25
493 8 16
494 19 26
495 18 15
496 12 4
497 7 45
498 6 23
499 11 12
500 19 27
501 8 29
502 7 32
503 7 44
504 7 35
505 9 16
506 18 16
507 11 11
508 15 40
509 8 36
510 13 4
511 19 37
512 19 5
513 8 40
514 12 7
515 9 43
516 19 40
517 7 41
518 7 4
519 9 19
520 8 43
521 7 42
522 8 45
523 18 23
524 8 17
525 17 17
526 8 46
527 10 19
528 7 48
529 16 14
530 11 21
531 11 15
532 16 16
533 18 25
534 9 45
535 9 17
536 7 23
537 11 17
538 18 26
539 13 5
540 11 18
541 10 21
542 13 6
543 11 19
544 8 41
545 12 9
546 13 7
547 11 20
548 13 12
549 12 10
550 12 11
551 10 29
552 12 13
553 13 8
554 10 22
555 9 6
556 14 2
557 17 24
558 8 37
559 13 13
560 15 2
561 14 3
562 14 36
563 11 22
564 14 5
565 10 25
566 10 26
567 10 27
568 8 27
569 8 3
570 10 23
571 10 1
572 12 18
573 13 10
574 17 28
575 14 4
576 9 32
577 13 11
578 16 1
579 17 1
580 12 14
581 8 5
582 15 3
583 16 48
584 18 17
585 9 35
586 9 46
587 9 38
588 8 35
589 17 29
590 11 30
591 9 39
592 18 47
593 9 24
594 9 37
595 18 40
596 8 28
597 17 34
598 18 42
599 11 28
600 9 1
601 12 15
602 13 31
603 16 18
604 12 20
605 8 42
606 17 33
607 9 44
608 17 35
609 11 27
610 10 38
611 9 48
612 10 37
613 15 44
614 14 6
615 8 0
616 10 46
617 10 47
618 10 39
619 15 33
620 15 5
621 13 34
622 24 0
623 17 31
624 12 30
625 13 14
626 15 34
627 16 30
628 10 36
629 19 1
630 9 40
631 10 41
632 14 31
633 9 42
634 16 26
635 12 22
636 18 30
637 11 29
638 15 12
639 8 30
640 9 25
641 16 32
642 10 44
643 11 33
644 15 48
645 16 40
646 13 20
647 11 35
648 16 33
649 15 17
650 11 36
651 10 45
652 13 15
653 10 48
654 11 23
655 16 6
656 11 26
657 10 20
658 13 16
659 11 47
660 17 2
661 15 25
662 14 7
663 15 4
664 13 17
665 18 2
666 14 8
667 11 37
668 10 8
669 12 28
670 16 39
671 13 19
672 15 7
673 13 21
674 16 44
675 11 41
676 13 26
677 11 42
678 15 27
679 14 9
680 12 48
681 16 2
682 10 43
683 10 14
684 12 29
685 13 23
686 15 19
687 11 48
688 15 38
689 15 32
690 12 25
691 10 12
692 11 34
693 11 3
694 13 24
695 14 21
696 15 13
697 17 3
698 11 14
699 12 33
700 14 11
701 15 9
702 17 4
703 11 45
704 11 38
705 13 27
706 14 34
707 11 39
708 16 34
709 12 40
710 12 46
711 12 38
712 13 47
713 15 42
714 18 1
715 14 13
716 14 14
717 16 15
718 13 46
719 11 25
720 14 15
721 18 3
722 12 47
723 15 10
724 9 34
725 8 2
726 16 11
727 14 30
728 15 14
729 16 46
730 12 23
731 14 46
732 15 30
733 8 38
734 11 44
735 13 32
736 10 24
737 14 47
738 16 47
739 8 7
740 21 1
741 13 33
742 19 30
743 14 16
744 16 22
745 10 7
746 17 47
747 12 43
748 7 8
749 12 44
750 13 38
751 14 18
752 11 43
753 11 24
754 14 20
755 5 48
756 12 36
757 12 21
758 14 22
759 18 6
760 14 23
761 16 20
762 19 31
763 10 30
764 12 16
765 18 34
766 9 11
767 7 0
768 21 31
769 12 35
770 22 1
771 23 31
772 12 42
773 3 34
774 13 43
775 12 37
776 13 22
777 15 21
778 16 21
779 10 33
780 8 22
781 18 31
782 25 0
783 8 1
784 21 2
785 26 0
786 3 17
787 27 0
788 13 41
789 13 42
790 14 19
791 16 17
792 11 8
793 13 44
794 14 25
795 13 48
796 14 26
797 13 18
798 15 18
799 12 34
800 20 30
801 22 34
802 5 1
803 17 46
804 11 46
805 14 28
806 16 12
807 11 40
808 14 29
809 9 28
810 18 12
811 8 20
812 10 16
813 6 6
814 12 45
815 10 34
816 7 34
817 14 32
818 16 3
819 11 32
820 14 33
821 17 38
822 12 6
823 14 35
824 16 24
825 13 36
826 16 7
827 10 2
828 14 37
829 16 8
830 14 38
831 16 10
832 11 4
833 13 39
834 19 46
835 14 40
836 18 20
837 19 47
838 8 12
839 15 28
840 14 41
841 15 24
842 21 12
843 12 39
844 15 43
845 11 5
846 6 3
847 13 40
848 14 45
849 21 4
850 10 9
851 10 40
852 16 29
853 18 18
854 12 32
855 8 8
856 14 48
857 12 24
858 22 31
859 2 18
860 7 29
861 12 17
862 16 13
863 15 35
864 6 4
865 10 32
866 4 1
867 20 20
868 2 2
869 10 35
