0 0 0
1 0 1
2 0 9
3 0 3
4 2 0
5 2 1
6 1 2
7 0 2
8 1 9
9 0 10
10 35 9
11 3 9
12 33 32
13 5 9
14 7 37
15 0 12
16 1 10
17 35 10
18 3 10
19 4 10
20 0 21
21 1 12
22 35 12
23 3 12
24 36 32
25 2 21
26 1 3
27 0 4
28 1 4
29 35 0
30 2 9
31 4 12
32 5 10
33 0 5
34 3 0
35 35 1
36 6 0
37 30 42
38 0 6
39 34 1
40 3 35
41 0 7
42 1 5
43 0 8
44 2 2
45 4 45
46 33 0
47 5 0
48 4 21
49 3 32
50 30 3
51 1 21
52 8 0
53 0 13
54 6 1
55 3 22
56 5 32
57 35 32
58 10 12
59 0 14
60 2 3
61 34 3
62 0 11
63 0 15
64 0 16
65 36 6
66 2 5
67 34 37
68 0 17
69 0 32
70 4 1
71 0 23
72 6 3
73 0 20
74 1 7
75 3 7
76 1 8
77 2 31
78 0 22
79 34 4
80 4 31
81 6 9
82 0 37
83 2 37
84 4 32
85 34 46
86 0 24
87 32 37
88 6 10
89 0 25
90 1 14
91 0 18
92 35 7
93 34 31
94 1 13
95 5 23
96 5 1
97 8 1
98 10 10
99 30 21
100 33 3
101 29 2
102 27 2
103 5 12
104 3 4
105 9 6
106 26 21
107 4 5
108 0 19
109 3 8
110 36 11
111 4 6
112 7 2
113 5 17
114 0 26
115 1 15
116 3 6
117 0 29
118 2 14
119 1 16
120 3 11
121 30 1
122 28 1
123 7 3
124 0 27
125 0 28
126 5 2
127 33 8
128 4 34
129 30 4
130 0 30
131 36 17
132 3 13
133 0 31
134 0 33
135 2 15
136 34 8
137 2 6
138 4 3
139 4 7
140 6 28
141 0 34
142 1 18
143 3 16
144 0 35
145 0 42
146 1 24
147 35 17
148 34 13
149 2 42
150 34 35
151 4 37
152 31 12
153 32 21
154 0 46
155 0 36
156 1 37
157 35 46
158 3 46
159 2 4
160 5 46
161 1 35
162 0 38
163 35 35
164 4 35
165 0 39
166 1 19
167 36 20
168 2 47
169 6 18
170 4 13
171 7 0
172 0 40
173 1 42
174 35 18
175 6 32
176 3 42
177 7 10
178 0 41
179 0 43
180 1 46
181 0 44
182 5 31
183 6 37
184 7 12
185 6 46
186 8 9
187 0 45
188 2 30
189 35 19
190 0 47
191 33 14
192 7 32
193 6 4
194 7 46
195 33 11
196 10 1
197 1 25
198 1 22
199 2 20
200 34 11
201 4 15
202 34 16
203 4 16
204 2 22
205 6 16
206 1 26
207 6 21
208 9 10
209 2 23
210 3 31
211 8 10
212 10 9
213 34 30
214 9 12
215 11 9
216 12 9
217 1 27
218 4 4
219 3 5
220 4 17
221 1 28
222 32 13
223 2 24
224 6 6
225 2 25
226 7 5
227 1 29
228 28 3
229 6 7
230 8 4
231 26 47
232 29 5
233 2 26
234 13 0
235 1 33
236 10 3
237 2 27
238 1 34
239 1 36
240 1 38
241 2 28
242 32 11
243 34 18
244 4 39
245 1 39
246 4 41
247 3 29
248 1 40
249 1 41
250 2 33
251 34 22
252 4 18
253 1 43
254 6 14
255 8 12
256 5 42
257 1 44
258 1 47
259 2 34
260 28 21
261 8 21
262 32 35
263 2 39
264 3 23
265 1 45
266 6 31
267 26 2
268 4 30
269 35 36
270 1 1
271 30 2
272 30 6
273 5 15
274 9 31
275 31 35
276 7 31
277 11 31
278 25 3
279 29 31
280 2 29
281 30 37
282 29 32
283 27 37
284 5 35
285 30 31
286 6 35
287 7 35
288 9 32
289 1 30
290 3 19
291 34 25
292 3 14
293 32 30
294 27 4
295 29 6
296 12 0
297 7 7
298 1 6
299 34 26
300 4 20
301 6 20
302 1 20
303 2 43
304 2 44
305 34 27
306 4 22
307 1 11
308 2 13
309 4 24
310 2 16
311 5 20
312 2 18
313 2 32
314 3 26
315 4 27
316 2 36
317 30 46
318 32 17
319 5 8
320 3 20
321 6 11
322 9 25
323 30 15
324 5 21
325 29 8
326 8 42
327 3 38
328 7 8
329 27 21
330 32 18
331 11 10
332 2 35
333 2 10
334 2 17
335 6 15
336 28 2
337 7 44
338 12 10
339 24 47
340 10 32
341 9 5
342 26 4
343 2 19
344 5 44
345 9 0
346 4 8
347 28 35
348 7 4
349 9 9
350 5 30
351 6 5
352 2 12
353 33 39
354 4 44
355 11 5
356 3 24
357 5 24
358 9 26
359 4 11
360 3 47
361 11 21
362 11 37
363 7 14
364 25 1
365 12 32
366 31 13
367 14 0
368 32 26
369 6 19
370 6 27
371 4 33
372 3 34
373 7 1
374 28 6
375 32 25
376 4 43
377 5 43
378 7 30
379 3 44
380 8 34
381 10 47
382 8 30
383 10 6
384 5 18
385 11 8
386 3 36
387 31 20
388 6 44
389 3 3
390 5 27
391 7 45
392 3 45
393 4 40
394 7 21
395 3 37
396 5 28
397 7 22
398 5 29
399 32 44
400 6 23
401 32 34
402 4 42
403 9 8
404 27 8
405 5 16
406 4 46
407 10 2
408 10 37
409 9 37
410 12 37
411 7 23
412 4 28
413 11 12
414 9 46
415 6 25
416 13 1
417 13 9
418 14 9
419 10 46
420 12 46
421 26 14
422 22 35
423 4 0
424 6 26
425 4 14
426 31 47
427 7 26
428 13 10
429 26 31
430 14 10
431 29 16
432 9 42
433 16 0
434 5 45
435 12 2
436 17 9
437 8 23
438 28 14
439 11 23
440 5 34
441 7 16
442 9 44
443 12 12
444 14 32
445 15 9
446 16 9
447 10 31
448 5 25
449 6 29
450 4 38
451 11 35
452 9 15
453 6 33
454 5 39
455 13 32
456 10 42
457 15 10
458 7 17
459 6 42
460 13 3
461 13 2
462 17 0
463 13 4
464 4 25
465 14 12
466 27 36
467 18 0
468 7 42
469 6 38
470 26 7
471 7 18
472 19 0
473 7 20
474 6 43
475 12 4
476 11 13
477 17 1
478 16 1
479 9 7
480 5 36
481 6 40
482 14 1
483 12 5
484 12 6
485 15 1
486 15 2
487 14 22
488 20 9
489 21 9
490 22 9
491 23 9
492 9 30
493 7 24
494 11 32
495 5 47
496 27 15
497 29 17
498 12 8
499 13 6
500 14 3
501 16 3
502 5 13
503 30 22
504 5 14
505 7 25
506 27 30
507 8 14
508 9 16
509 11 15
510 30 19
511 24 8
512 25 13
513 15 0
514 16 42
515 21 29
516 25 7
517 26 30
518 6 47
519 6 2
520 6 34
521 8 18
522 7 29
523 7 33
524 7 34
525 28 17
526 6 13
527 10 7
528 29 19
529 8 22
530 7 38
531 12 11
532 10 11
533 8 24
534 14 34
535 8 25
536 13 5
537 8 46
538 11 46
539 26 35
540 11 0
541 12 21
542 20 37
543 7 47
544 7 39
545 13 37
546 7 40
547 23 4
548 17 10
549 16 12
550 19 37
551 9 14
552 28 19
553 23 32
554 11 25
555 17 32
556 13 46
557 22 21
558 8 3
559 14 46
560 6 30
561 9 23
562 29 27
563 9 20
564 16 37
565 6 24
566 20 46
567 18 9
568 22 32
569 29 47
570 26 23
571 6 45
572 13 21
573 6 41
574 8 28
575 25 31
576 14 47
577 7 41
578 10 16
579 15 4
580 11 42
581 8 5
582 28 26
583 16 4
584 28 22
585 17 2
586 19 9
587 7 15
588 18 1
589 28 25
590 27 17
591 11 34
592 8 33
593 20 0
594 10 18
595 8 36
596 9 24
597 24 13
598 21 0
599 27 20
600 11 16
601 23 24
602 10 19
603 8 39
604 14 5
605 14 6
606 8 38
607 22 37
608 15 37
609 8 40
610 21 37
611 15 5
612 19 3
613 16 46
614 20 10
615 24 9
616 23 37
617 17 37
618 18 10
619 12 16
620 20 32
621 16 35
622 21 32
623 8 41
624 21 5
625 25 9
626 26 0
627 27 9
628 28 9
629 12 35
630 29 0
631 26 9
632 30 9
633 8 43
634 25 32
635 31 9
636 14 8
637 29 1
638 32 9
639 4 9
640 34 9
641 23 0
642 8 44
643 28 10
644 35 37
645 7 9
646 1 32
647 37 9
648 13 14
649 31 10
650 9 22
651 22 46
652 14 21
653 28 47
654 10 25
655 17 46
656 19 32
657 8 45
658 10 26
659 25 30
660 13 15
661 15 32
662 22 6
663 17 3
664 20 30
665 18 4
666 11 17
667 8 27
668 8 2
669 27 27
670 11 11
671 21 10
672 11 14
673 24 10
674 19 10
675 8 11
676 20 12
677 11 6
678 12 42
679 24 31
680 8 31
681 10 33
682 9 35
683 11 18
684 25 17
685 9 39
686 15 15
687 24 12
688 16 21
689 17 12
690 18 5
691 9 34
692 8 8
693 8 37
694 9 45
695 8 6
696 13 23
697 26 19
698 21 21
699 24 35
700 28 45
701 15 30
702 9 43
703 9 36
704 13 18
705 25 20
706 28 40
707 9 13
708 11 20
709 25 19
710 13 16
711 14 7
712 10 45
713 13 42
714 19 1
715 8 16
716 27 38
717 9 27
718 9 40
719 9 1
720 9 47
721 11 22
722 25 22
723 10 24
724 10 30
725 10 8
726 10 17
727 25 23
728 22 7
729 14 15
730 25 26
731 10 4
732 24 26
733 12 17
734 16 45
735 11 27
736 11 28
737 11 29
738 27 10
739 14 31
740 9 21
741 8 32
742 26 34
743 12 24
744 14 13
745 17 4
746 16 6
747 25 10
748 10 21
749 20 1
750 13 20
751 15 13
752 22 1
753 18 2
754 19 2
755 10 15
756 11 43
757 24 18
758 15 14
759 15 16
760 14 16
761 16 8
762 10 43
763 17 5
764 15 17
765 18 6
766 20 44
767 23 1
768 25 0
769 10 38
770 17 6
771 10 20
772 11 36
773 15 23
774 12 29
775 16 7
776 14 11
777 9 3
778 11 40
779 15 18
780 12 27
781 17 7
782 24 19
783 14 17
784 19 5
785 16 11
786 20 2
787 10 41
788 19 6
789 20 3
790 13 22
791 14 18
792 12 28
793 25 33
794 25 34
795 14 20
796 24 24
797 12 36
798 21 12
799 11 39
800 13 25
801 22 3
802 16 13
803 26 10
804 13 27
805 12 38
806 17 8
807 20 4
808 21 1
809 16 14
810 18 7
811 16 15
812 18 8
813 23 2
814 17 11
815 24 28
816 26 12
817 20 21
818 24 0
819 6 12
820 13 30
821 12 43
822 23 19
823 24 29
824 12 40
825 11 2
826 23 22
827 11 44
828 14 45
829 16 16
830 23 23
831 21 2
832 13 33
833 15 19
834 10 0
835 13 34
836 21 17
837 13 36
838 18 12
839 24 1
840 21 18
841 18 41
842 11 45
843 17 14
844 19 11
845 11 47
846 15 20
847 22 4
848 5 37
849 30 32
850 33 10
851 24 44
852 17 15
853 15 24
854 13 24
855 19 8
856 18 13
857 16 23
858 23 10
859 22 0
860 20 5
861 17 16
862 14 25
863 23 26
864 12 25
865 12 3
866 12 13
867 16 20
868 20 6
869 15 22
870 14 27
871 17 17
872 21 19
873 20 20
874 23 28
875 17 22
876 19 7
877 21 24
878 15 29
879 12 7
880 16 30
881 18 15
882 27 3
883 16 25
884 20 8
885 23 30
886 13 38
887 29 10
888 36 10
889 31 32
890 34 10
891 21 46
892 22 25
893 17 21
894 14 35
895 15 26
896 12 34
897 27 12
898 2 46
899 16 31
900 12 41
901 37 0
902 23 3
903 19 12
904 11 1
905 18 21
906 17 31
907 23 33
908 13 43
909 14 37
910 15 35
911 19 14
912 19 15
913 14 42
914 22 29
915 19 16
916 17 23
917 22 27
918 21 25
919 31 0
920 14 39
921 20 14
922 13 45
923 21 35
924 14 44
925 22 34
926 16 27
927 24 3
928 22 10
929 19 17
930 16 5
931 14 38
932 22 28
933 14 40
