0 0 0
1 0 1
2 1 0
3 2 1
4 2 0
5 337 1
6 338 1
7 3 0
8 0 2
9 1 1
10 3 1
11 3 2
12 4 0
13 4 1
14 5 0
15 5 1
16 6 0
17 6 1
18 7 0
19 6 2
20 332 1
21 7 1
22 5 2
23 7 2
24 8 0
25 8 1
26 8 2
27 9 0
28 9 1
29 9 2
30 10 0
31 10 1
32 10 2
33 11 0
34 11 1
35 12 0
36 11 2
37 13 0
38 12 1
39 14 0
40 12 2
41 15 0
42 13 1
43 16 0
44 13 2
45 17 0
46 14 1
47 16 1
48 14 2
49 18 0
50 15 1
51 19 0
52 16 2
53 20 0
54 21 0
55 17 1
56 15 2
57 18 1
58 22 0
59 18 2
60 23 0
61 19 1
62 17 2
63 19 2
64 20 1
65 20 2
66 21 1
67 21 2
68 22 1
69 22 2
70 23 1
71 23 2
72 24 0
73 24 1
74 24 2
75 25 0
76 25 1
77 26 0
78 26 1
79 27 0
80 27 1
81 28 0
82 28 1
83 29 0
84 29 1
85 30 0
86 28 2
87 25 2
88 26 2
89 31 0
90 29 2
91 32 0
92 27 2
93 33 0
94 30 1
95 34 0
96 31 1
97 35 0
98 31 2
99 36 0
100 32 1
101 37 0
102 33 1
103 34 1
104 34 2
105 38 0
106 35 1
107 30 2
108 32 2
109 39 0
110 36 1
111 33 2
112 35 2
113 36 2
114 37 1
115 37 2
116 38 1
117 38 2
118 39 1
119 39 2
120 40 0
121 40 1
122 41 0
123 42 0
124 40 2
125 43 0
126 41 1
127 44 0
128 45 0
129 41 2
130 46 0
131 42 1
132 47 0
133 42 2
134 48 0
135 43 1
136 49 0
137 44 1
138 50 0
139 45 1
140 51 0
141 43 2
142 45 2
143 44 2
144 46 1
145 46 2
146 47 1
147 48 1
148 49 1
149 47 2
150 48 2
151 49 2
152 50 1
153 50 2
154 51 1
155 51 2
156 52 0
157 52 1
158 52 2
159 53 0
160 53 1
161 54 0
162 54 1
163 55 0
164 55 1
165 56 0
166 56 1
167 53 2
168 54 2
169 55 2
170 56 2
171 57 0
172 57 1
173 58 0
174 58 1
175 59 0
176 59 1
177 60 0
178 60 1
179 57 2
180 58 2
181 59 2
182 60 2
183 61 0
184 61 1
185 62 0
186 62 1
187 61 2
188 63 0
189 63 1
190 63 2
191 64 0
192 64 1
193 65 0
194 65 1
195 65 2
196 62 2
197 64 2
198 66 0
199 66 1
200 67 0
201 67 1
202 67 2
203 66 2
204 68 0
205 68 1
206 68 2
207 69 0
208 69 1
209 70 0
210 70 1
211 71 0
212 71 1
213 72 0
214 72 1
215 71 2
216 69 2
217 73 0
218 70 2
219 74 0
220 72 2
221 73 1
222 73 2
223 74 1
224 74 2
225 75 0
226 75 1
227 76 0
228 76 1
229 77 0
230 77 1
231 75 2
232 76 2
233 77 2
234 78 0
235 78 1
236 78 2
237 79 0
238 79 1
239 79 2
240 80 0
241 80 1
242 81 0
243 80 2
244 81 1
245 81 2
246 82 0
247 82 1
248 83 0
249 83 1
250 83 2
251 82 2
252 84 0
253 85 0
254 86 0
255 84 1
256 87 0
257 84 2
258 85 1
259 85 2
260 86 1
261 86 2
262 87 1
263 87 2
264 88 0
265 88 1
266 88 2
267 89 0
268 89 1
269 89 2
270 90 0
271 90 1
272 91 0
273 91 1
274 92 0
275 90 2
276 91 2
277 92 1
278 92 2
279 93 0
280 93 1
281 94 0
282 94 1
283 95 0
284 93 2
285 94 2
286 95 1
287 95 2
288 96 0
289 96 1
290 97 0
291 97 1
292 98 0
293 98 1
294 96 2
295 99 0
296 98 2
297 100 0
298 99 1
299 97 2
300 99 2
301 100 1
302 100 2
303 101 0
304 101 1
305 101 2
306 102 0
307 102 1
308 102 2
309 103 0
310 103 1
311 104 0
312 104 1
313 105 0
314 105 1
315 103 2
316 104 2
317 106 0
318 106 1
319 107 0
320 107 1
321 108 0
322 108 1
323 107 2
324 105 2
325 106 2
326 108 2
327 109 0
328 109 1
329 109 2
330 110 0
331 110 1
332 111 0
333 111 1
334 110 2
335 111 2
336 112 0
337 112 1
338 113 0
339 112 2
340 113 1
341 114 0
342 115 0
343 116 0
344 113 2
345 114 1
346 115 1
347 116 1
348 114 2
349 115 2
350 116 2
351 117 0
352 117 1
353 117 2
354 118 0
355 118 1
356 119 0
357 119 1
358 120 0
359 120 1
360 118 2
361 119 2
362 121 0
363 121 1
364 120 2
365 121 2
366 122 0
367 122 1
368 123 0
369 123 1
370 124 0
371 124 1
372 125 0
373 122 2
374 123 2
375 124 2
376 125 1
377 125 2
378 126 0
379 126 1
380 127 0
381 126 2
382 128 0
383 127 1
384 127 2
385 128 1
386 128 2
387 129 0
388 129 1
389 130 0
390 130 1
391 131 0
392 131 1
393 132 0
394 132 1
395 133 0
396 130 2
397 134 0
398 133 1
399 133 2
400 131 2
401 135 0
402 134 1
403 129 2
404 132 2
405 134 2
406 135 1
407 136 0
408 135 2
409 136 1
410 136 2
411 137 0
412 138 0
413 137 1
414 139 0
415 140 0
416 137 2
417 138 1
418 141 0
419 142 0
420 139 1
421 138 2
422 139 2
423 140 1
424 140 2
425 141 1
426 141 2
427 142 1
428 142 2
429 143 0
430 143 1
431 144 0
432 143 2
433 144 1
434 144 2
435 145 0
436 145 1
437 146 0
438 146 1
439 145 2
440 146 2
441 147 0
442 147 1
443 148 0
444 148 1
445 148 2
446 147 2
447 149 0
448 149 1
449 149 2
450 150 0
451 150 1
452 151 0
453 152 0
454 150 2
455 151 1
456 151 2
457 152 1
458 153 0
459 152 2
460 154 0
461 153 1
462 155 0
463 156 0
464 154 1
465 157 0
466 155 1
467 153 2
468 154 2
469 158 0
470 156 1
471 155 2
472 156 2
473 157 1
474 157 2
475 158 1
476 159 0
477 158 2
478 159 1
479 159 2
480 160 0
481 160 1
482 160 2
483 161 0
484 161 1
485 161 2
486 162 0
487 163 0
488 164 0
489 162 1
490 162 2
491 165 0
492 165 1
493 163 1
494 163 2
495 164 1
496 164 2
497 165 2
498 166 0
499 167 0
500 168 0
501 166 1
502 166 2
503 167 1
504 168 1
505 167 2
506 169 0
507 168 2
508 169 1
509 169 2
510 170 0
511 170 1
512 171 0
513 171 1
514 172 0
515 170 2
516 171 2
517 172 1
518 172 2
519 173 0
520 173 1
521 174 0
522 173 2
523 174 1
524 174 2
525 175 0
526 176 0
527 175 1
528 177 0
529 176 1
530 176 2
531 175 2
532 178 0
533 177 1
534 179 0
535 177 2
536 178 1
537 178 2
538 179 1
539 180 0
540 179 2
541 180 1
542 180 2
543 181 0
544 181 1
545 181 2
546 182 0
547 182 1
548 182 2
549 183 0
550 183 1
551 183 2
552 184 0
553 184 1
554 185 0
555 184 2
556 185 1
557 185 2
558 186 0
559 186 1
560 187 0
561 187 1
562 186 2
563 187 2
564 188 0
565 188 1
566 189 0
567 189 1
568 190 0
569 190 1
570 191 0
571 191 1
572 192 0
573 192 1
574 193 0
575 191 2
576 188 2
577 189 2
578 190 2
579 192 2
580 194 0
581 193 1
582 193 2
583 194 1
584 195 0
585 196 0
586 194 2
587 195 1
588 195 2
589 196 1
590 196 2
591 197 0
592 197 1
593 198 0
594 197 2
595 199 0
596 198 1
597 200 0
598 199 1
599 200 1
600 199 2
601 198 2
602 200 2
603 201 0
604 201 1
605 202 0
606 202 1
607 203 0
608 203 1
609 201 2
610 202 2
611 204 0
612 203 2
613 205 0
614 204 1
615 204 2
616 205 1
617 206 0
618 206 1
619 207 0
620 207 1
621 208 0
622 208 1
623 209 0
624 209 1
625 205 2
626 206 2
627 207 2
628 208 2
629 209 2
630 210 0
631 210 1
632 211 0
633 211 1
634 212 0
635 210 2
636 211 2
637 212 1
638 212 2
639 213 0
640 214 0
641 213 1
642 214 1
643 213 2
644 215 0
645 214 2
646 215 1
647 216 0
648 215 2
649 217 0
650 216 1
651 216 2
652 218 0
653 217 1
654 217 2
655 218 1
656 218 2
657 219 0
658 219 1
659 220 0
660 220 1
661 220 2
662 219 2
663 221 0
664 221 1
665 222 0
666 222 1
667 223 0
668 223 1
669 221 2
670 222 2
671 223 2
672 224 0
673 224 1
674 224 2
675 225 0
676 225 1
677 225 2
678 226 0
679 226 1
680 227 0
681 227 1
682 228 0
683 228 1
684 226 2
685 227 2
686 228 2
687 229 0
688 229 1
689 229 2
690 230 0
691 230 1
692 230 2
693 231 0
694 231 1
695 232 0
696 231 2
697 232 1
698 232 2
699 233 0
700 233 1
701 233 2
702 234 0
703 234 1
704 235 0
705 235 1
706 236 0
707 236 1
708 234 2
709 235 2
710 237 0
711 237 1
712 238 0
713 238 1
714 239 0
715 236 2
716 237 2
717 238 2
718 239 1
719 239 2
720 240 0
721 240 1
722 240 2
723 241 0
724 241 1
725 242 0
726 242 1
727 243 0
728 243 1
729 244 0
730 244 1
731 245 0
732 245 1
733 241 2
734 242 2
735 243 2
736 244 2
737 245 2
738 246 0
739 246 1
740 246 2
741 247 0
742 247 1
743 247 2
744 248 0
745 248 1
746 249 0
747 248 2
748 249 1
749 249 2
750 250 0
751 250 1
752 250 2
753 251 0
754 251 1
755 251 2
756 252 0
757 252 1
758 253 0
759 252 2
760 253 1
761 253 2
762 254 0
763 254 1
764 254 2
765 255 0
766 255 1
767 255 2
768 256 0
769 256 1
770 256 2
771 257 0
772 257 1
773 258 0
774 258 1
775 258 2
776 257 2
777 259 0
778 259 1
779 259 2
780 260 0
781 260 1
782 261 0
783 260 2
784 262 0
785 261 1
786 261 2
787 262 1
788 262 2
789 263 0
790 263 1
791 263 2
792 264 0
793 265 0
794 265 1
795 264 1
796 264 2
797 265 2
798 266 0
799 266 1
800 267 0
801 268 0
802 269 0
803 266 2
804 267 1
805 267 2
806 268 1
807 269 1
808 268 2
809 269 2
810 270 0
811 270 1
812 270 2
813 271 0
814 271 1
815 271 2
816 272 0
817 272 1
818 272 2
819 273 0
820 273 1
821 273 2
822 274 0
823 274 1
824 275 0
825 275 1
826 276 0
827 276 1
828 275 2
829 277 0
830 274 2
831 276 2
832 277 1
833 277 2
834 278 0
835 278 1
836 278 2
837 279 0
838 279 1
839 280 0
840 280 1
841 279 2
842 281 0
843 281 1
844 282 0
845 281 2
846 280 2
847 282 1
848 282 2
849 283 0
850 283 1
851 284 0
852 284 1
853 283 2
854 284 2
855 285 0
856 285 1
857 285 2
858 286 0
859 286 1
860 287 0
861 288 0
862 286 2
863 287 1
864 287 2
865 289 0
866 290 0
867 288 1
868 291 0
869 288 2
870 292 0
871 289 1
872 290 1
873 290 2
874 293 0
875 291 1
876 291 2
877 293 1
878 289 2
879 292 1
880 292 2
881 293 2
882 294 0
883 294 1
884 295 0
885 295 1
886 294 2
887 295 2
888 296 0
889 296 1
890 297 0
891 298 0
892 297 1
893 299 0
894 296 2
895 297 2
896 299 1
897 298 1
898 300 0
899 299 2
900 301 0
901 298 2
902 302 0
903 300 1
904 300 2
905 301 1
906 302 1
907 301 2
908 302 2
909 303 0
910 303 1
911 303 2
912 304 0
913 304 1
914 304 2
915 305 0
916 305 1
917 306 0
918 306 1
919 307 0
920 305 2
921 306 2
922 307 1
923 307 2
924 308 0
925 308 1
926 309 0
927 309 1
928 308 2
929 309 2
930 310 0
931 311 0
932 310 1
933 310 2
934 312 0
935 311 1
936 311 2
937 312 1
938 312 2
939 313 0
940 313 1
941 314 0
942 314 1
943 315 0
944 315 1
945 316 0
946 315 2
947 317 0
948 316 1
949 318 0
950 317 1
951 313 2
952 314 2
953 316 2
954 317 2
955 318 1
956 318 2
957 319 0
958 320 0
959 319 1
960 319 2
961 320 1
962 321 0
963 321 1
964 322 0
965 320 2
966 323 0
967 322 1
968 324 0
969 322 2
970 323 1
971 321 2
972 325 0
973 323 2
974 326 0
975 324 1
976 324 2
977 325 1
978 325 2
979 326 1
980 326 2
981 327 0
982 327 1
983 327 2
984 328 0
985 328 1
986 328 2
987 330 0
988 329 1
989 329 2
990 331 0
991 329 0
992 332 2
993 330 1
994 333 1
995 331 1
996 334 0
997 334 1
998 335 0
999 335 2
1000 330 2
1001 333 2
1002 331 2
1003 332 0
1004 333 0
1005 336 0
1006 4 2
1007 337 0
1008 335 1
1009 338 2
1010 338 0
1011 334 2
1012 2 2
1013 1 2
1014 337 2
1015 339 0
1016 339 1
