0 1 0
1 2 3
2 0 1
3 30 2
4 31 2
5 0 2
6 30 4
7 3 0
8 0 3
9 31 4
10 0 5
11 2 5
12 0 6
13 1 4
14 2 1
15 28 1
16 0 7
17 30 5
18 31 6
19 28 4
20 4 3
21 4 0
22 27 1
23 5 0
24 0 0
25 2 2
26 1 3
27 5 1
28 1 7
29 28 2
30 1 5
31 2 6
32 1 2
33 28 6
34 28 3
35 2 4
36 5 4
37 3 2
38 3 1
39 3 5
40 26 1
41 6 0
42 7 0
43 23 0
44 3 6
45 4 7
46 5 7
47 26 4
48 22 4
49 26 2
50 25 1
51 26 7
52 5 3
53 7 7
54 8 7
55 9 7
56 10 7
57 11 0
58 19 0
59 13 7
60 4 6
61 25 3
62 6 1
63 7 2
64 25 6
65 11 7
66 6 6
67 8 0
68 14 7
69 9 1
70 24 3
71 23 2
72 6 7
73 7 4
74 6 5
75 9 4
76 12 2
77 10 0
78 15 0
79 9 2
80 8 3
81 6 4
82 9 3
83 7 1
84 8 5
85 21 1
86 10 2
87 8 6
88 9 5
89 11 6
90 10 3
91 8 4
92 11 2
93 9 0
94 11 1
95 13 0
96 16 0
97 21 6
98 12 1
99 17 0
100 18 0
101 17 2
102 19 7
103 20 0
104 10 1
105 20 6
106 10 4
107 12 3
108 12 5
109 12 6
110 20 1
111 13 1
112 21 0
113 12 7
114 13 2
115 14 0
116 15 7
117 13 3
118 16 2
119 16 1
120 14 2
121 11 4
122 19 5
123 13 4
124 19 6
125 17 3
126 14 1
127 12 0
128 12 4
129 14 3
130 15 1
131 20 2
132 14 4
133 15 2
134 16 3
135 16 4
136 15 3
137 14 5
138 15 4
139 14 6
140 16 5
141 18 7
142 16 7
143 15 5
144 15 6
145 17 1
146 16 6
147 17 4
148 17 5
149 17 7
150 17 6
151 18 1
152 22 0
153 20 5
154 18 2
155 18 3
156 18 4
157 21 2
158 19 2
159 23 7
160 13 5
161 19 1
162 10 5
163 13 6
164 22 2
165 21 7
166 20 3
167 24 0
168 19 3
169 19 4
170 18 5
171 18 6
172 20 4
173 21 5
174 21 3
175 22 1
176 20 7
177 11 5
178 21 4
179 22 3
180 10 6
181 22 6
182 23 4
183 22 7
184 24 1
185 22 5
186 24 2
187 9 6
188 23 1
189 8 1
190 8 2
191 25 0
192 24 7
193 24 4
194 27 0
195 5 2
196 27 2
197 26 6
198 23 5
199 7 3
200 6 2
201 28 7
202 3 7
203 23 6
204 23 3
205 26 3
206 5 5
207 25 7
208 25 4
209 7 5
210 6 3
211 27 7
212 28 0
213 27 4
214 7 6
215 24 5
216 29 0
217 30 0
218 31 0
219 24 6
220 3 4
221 2 7
222 27 5
223 5 6
224 26 0
225 29 7
226 1 1
227 3 3
228 4 2
229 28 5
230 27 3
231 2 0
232 4 4
233 31 7
234 4 5
235 1 6
236 31 3
237 4 1
238 29 5
239 30 7
240 29 3
241 27 6
