0 1 5
1 0 1
2 0 2
3 1 0
4 0 3
5 2 1
6 71 11
7 4 8
8 0 4
9 0 5
10 1 6
11 1 7
12 0 8
13 3 6
14 0 9
15 0 10
16 73 3
17 71 1
18 0 14
19 0 12
20 1 14
21 1 4
22 2 2
23 4 1
24 0 13
25 2 5
26 74 10
27 0 0
28 2 7
29 0 7
30 0 11
31 0 6
32 1 11
33 1 12
34 1 13
35 2 3
36 1 3
37 4 6
38 2 6
39 3 2
40 3 13
41 1 9
42 1 10
43 3 14
44 2 11
45 2 12
46 2 14
47 2 13
48 4 0
49 69 4
50 4 11
51 2 9
52 3 5
53 3 8
54 70 13
55 3 7
56 1 8
57 70 6
58 3 4
59 5 0
60 5 1
61 2 10
62 3 11
63 72 12
64 5 2
65 7 6
66 4 4
67 70 8
68 6 1
69 70 11
70 2 4
71 4 5
72 5 3
73 4 9
74 70 9
75 6 2
76 7 0
77 4 7
78 2 8
79 3 10
80 5 11
81 6 3
82 3 12
83 7 1
84 4 12
85 4 13
86 3 0
87 5 14
88 6 14
89 7 14
90 8 14
91 66 14
92 10 14
93 11 0
94 12 0
95 62 10
96 14 0
97 6 4
98 4 2
99 63 2
100 15 0
101 5 7
102 5 8
103 11 14
104 7 2
105 70 3
106 62 14
107 13 14
108 5 10
109 8 0
110 4 3
111 60 14
112 6 12
113 5 13
114 5 5
115 5 6
116 5 12
117 6 8
118 8 8
119 7 4
120 16 14
121 66 2
122 4 10
123 6 10
124 68 8
125 68 14
126 5 4
127 6 13
128 9 0
129 13 2
130 6 7
131 7 7
132 57 0
133 63 7
134 9 5
135 8 1
136 67 11
137 8 10
138 15 14
139 6 11
140 7 12
141 57 14
142 63 1
143 9 1
144 10 2
145 7 13
146 8 3
147 8 4
148 6 5
149 8 6
150 7 3
151 66 10
152 9 8
153 11 1
154 62 13
155 13 1
156 67 13
157 14 3
158 8 9
159 9 2
160 10 3
161 9 3
162 8 11
163 65 5
164 8 12
165 7 10
166 9 4
167 65 14
168 11 3
169 7 5
170 12 3
171 9 9
172 11 4
173 12 2
174 64 9
175 11 6
176 8 13
177 60 2
178 65 8
179 8 7
180 60 3
181 65 3
182 14 2
183 9 10
184 9 11
185 9 12
186 65 13
187 10 7
188 10 8
189 10 5
190 10 11
191 10 12
192 61 4
193 63 6
194 8 2
195 11 7
196 16 2
197 12 1
198 10 9
199 11 10
200 11 11
201 11 12
202 12 5
203 15 3
204 13 6
205 12 9
206 11 13
207 12 7
208 12 8
209 19 14
210 12 10
211 13 11
212 62 12
213 12 13
214 62 5
215 61 6
216 12 14
217 61 3
218 14 8
219 13 10
220 18 0
221 14 9
222 60 4
223 60 10
224 57 6
225 14 1
226 59 10
227 18 2
228 18 1
229 19 0
230 54 14
231 21 0
232 52 0
233 11 2
234 59 13
235 13 5
236 60 6
237 13 7
238 60 8
239 14 5
240 13 9
241 60 13
242 55 14
243 15 6
244 15 7
245 22 1
246 23 0
247 15 8
248 21 14
249 22 14
250 23 14
251 24 14
252 15 11
253 16 3
254 17 0
255 14 12
256 59 0
257 16 4
258 60 5
259 15 10
260 14 7
261 15 5
262 59 12
263 17 2
264 25 14
265 14 13
266 16 6
267 15 2
268 18 3
269 55 2
270 20 0
271 16 1
272 53 1
273 22 2
274 56 2
275 51 3
276 16 8
277 58 7
278 59 9
279 17 4
280 19 3
281 18 4
282 15 13
283 16 11
284 15 4
285 20 2
286 55 1
287 17 5
288 16 13
289 20 3
290 17 6
291 16 7
292 17 8
293 17 9
294 16 10
295 15 12
296 16 12
297 18 5
298 58 13
299 18 6
300 17 14
301 19 5
302 18 8
303 57 10
304 20 14
305 54 3
306 52 2
307 22 3
308 23 2
309 57 13
310 53 12
311 56 11
312 21 13
313 55 10
314 20 5
315 53 9
316 18 12
317 21 5
318 18 13
319 19 6
320 19 10
321 19 8
322 54 6
323 53 7
324 21 6
325 20 9
326 48 14
327 49 1
328 20 8
329 21 7
330 19 12
331 18 11
332 19 13
333 20 10
334 19 11
335 52 8
336 23 3
337 53 11
338 54 4
339 53 2
340 22 5
341 22 6
342 21 9
343 21 10
344 20 11
345 51 4
346 20 6
347 22 0
348 50 4
349 52 4
350 22 9
351 24 1
352 22 10
353 22 13
354 23 6
355 23 7
356 22 11
357 50 0
358 27 14
359 24 3
360 23 9
361 52 13
362 51 13
363 22 8
364 23 10
365 23 11
366 23 12
367 23 13
368 49 7
369 26 1
370 48 0
371 25 2
372 23 4
373 23 8
374 24 6
375 24 7
376 24 8
377 24 9
378 47 0
379 50 10
380 24 11
381 24 12
382 28 14
383 24 13
384 49 3
385 27 5
386 29 0
387 49 10
388 30 0
389 47 9
390 29 1
391 31 0
392 29 2
393 25 5
394 48 2
395 26 3
396 46 0
397 49 12
398 26 10
399 26 4
400 32 0
401 25 8
402 27 0
403 30 2
404 25 9
405 33 0
406 32 14
407 27 2
408 35 0
409 49 9
410 25 11
411 47 6
412 25 3
413 25 12
414 28 1
415 29 3
416 28 2
417 49 13
418 26 7
419 26 8
420 48 9
421 47 4
422 28 3
423 25 10
424 48 5
425 48 10
426 26 6
427 46 4
428 29 4
429 45 5
430 31 1
431 27 12
432 34 2
433 30 3
434 26 14
435 47 5
436 26 13
437 27 7
438 27 8
439 46 11
440 29 6
441 44 8
442 29 9
443 31 5
444 28 13
445 43 1
446 47 8
447 47 11
448 32 1
449 42 2
450 28 7
451 28 0
452 27 13
453 30 6
454 27 11
455 28 9
456 28 10
457 29 8
458 46 10
459 29 10
460 43 10
461 31 3
462 34 11
463 40 1
464 36 4
465 38 7
466 33 2
467 29 12
468 29 5
469 31 6
470 45 10
471 46 13
472 34 3
473 39 2
474 45 11
475 29 14
476 29 13
477 44 6
478 44 1
479 30 7
480 33 8
481 30 10
482 31 4
483 32 6
484 29 11
485 44 9
486 43 4
487 32 7
488 30 11
489 33 3
490 42 8
491 34 4
492 35 2
493 36 1
494 31 7
495 30 14
496 30 13
497 32 2
498 32 8
499 31 9
500 40 5
501 31 10
502 35 3
503 33 13
504 31 11
505 31 12
506 36 2
507 37 2
508 43 13
509 32 11
510 33 14
511 34 0
512 31 14
513 31 13
514 41 7
515 33 6
516 32 5
517 40 3
518 36 6
519 32 13
520 35 10
521 41 8
522 35 9
523 41 5
524 40 10
525 39 5
526 36 3
527 33 4
528 35 12
529 32 10
530 37 7
531 34 12
532 41 10
533 33 12
534 34 6
535 35 6
536 37 1
537 38 0
538 40 8
539 37 5
540 32 4
541 34 7
542 35 8
543 36 7
544 37 8
545 38 1
546 39 0
547 40 0
548 42 0
549 43 8
550 34 5
551 38 2
552 42 6
553 36 8
554 39 1
555 37 3
556 41 14
557 39 9
558 34 10
559 34 1
560 37 9
561 36 12
562 34 13
563 34 14
564 37 10
565 38 9
566 38 8
567 38 5
568 37 12
569 37 0
570 36 5
571 39 11
572 37 13
573 39 4
574 38 14
575 36 0
576 38 3
577 37 4
578 36 11
579 38 6
580 40 2
581 36 14
582 39 7
583 36 9
584 38 12
585 38 13
586 39 8
587 36 10
588 37 11
589 38 4
590 37 14
591 37 6
592 36 13
593 35 4
594 41 4
595 35 1
596 41 0
597 38 11
598 42 5
599 35 14
600 35 11
601 39 3
602 33 9
603 40 4
604 35 7
605 42 1
606 38 10
607 40 11
608 35 5
609 39 12
610 39 14
611 40 9
612 34 9
613 40 14
614 42 14
615 43 0
616 44 0
617 40 12
618 39 6
619 35 13
620 40 7
621 33 5
622 34 8
623 40 6
624 41 9
625 41 2
626 39 10
627 41 11
628 43 2
629 33 7
630 33 10
631 43 3
632 41 12
633 32 3
634 42 4
635 39 13
636 31 8
637 42 10
638 33 11
639 43 5
640 30 1
641 32 9
642 45 0
643 45 14
644 44 14
645 42 11
646 40 13
647 43 9
648 41 6
649 41 3
650 43 6
651 41 1
652 32 12
653 41 13
654 42 3
655 31 2
656 42 7
657 45 8
658 43 7
659 42 13
660 42 9
661 44 5
662 45 3
663 43 14
664 44 4
665 30 4
666 42 12
667 44 13
668 45 1
669 28 5
670 48 7
671 49 0
672 26 2
673 25 0
674 25 6
675 30 8
676 46 9
677 45 2
678 44 7
679 29 7
680 46 1
681 43 12
682 30 9
683 44 10
684 24 0
685 30 12
686 30 5
687 43 11
688 45 4
689 46 2
690 46 3
691 44 3
692 45 6
693 47 13
694 27 1
695 49 2
696 51 7
697 47 1
698 45 7
699 46 8
700 45 9
701 44 2
702 44 11
703 46 12
704 28 6
705 44 12
706 46 7
707 47 2
708 28 8
709 27 3
710 47 3
711 27 10
712 26 0
713 48 3
714 45 12
715 28 4
716 49 5
717 28 11
718 50 5
719 51 5
720 46 14
721 27 9
722 47 7
723 49 4
724 28 12
725 24 2
726 50 12
727 51 0
728 45 13
729 53 0
730 52 1
731 54 0
732 27 4
733 49 6
734 25 4
735 46 6
736 48 8
737 48 6
738 55 0
739 27 6
740 47 12
741 49 8
742 25 1
743 50 3
744 48 13
745 26 11
746 51 8
747 48 4
748 24 4
749 51 10
750 47 10
751 26 5
752 46 5
753 47 14
754 26 9
755 25 7
756 50 7
757 50 9
758 25 13
759 48 11
760 26 12
761 48 1
762 49 14
763 24 5
764 51 1
765 24 10
766 23 1
767 51 12
768 52 3
769 49 11
770 50 14
771 50 11
772 50 1
773 48 12
774 50 13
775 23 5
776 51 14
777 51 6
778 22 4
779 50 6
780 52 7
781 50 8
782 21 4
783 51 9
784 52 5
785 54 1
786 20 1
787 19 1
788 56 0
789 17 11
790 50 2
791 51 11
792 58 14
793 19 4
794 60 0
795 15 1
796 58 1
797 14 11
798 13 0
799 52 12
800 53 4
801 52 9
802 21 2
803 57 2
804 21 3
805 22 7
806 53 8
807 52 10
808 53 10
809 21 11
810 51 2
811 52 6
812 55 4
813 53 3
814 20 12
815 54 9
816 53 13
817 55 3
818 20 4
819 57 1
820 53 6
821 52 14
822 21 8
823 54 10
824 21 12
825 55 9
826 53 5
827 57 11
828 22 12
829 54 2
830 21 1
831 54 11
832 57 7
833 17 10
834 56 1
835 58 11
836 56 7
837 20 7
838 56 10
839 18 7
840 55 8
841 56 3
842 52 11
843 57 8
844 56 6
845 58 2
846 56 14
847 55 12
848 54 12
849 19 7
850 20 13
851 55 11
852 17 3
853 19 2
854 54 5
855 19 9
856 54 8
857 55 6
858 60 11
859 61 14
860 12 12
861 56 9
862 54 7
863 18 9
864 18 10
865 18 14
866 56 8
867 54 13
868 58 0
869 56 4
870 57 3
871 58 3
872 61 2
873 62 2
874 11 9
875 17 1
876 55 5
877 57 4
878 58 4
879 14 4
880 56 5
881 58 5
882 59 4
883 57 9
884 55 13
885 56 13
886 55 7
887 58 6
888 59 5
889 60 7
890 56 12
891 17 13
892 15 9
893 59 7
894 17 12
895 59 2
896 14 14
897 61 0
898 16 9
899 13 3
900 59 11
901 58 10
902 16 0
903 14 6
904 62 4
905 16 5
906 17 7
907 59 8
908 14 10
909 62 9
910 61 11
911 63 0
912 57 5
913 59 14
914 61 10
915 59 1
916 59 3
917 61 8
918 59 6
919 61 12
920 63 11
921 62 6
922 13 8
923 65 1
924 12 4
925 13 4
926 58 12
927 63 5
928 64 1
929 64 2
930 62 7
931 63 10
932 12 6
933 65 7
934 66 6
935 58 8
936 60 12
937 13 12
938 63 3
939 61 13
940 62 8
941 13 13
942 10 1
943 10 0
944 67 2
945 61 5
946 58 9
947 60 1
948 61 7
949 64 8
950 62 11
951 63 4
952 64 3
953 63 14
954 9 14
955 61 9
956 12 11
957 11 5
958 9 7
959 65 2
960 64 4
961 68 0
962 62 3
963 65 10
964 67 1
965 11 8
966 9 13
967 66 5
968 65 0
969 64 14
970 8 5
971 67 3
972 68 2
973 6 0
974 70 0
975 71 0
976 62 0
977 72 0
978 61 1
979 10 6
980 63 13
981 64 6
982 9 6
983 64 7
984 66 12
985 65 12
986 69 10
987 3 1
988 64 11
989 63 12
990 65 4
991 67 10
992 69 5
993 67 7
994 73 0
995 62 1
996 63 8
997 65 11
998 67 4
999 71 6
1000 64 12
1001 10 4
1002 72 2
1003 74 11
1004 64 5
1005 10 13
1006 68 7
1007 74 12
1008 7 9
1009 68 13
1010 69 11
1011 71 8
1012 72 10
1013 73 11
1014 70 4
1015 66 13
1016 67 5
1017 1 1
1018 10 10
1019 74 13
1020 74 0
1021 6 6
1022 66 1
1023 68 6
1024 64 10
1025 66 0
1026 64 13
1027 67 9
1028 66 11
1029 66 9
1030 67 12
1031 69 3
1032 67 0
1033 65 9
1034 7 8
1035 7 11
1036 69 14
1037 71 2
1038 68 4
1039 72 13
1040 67 6
1041 69 12
1042 67 14
1043 69 0
1044 70 7
1045 70 14
1046 4 14
1047 70 5
1048 72 3
1049 65 6
1050 68 1
1051 6 9
1052 69 2
1053 1 2
1054 66 8
1055 69 8
1056 72 7
1057 70 2
1058 68 10
1059 73 14
1060 69 1
1061 71 7
1062 67 8
1063 72 8
1064 71 14
1065 5 9
1066 66 3
1067 71 3
1068 69 7
1069 69 9
1070 71 10
1071 3 3
1072 69 13
1073 68 9
1074 74 3
1075 68 5
1076 72 9
1077 68 3
1078 71 13
1079 2 0
1080 73 4
1081 68 11
1082 74 1
1083 73 12
1084 69 6
1085 72 4
1086 73 5
1087 74 2
1088 74 14
1089 3 9
1090 73 7
1091 73 8
1092 70 12
1093 73 10
1094 68 12
1095 71 4
