0 0 0
1 0 1
2 1 0
3 0 2
4 2 0
5 3 0
6 4 0
7 0 3
8 1 1
9 3 1
10 0 6
11 71 7
12 6 0
13 7 0
14 8 0
15 9 0
16 2 1
17 10 0
18 11 0
19 1 2
20 0 7
21 1 3
22 0 4
23 1 4
24 0 5
25 1 5
26 2 2
27 12 0
28 1 6
29 2 3
30 1 7
31 2 6
32 2 4
33 3 2
34 4 1
35 5 1
36 2 5
37 3 3
38 4 2
39 3 4
40 2 7
41 4 3
42 6 1
43 5 2
44 7 1
45 3 5
46 13 0
47 14 0
48 15 0
49 3 6
50 4 6
51 3 7
52 5 3
53 6 2
54 7 2
55 8 1
56 9 1
57 4 4
58 7 3
59 5 4
60 6 3
61 5 5
62 8 2
63 67 1
64 4 5
65 10 1
66 11 1
67 12 1
68 4 7
69 5 6
70 5 7
71 6 4
72 6 5
73 6 6
74 7 6
75 68 6
76 9 3
77 9 4
78 5 0
79 7 4
80 10 2
81 11 2
82 12 2
83 8 5
84 13 1
85 68 3
86 7 5
87 6 7
88 8 4
89 7 7
90 8 7
91 9 6
92 10 3
93 9 7
94 16 0
95 10 4
96 11 3
97 12 3
98 10 5
99 11 4
100 10 6
101 10 7
102 11 5
103 64 5
104 13 2
105 14 1
106 15 1
107 16 1
108 11 6
109 17 0
110 65 4
111 12 5
112 13 3
113 14 2
114 12 6
115 15 2
116 16 2
117 17 1
118 14 4
119 17 2
120 18 0
121 13 4
122 19 0
123 20 0
124 15 3
125 12 7
126 13 5
127 14 6
128 15 4
129 16 4
130 13 6
131 14 3
132 13 7
133 17 6
134 18 2
135 17 3
136 19 1
137 18 1
138 20 1
139 21 0
140 22 0
141 23 0
142 24 0
143 25 0
144 26 0
145 14 5
146 15 5
147 16 3
148 17 4
149 18 3
150 14 7
151 15 6
152 16 5
153 27 0
154 15 7
155 28 0
156 16 6
157 17 7
158 18 6
159 19 2
160 16 7
161 29 0
162 17 5
163 18 4
164 19 3
165 20 2
166 21 1
167 19 4
168 20 3
169 22 1
170 18 5
171 19 5
172 20 4
173 21 2
174 22 2
175 23 1
176 24 1
177 25 1
178 19 6
179 18 7
180 20 5
181 21 3
182 22 3
183 19 7
184 30 0
185 31 0
186 21 4
187 32 0
188 20 6
189 23 2
190 21 6
191 20 7
192 22 4
193 23 4
194 21 5
195 22 5
196 23 3
197 24 2
198 25 2
199 26 1
200 27 1
201 28 1
202 21 7
203 22 6
204 22 7
205 23 5
206 24 3
207 25 3
208 26 2
209 27 2
210 23 6
211 25 4
212 27 3
213 24 4
214 28 2
215 23 7
216 24 6
217 27 4
218 30 1
219 25 5
220 29 1
221 24 5
222 32 1
223 24 7
224 25 6
225 26 3
226 29 2
227 33 0
228 34 0
229 26 7
230 25 7
231 27 5
232 28 6
233 29 6
234 27 6
235 26 4
236 28 3
237 29 3
238 30 2
239 31 1
240 32 2
241 33 1
242 34 1
243 35 0
244 36 0
245 37 0
246 38 0
247 39 0
248 40 0
249 41 0
250 28 4
251 26 5
252 27 7
253 28 5
254 31 2
255 32 3
256 26 6
257 28 7
258 29 4
259 30 3
260 31 3
261 33 2
262 34 2
263 29 7
264 30 6
265 31 6
266 32 6
267 31 7
268 29 5
269 32 7
270 30 4
271 30 5
272 34 3
273 33 3
274 32 4
275 35 1
276 36 1
277 37 1
278 30 7
279 38 1
280 33 4
281 35 2
282 39 2
283 40 1
284 31 4
285 41 1
286 42 0
287 35 3
288 37 2
289 33 5
290 34 4
291 32 5
292 33 6
293 33 7
294 34 5
295 34 6
296 35 4
297 34 7
298 31 5
299 37 3
300 35 5
301 36 2
302 36 3
303 38 2
304 38 3
305 40 2
306 40 3
307 41 2
308 35 6
309 41 3
310 38 4
311 42 1
312 35 7
313 36 4
314 36 5
315 37 4
316 36 6
317 38 5
318 39 1
319 36 7
320 40 4
321 37 5
322 38 6
323 41 4
324 43 0
325 44 0
326 45 0
327 46 0
328 37 6
329 38 7
330 47 0
331 48 0
332 39 4
333 37 7
334 39 3
335 39 6
336 40 6
337 41 7
338 42 2
339 43 1
340 49 0
341 40 5
342 40 7
343 49 1
344 44 1
345 50 0
346 45 1
347 46 1
348 43 2
349 51 0
350 39 7
351 39 5
352 41 6
353 42 4
354 41 5
355 43 6
356 44 2
357 45 2
358 46 2
359 47 1
360 48 1
361 48 2
362 49 2
363 50 1
364 42 7
365 44 7
366 45 6
367 46 4
368 47 2
369 43 3
370 42 3
371 43 4
372 44 3
373 45 3
374 46 6
375 47 3
376 42 5
377 43 5
378 44 4
379 42 6
380 43 7
381 48 3
382 49 3
383 45 4
384 46 3
385 47 4
386 50 2
387 51 1
388 52 0
389 46 5
390 53 0
391 54 0
392 48 4
393 49 4
394 44 5
395 44 6
396 45 5
397 55 0
398 45 7
399 56 0
400 49 6
401 46 7
402 51 2
403 47 6
404 49 7
405 52 2
406 53 1
407 50 3
408 54 1
409 55 1
410 57 0
411 53 2
412 58 0
413 48 6
414 59 0
415 60 0
416 54 2
417 48 5
418 50 4
419 61 0
420 62 0
421 63 0
422 48 7
423 53 3
424 57 1
425 55 2
426 64 0
427 51 4
428 49 5
429 50 5
430 51 3
431 47 5
432 50 6
433 56 1
434 58 1
435 52 1
436 54 3
437 47 7
438 50 7
439 51 5
440 52 3
441 51 6
442 53 4
443 54 4
444 51 7
445 52 7
446 54 6
447 53 5
448 52 4
449 58 2
450 61 1
451 52 5
452 53 6
453 59 1
454 57 2
455 56 2
456 52 6
457 53 7
458 65 0
459 54 5
460 54 7
461 55 3
462 56 4
463 57 4
464 58 4
465 59 2
466 55 4
467 66 0
468 55 5
469 56 3
470 57 3
471 58 3
472 59 3
473 60 1
474 55 6
475 57 5
476 58 5
477 61 2
478 55 7
479 58 6
480 56 5
481 56 6
482 57 6
483 56 7
484 57 7
485 58 7
486 59 4
487 60 2
488 61 3
489 62 1
490 59 5
491 60 3
492 61 4
493 62 2
494 67 0
495 60 4
496 59 6
497 61 5
498 62 3
499 63 1
500 64 1
501 60 6
502 59 7
503 61 6
504 62 4
505 63 2
506 64 2
507 65 1
508 62 5
509 66 1
510 68 4
511 68 0
512 69 0
513 70 0
514 71 0
515 72 0
516 73 0
517 74 0
518 75 0
519 60 5
520 60 7
521 61 7
522 62 6
523 62 7
524 63 6
525 64 6
526 66 2
527 67 2
528 9 2
529 69 2
530 69 1
531 69 3
532 69 5
533 69 6
534 70 2
535 65 3
536 63 3
537 12 4
538 66 3
539 67 3
540 68 1
541 8 3
542 63 4
543 64 4
544 70 1
545 71 6
546 76 0
547 65 5
548 63 5
549 63 7
550 67 6
551 64 3
552 65 2
553 66 4
554 8 6
555 64 7
556 70 5
557 76 1
558 71 3
559 70 3
560 9 5
561 72 1
562 65 6
563 73 1
564 74 1
565 75 1
566 76 7
567 66 5
568 71 2
569 11 7
570 67 5
571 68 7
572 69 4
573 70 7
574 71 5
575 65 7
576 72 7
577 68 2
578 68 5
579 70 6
580 72 3
581 69 7
582 70 4
583 71 1
584 74 2
585 75 2
586 72 5
