0 1 0
1 1 1
2 0 2
3 87 0
4 2 0
5 85 0
6 84 0
7 0 3
8 3 0
9 0 4
10 87 6
11 5 0
12 6 0
13 81 0
14 8 0
15 2 2
16 9 0
17 10 0
18 85 5
19 87 2
20 2 3
21 88 5
22 87 3
23 3 2
24 1 6
25 85 2
26 84 1
27 87 4
28 2 5
29 86 5
30 86 6
31 5 1
32 2 1
33 85 1
34 4 2
35 85 6
36 4 3
37 3 5
38 5 2
39 6 1
40 7 1
41 8 1
42 9 1
43 85 3
44 84 4
45 5 3
46 84 2
47 5 4
48 6 2
49 7 2
50 8 2
51 9 2
52 10 1
53 4 6
54 5 5
55 6 3
56 7 3
57 8 3
58 6 6
59 82 3
60 9 3
61 10 2
62 11 0
63 7 4
64 82 5
65 7 5
66 8 4
67 11 1
68 12 0
69 8 5
70 9 4
71 12 1
72 13 0
73 10 3
74 14 0
75 82 4
76 7 6
77 8 6
78 9 5
79 9 6
80 10 4
81 10 5
82 11 2
83 12 2
84 10 6
85 11 3
86 12 3
87 13 1
88 14 1
89 15 0
90 16 0
91 17 0
92 18 0
93 11 4
94 11 5
95 12 4
96 11 6
97 13 2
98 14 2
99 12 5
100 12 6
101 13 3
102 13 4
103 14 3
104 13 5
105 13 6
106 15 1
107 16 1
108 14 4
109 17 1
110 14 5
111 15 2
112 16 2
113 17 2
114 14 6
115 18 1
116 19 0
117 20 0
118 15 3
119 16 3
120 17 3
121 18 2
122 19 1
123 16 4
124 17 4
125 15 4
126 20 1
127 15 5
128 16 5
129 15 6
130 16 6
131 17 5
132 17 6
133 18 3
134 19 2
135 20 2
136 21 0
137 18 4
138 18 5
139 19 3
140 22 0
141 18 6
142 19 4
143 23 0
144 24 0
145 25 0
146 26 0
147 20 3
148 27 0
149 28 0
150 29 0
151 30 0
152 22 1
153 31 0
154 32 0
155 19 5
156 19 6
157 20 4
158 21 1
159 22 2
160 23 1
161 24 1
162 25 1
163 23 2
164 20 5
165 21 2
166 20 6
167 21 3
168 22 3
169 23 3
170 24 2
171 21 4
172 26 1
173 25 2
174 27 1
175 22 4
176 22 5
177 22 6
178 21 5
179 21 6
180 23 4
181 24 3
182 25 3
183 26 2
184 23 5
185 24 4
186 25 4
187 26 3
188 25 5
189 27 2
190 24 5
191 23 6
192 24 6
193 25 6
194 26 4
195 27 3
196 28 1
197 33 0
198 28 2
199 34 0
200 26 5
201 27 4
202 28 3
203 29 1
204 28 4
205 30 1
206 26 6
207 27 5
208 28 5
209 29 2
210 30 2
211 31 1
212 32 1
213 33 1
214 34 1
215 35 0
216 29 3
217 27 6
218 29 4
219 28 6
220 30 3
221 31 2
222 32 2
223 33 2
224 30 4
225 29 5
226 32 3
227 29 6
228 30 5
229 30 6
230 34 2
231 35 1
232 36 0
233 33 3
234 37 0
235 31 3
236 34 3
237 33 4
238 35 2
239 36 1
240 31 4
241 37 1
242 31 5
243 32 4
244 31 6
245 32 5
246 33 5
247 34 4
248 35 3
249 36 2
250 37 2
251 33 6
252 32 6
253 34 5
254 35 4
255 35 5
256 36 3
257 38 0
258 39 0
259 40 0
260 41 0
261 42 0
262 43 0
263 44 0
264 45 0
265 46 0
266 47 0
267 34 6
268 35 6
269 36 4
270 38 1
271 39 1
272 40 1
273 37 3
274 37 4
275 39 2
276 36 5
277 40 2
278 41 1
279 38 2
280 36 6
281 37 5
282 38 3
283 39 3
284 37 6
285 38 4
286 39 4
287 40 3
288 41 2
289 39 5
290 42 1
291 40 4
292 40 5
293 38 5
294 39 6
295 43 1
296 44 1
297 45 1
298 44 2
299 46 1
300 45 2
301 38 6
302 47 1
303 43 2
304 48 0
305 49 0
306 40 6
307 41 3
308 41 4
309 44 3
310 42 2
311 44 4
312 42 3
313 49 1
314 41 5
315 42 4
316 45 3
317 41 6
318 42 5
319 42 6
320 45 4
321 46 2
322 48 1
323 43 3
324 47 2
325 46 3
326 48 2
327 49 2
328 50 0
329 46 4
330 49 3
331 43 4
332 49 4
333 43 5
334 47 3
335 43 6
336 44 5
337 45 5
338 46 5
339 47 4
340 44 6
341 45 6
342 48 3
343 46 6
344 49 5
345 50 1
346 47 5
347 48 4
348 47 6
349 48 5
350 49 6
351 50 2
352 50 3
353 51 0
354 51 1
355 52 0
356 50 4
357 48 6
358 50 5
359 53 0
360 54 0
361 53 1
362 55 0
363 56 0
364 57 0
365 58 0
366 59 0
367 60 0
368 61 0
369 52 1
370 62 0
371 63 0
372 64 0
373 50 6
374 51 2
375 52 2
376 51 3
377 53 2
378 52 3
379 54 1
380 55 1
381 56 1
382 57 1
383 58 1
384 52 4
385 59 1
386 51 4
387 60 1
388 59 2
389 51 5
390 52 5
391 53 3
392 54 2
393 55 2
394 53 4
395 51 6
396 52 6
397 53 5
398 54 3
399 55 3
400 56 2
401 53 6
402 54 4
403 54 5
404 57 2
405 58 2
406 59 3
407 56 3
408 55 4
409 60 2
410 61 1
411 62 1
412 63 1
413 54 6
414 64 1
415 65 0
416 66 0
417 56 4
418 57 3
419 58 3
420 59 4
421 55 5
422 55 6
423 56 5
424 57 4
425 57 5
426 56 6
427 58 4
428 59 5
429 61 2
430 62 2
431 57 6
432 60 3
433 63 2
434 58 5
435 58 6
436 59 6
437 64 2
438 60 4
439 65 1
440 60 5
441 60 6
442 61 3
443 61 4
444 66 1
445 63 3
446 61 5
447 67 0
448 62 3
449 65 2
450 64 3
451 61 6
452 68 0
453 69 0
454 70 0
455 62 4
456 67 1
457 63 4
458 62 5
459 63 5
460 62 6
461 63 6
462 64 4
463 65 3
464 66 2
465 67 2
466 64 5
467 65 4
468 68 1
469 71 0
470 72 0
471 67 3
472 64 6
473 65 5
474 72 1
475 71 1
476 67 4
477 65 6
478 66 3
479 66 4
480 66 5
481 66 6
482 67 5
483 68 2
484 69 1
485 70 1
486 71 2
487 72 2
488 67 6
489 68 3
490 70 2
491 71 3
492 69 2
493 68 4
494 68 5
495 72 3
496 73 0
497 69 3
498 70 3
499 74 0
500 68 6
501 69 4
502 72 4
503 69 5
504 70 4
505 71 4
506 69 6
507 70 5
508 73 1
509 70 6
510 71 5
511 72 5
512 74 1
513 72 6
514 75 0
515 73 2
516 71 6
517 76 0
518 74 2
519 77 0
520 75 1
521 77 1
522 73 3
523 76 1
524 78 0
525 79 0
526 80 0
527 80 1
528 73 4
529 73 5
530 73 6
531 74 3
532 75 2
533 76 2
534 77 2
535 78 1
536 79 1
537 79 2
538 79 3
539 79 4
540 79 5
541 76 3
542 74 4
543 75 3
544 77 3
545 78 2
546 79 6
547 80 2
548 82 0
549 78 3
550 81 1
551 81 2
552 81 3
553 76 4
554 77 4
555 74 5
556 76 5
557 75 4
558 78 4
559 78 5
560 80 3
561 81 4
562 6 5
563 81 5
564 83 0
565 85 4
566 3 6
567 86 0
568 74 6
569 76 6
570 75 5
571 77 5
572 78 6
573 80 4
574 77 6
575 81 6
576 83 1
577 82 1
578 4 0
579 3 1
580 87 1
581 75 6
582 80 5
583 1 2
584 80 6
585 88 0
586 82 2
587 83 3
588 6 4
589 83 2
590 4 1
591 83 5
592 84 6
593 82 6
594 86 3
595 83 4
596 5 6
597 84 3
598 3 3
599 83 6
600 86 4
601 4 5
602 84 5
603 4 4
604 3 4
605 87 5
606 88 1
