0 0 0
1 0 1
2 1 0
3 0 2
4 1 1
5 0 3
6 23 47
7 3 0
8 0 4
9 0 5
10 0 6
11 1 2
12 2 1
13 2 2
14 2 3
15 3 1
16 3 2
17 3 3
18 4 0
19 1 3
20 3 4
21 4 1
22 5 0
23 2 4
24 24 4
25 0 7
26 3 5
27 1 5
28 23 5
29 0 8
30 4 2
31 1 6
32 4 3
33 0 9
34 5 1
35 6 0
36 0 10
37 0 11
38 0 12
39 0 13
40 24 30
41 2 6
42 22 31
43 4 4
44 0 14
45 4 5
46 0 15
47 22 12
48 5 2
49 5 3
50 0 16
51 1 8
52 2 7
53 4 6
54 0 17
55 0 18
56 3 8
57 6 1
58 5 4
59 2 8
60 4 7
61 5 5
62 2 9
63 6 2
64 0 19
65 7 0
66 3 9
67 0 20
68 2 10
69 0 21
70 1 9
71 24 31
72 18 28
73 8 0
74 2 11
75 0 22
76 3 10
77 0 23
78 24 8
79 3 11
80 2 12
81 7 2
82 0 24
83 4 8
84 5 6
85 2 13
86 6 3
87 3 12
88 22 32
89 8 1
90 6 4
91 0 25
92 0 26
93 0 27
94 1 12
95 6 5
96 0 28
97 24 21
98 4 9
99 5 7
100 0 29
101 2 14
102 4 10
103 18 34
104 9 0
105 22 14
106 0 30
107 18 20
108 0 31
109 4 11
110 0 32
111 1 14
112 1 15
113 4 12
114 5 8
115 9 1
116 1 16
117 2 15
118 5 9
119 8 2
120 4 13
121 0 33
122 0 34
123 1 17
124 0 35
125 0 36
126 0 37
127 1 18
128 23 16
129 0 38
130 1 19
131 3 15
132 0 39
133 1 20
134 0 40
135 1 21
136 5 10
137 23 38
138 5 11
139 3 16
140 2 18
141 0 41
142 1 22
143 0 42
144 23 34
145 1 23
146 22 30
147 0 43
148 1 24
149 2 20
150 22 18
151 0 44
152 1 25
153 0 45
154 1 26
155 0 46
156 2 21
157 0 47
158 0 48
159 1 27
160 2 22
161 3 19
162 21 14
163 5 12
164 6 6
165 7 5
166 1 28
167 3 20
168 2 23
169 5 13
170 6 7
171 7 6
172 17 35
173 1 29
174 2 24
175 3 21
176 2 25
177 4 15
178 1 30
179 1 31
180 6 8
181 1 32
182 3 22
183 4 16
184 1 33
185 23 26
186 3 23
187 1 34
188 23 27
189 3 24
190 4 17
191 4 18
192 1 35
193 21 19
194 3 25
195 5 14
196 6 9
197 9 2
198 20 15
199 4 20
200 3 26
201 1 36
202 2 28
203 1 37
204 1 38
205 2 29
206 2 30
207 2 31
208 1 39
209 1 40
210 1 41
211 1 42
212 1 43
213 1 44
214 2 32
215 5 16
216 4 21
217 5 17
218 6 10
219 23 33
220 1 45
221 3 27
222 1 46
223 3 28
224 2 34
225 1 47
226 2 35
227 1 48
228 3 29
229 2 36
230 3 30
231 2 37
232 21 22
233 2 38
234 2 39
235 3 31
236 5 18
237 2 40
238 5 19
239 2 41
240 2 42
241 2 43
242 4 23
243 3 32
244 20 20
245 2 44
246 2 45
247 4 24
248 6 11
249 22 33
250 2 46
251 2 47
252 7 7
253 4 25
254 7 8
255 6 12
256 4 26
257 20 21
258 3 34
259 2 48
260 3 35
261 6 13
262 4 27
263 4 28
264 7 9
265 20 46
266 3 36
267 4 29
268 6 14
269 4 30
270 17 30
271 3 37
272 9 3
273 3 38
274 7 10
275 17 26
276 3 39
277 3 40
278 21 31
279 3 41
280 4 32
281 5 23
282 10 0
283 3 42
284 4 33
285 3 43
286 5 24
287 3 44
288 4 34
289 20 25
290 3 45
291 3 46
292 21 35
293 5 26
294 3 47
295 6 15
296 4 36
297 19 16
298 3 48
299 8 6
300 6 17
301 7 11
302 4 37
303 4 38
304 4 39
305 4 40
306 5 27
307 4 41
308 4 42
309 20 28
310 6 18
311 7 12
312 19 19
313 4 43
314 5 29
315 4 44
316 4 45
317 6 20
318 5 30
319 7 13
320 4 46
321 5 31
322 6 21
323 4 47
324 5 32
325 18 33
326 4 48
327 8 7
328 5 33
329 6 22
330 5 34
331 18 46
332 5 35
333 5 36
334 5 37
335 6 23
336 7 16
337 5 38
338 6 24
339 5 39
340 5 40
341 6 25
342 8 8
343 5 41
344 5 42
345 6 26
346 5 43
347 6 27
348 7 17
349 8 9
350 5 44
351 18 18
352 16 47
353 18 24
354 5 45
355 6 28
356 8 10
357 9 5
358 10 1
359 6 29
360 10 2
361 9 6
362 5 46
363 6 30
364 8 11
365 5 47
366 5 48
367 6 31
368 10 3
369 7 20
370 16 29
371 8 12
372 10 4
373 8 13
374 6 32
375 10 5
376 11 0
377 6 33
378 7 21
379 8 14
380 18 22
381 6 34
382 8 15
383 11 1
384 12 0
385 13 0
386 6 35
387 10 6
388 16 46
389 6 36
390 18 23
391 8 16
392 6 37
393 11 2
394 10 7
395 6 38
396 7 24
397 17 22
398 9 9
399 10 8
400 11 3
401 12 1
402 11 4
403 12 2
404 6 39
405 6 40
406 16 28
407 8 18
408 6 41
409 18 25
410 8 19
411 9 11
412 10 9
413 11 5
414 12 3
415 6 42
416 8 20
417 16 42
418 8 21
419 18 26
420 10 10
421 6 43
422 7 27
423 8 22
424 6 44
425 10 11
426 7 28
427 8 23
428 11 6
429 8 24
430 13 1
431 9 13
432 6 45
433 13 2
434 6 46
435 7 29
436 18 30
437 6 47
438 7 31
439 8 25
440 6 48
441 18 32
442 9 14
443 7 33
444 10 12
445 9 15
446 8 26
447 11 7
448 10 13
449 11 8
450 12 4
451 7 34
452 8 27
453 9 16
454 7 35
455 8 28
456 10 14
457 11 9
458 8 29
459 10 15
460 11 10
461 13 3
462 8 30
463 14 0
464 15 0
465 12 5
466 13 4
467 14 1
468 15 1
469 16 0
470 17 0
471 18 0
472 19 0
473 17 1
474 20 0
475 7 36
476 8 31
477 12 6
478 16 1
479 7 37
480 10 16
481 21 0
482 22 0
483 7 38
484 10 17
485 7 39
486 7 40
487 8 32
488 7 41
489 7 42
490 7 43
491 7 44
492 8 33
493 9 17
494 8 34
495 9 18
496 11 11
497 7 45
498 7 46
499 12 7
500 8 35
501 7 47
502 7 48
503 8 36
504 8 37
505 9 19
506 10 18
507 11 12
508 12 8
509 8 38
510 13 5
511 8 39
512 8 40
513 9 20
514 10 19
515 8 41
516 8 42
517 8 43
518 8 44
519 9 21
520 8 45
521 8 46
522 8 47
523 9 22
524 9 23
525 10 20
526 8 48
527 12 9
528 9 24
529 10 21
530 11 13
531 12 10
532 10 22
533 9 25
534 10 23
535 10 24
536 11 14
537 12 11
538 9 26
539 13 6
540 10 25
541 10 26
542 12 12
543 11 15
544 9 27
545 11 16
546 13 7
547 10 27
548 13 8
549 11 17
550 13 9
551 11 18
552 12 13
553 13 10
554 10 28
555 10 29
556 14 2
557 11 19
558 9 28
559 13 11
560 15 2
561 12 14
562 12 15
563 10 30
564 14 3
565 10 31
566 10 32
567 11 20
568 9 29
569 9 30
570 11 21
571 11 22
572 13 12
573 14 4
574 10 33
575 15 3
576 10 34
577 12 16
578 16 2
579 17 2
580 11 23
581 9 31
582 14 5
583 10 35
584 9 32
585 9 33
586 9 34
587 9 35
588 9 36
589 10 36
590 9 37
591 10 37
592 10 38
593 9 38
594 9 39
595 9 40
596 10 39
597 11 24
598 9 41
599 10 40
600 11 25
601 12 17
602 13 13
603 9 42
604 11 26
605 9 43
606 9 44
607 10 41
608 10 42
609 11 27
610 9 45
611 9 46
612 9 47
613 14 6
614 12 18
615 9 48
616 10 43
617 10 44
618 10 45
619 10 46
620 16 3
621 11 28
622 15 4
623 13 14
624 11 29
625 10 47
626 16 4
627 18 1
628 10 48
629 17 3
630 12 19
631 11 30
632 14 7
633 11 31
634 12 20
635 13 15
636 19 1
637 11 32
638 16 5
639 20 1
640 11 33
641 12 21
642 11 34
643 11 35
644 12 22
645 11 36
646 21 1
647 11 37
648 11 38
649 13 16
650 13 17
651 12 23
652 14 8
653 12 24
654 13 18
655 11 39
656 12 25
657 11 40
658 13 19
659 13 20
660 15 5
661 11 41
662 14 9
663 16 6
664 12 26
665 17 4
666 12 27
667 11 42
668 11 43
669 13 21
670 11 44
671 12 28
672 14 10
673 12 29
674 11 45
675 11 46
676 12 30
677 11 47
678 12 31
679 13 22
680 14 11
681 16 7
682 11 48
683 13 23
684 12 32
685 14 12
686 15 6
687 12 33
688 13 24
689 12 34
690 13 25
691 12 35
692 12 36
693 13 26
694 14 13
695 12 37
696 15 7
697 16 8
698 12 38
699 13 27
700 14 14
701 15 8
702 9 7
703 12 39
704 12 40
705 13 28
706 13 29
707 12 41
708 14 15
709 13 30
710 12 42
711 13 31
712 12 43
713 14 16
714 15 9
715 12 44
716 14 17
717 14 18
718 13 32
719 12 45
720 14 19
721 17 5
722 13 33
723 14 20
724 16 10
725 18 2
726 15 10
727 15 11
728 14 21
729 17 6
730 17 7
731 14 22
732 15 12
733 7 3
734 12 46
735 13 34
736 7 4
737 14 23
738 12 47
739 16 11
740 19 2
741 15 13
742 19 3
743 14 24
744 15 14
745 17 8
746 16 12
747 12 48
748 20 2
749 13 35
750 13 36
751 13 37
752 18 5
753 13 38
754 14 25
755 20 3
756 13 39
757 13 40
758 14 26
759 17 9
760 14 27
761 15 15
762 13 41
763 14 28
764 15 16
765 16 13
766 18 6
767 17 10
768 18 7
769 13 42
770 19 4
771 20 4
772 13 43
773 21 2
774 14 29
775 13 44
776 14 30
777 16 14
778 18 8
779 15 17
780 17 11
781 23 0
782 22 1
783 17 12
784 19 5
785 24 0
786 21 3
787 25 0
788 13 45
789 13 46
790 14 31
791 15 18
792 16 15
793 13 47
794 13 48
795 14 32
796 14 33
797 14 34
798 15 19
799 14 35
800 16 16
801 15 20
802 17 13
803 17 14
804 18 9
805 15 21
806 17 15
807 14 36
808 15 22
809 18 10
810 19 6
811 20 5
812 16 17
813 21 4
814 14 37
815 14 38
816 17 16
817 15 23
818 16 18
819 22 2
820 15 24
821 16 19
822 17 17
823 14 39
824 14 40
825 14 41
826 15 25
827 14 42
828 14 43
829 15 26
830 14 44
831 15 27
832 16 20
833 14 45
834 18 11
835 14 46
836 16 21
837 18 12
838 19 7
839 17 18
840 14 47
841 14 48
842 20 6
843 15 28
844 16 22
845 21 5
846 22 3
847 15 29
848 15 30
849 20 7
850 21 6
851 17 19
852 15 31
853 17 20
854 15 32
855 9 12
856 15 33
857 16 24
858 19 8
859 23 1
860 5 21
861 18 13
862 16 25
863 15 34
864 19 9
865 21 7
866 18 14
867 20 9
868 24 1
869 21 8
